{"C:\\Users\\jinhy\\Desktop\\DFO-stats\\src\\controllers\\avatarController.js": {"path":"C:\\Users\\jinhy\\Desktop\\DFO-stats\\src\\controllers\\avatarController.js","statementMap":{"0":{"start":{"line":1,"column":14},"end":{"line":1,"column":30}},"1":{"start":{"line":2,"column":15},"end":{"line":2,"column":38}},"2":{"start":{"line":3,"column":15},"end":{"line":3,"column":38}},"3":{"start":{"line":5,"column":0},"end":{"line":117,"column":2}},"4":{"start":{"line":6,"column":43},"end":{"line":6,"column":53}},"5":{"start":{"line":7,"column":4},"end":{"line":116,"column":5}},"6":{"start":{"line":9,"column":37},"end":{"line":13,"column":7}},"7":{"start":{"line":14,"column":25},"end":{"line":14,"column":95}},"8":{"start":{"line":16,"column":8},"end":{"line":18,"column":9}},"9":{"start":{"line":17,"column":12},"end":{"line":17,"column":104}},"10":{"start":{"line":20,"column":8},"end":{"line":108,"column":9}},"11":{"start":{"line":21,"column":32},"end":{"line":21,"column":48}},"12":{"start":{"line":22,"column":30},"end":{"line":22,"column":136}},"13":{"start":{"line":24,"column":12},"end":{"line":29,"column":13}},"14":{"start":{"line":25,"column":16},"end":{"line":25,"column":60}},"15":{"start":{"line":27,"column":16},"end":{"line":27,"column":90}},"16":{"start":{"line":28,"column":16},"end":{"line":28,"column":25}},"17":{"start":{"line":31,"column":31},"end":{"line":31,"column":50}},"18":{"start":{"line":32,"column":12},"end":{"line":35,"column":13}},"19":{"start":{"line":33,"column":16},"end":{"line":33,"column":81}},"20":{"start":{"line":34,"column":16},"end":{"line":34,"column":25}},"21":{"start":{"line":37,"column":12},"end":{"line":107,"column":13}},"22":{"start":{"line":38,"column":31},"end":{"line":38,"column":44}},"23":{"start":{"line":39,"column":33},"end":{"line":39,"column":48}},"24":{"start":{"line":40,"column":31},"end":{"line":40,"column":44}},"25":{"start":{"line":41,"column":33},"end":{"line":41,"column":48}},"26":{"start":{"line":42,"column":35},"end":{"line":42,"column":52}},"27":{"start":{"line":43,"column":38},"end":{"line":43,"column":58}},"28":{"start":{"line":46,"column":42},"end":{"line":59,"column":11}},"29":{"start":{"line":61,"column":16},"end":{"line":68,"column":17}},"30":{"start":{"line":62,"column":20},"end":{"line":64,"column":23}},"31":{"start":{"line":66,"column":20},"end":{"line":66,"column":112}},"32":{"start":{"line":67,"column":20},"end":{"line":67,"column":29}},"33":{"start":{"line":70,"column":39},"end":{"line":70,"column":68}},"34":{"start":{"line":73,"column":43},"end":{"line":76,"column":11}},"35":{"start":{"line":77,"column":16},"end":{"line":81,"column":17}},"36":{"start":{"line":78,"column":20},"end":{"line":78,"column":77}},"37":{"start":{"line":80,"column":20},"end":{"line":80,"column":112}},"38":{"start":{"line":84,"column":16},"end":{"line":106,"column":17}},"39":{"start":{"line":85,"column":20},"end":{"line":105,"column":21}},"40":{"start":{"line":86,"column":45},"end":{"line":86,"column":58}},"41":{"start":{"line":87,"column":48},"end":{"line":87,"column":64}},"42":{"start":{"line":88,"column":45},"end":{"line":88,"column":58}},"43":{"start":{"line":89,"column":47},"end":{"line":89,"column":62}},"44":{"start":{"line":90,"column":49},"end":{"line":90,"column":66}},"45":{"start":{"line":92,"column":50},"end":{"line":97,"column":15}},"46":{"start":{"line":98,"column":24},"end":{"line":104,"column":25}},"47":{"start":{"line":99,"column":28},"end":{"line":101,"column":31}},"48":{"start":{"line":103,"column":28},"end":{"line":103,"column":120}},"49":{"start":{"line":110,"column":8},"end":{"line":112,"column":11}},"50":{"start":{"line":114,"column":8},"end":{"line":114,"column":62}},"51":{"start":{"line":115,"column":8},"end":{"line":115,"column":65}},"52":{"start":{"line":119,"column":0},"end":{"line":249,"column":4}},"53":{"start":{"line":120,"column":33},"end":{"line":120,"column":43}},"54":{"start":{"line":121,"column":25},"end":{"line":124,"column":5}},"55":{"start":{"line":126,"column":4},"end":{"line":248,"column":5}},"56":{"start":{"line":128,"column":26},"end":{"line":150,"column":7}},"57":{"start":{"line":151,"column":27},"end":{"line":151,"column":78}},"58":{"start":{"line":154,"column":23},"end":{"line":168,"column":7}},"59":{"start":{"line":169,"column":24},"end":{"line":169,"column":72}},"60":{"start":{"line":172,"column":26},"end":{"line":203,"column":7}},"61":{"start":{"line":204,"column":27},"end":{"line":204,"column":78}},"62":{"start":{"line":207,"column":24},"end":{"line":207,"column":65}},"63":{"start":{"line":208,"column":32},"end":{"line":208,"column":34}},"64":{"start":{"line":210,"column":6},"end":{"line":220,"column":9}},"65":{"start":{"line":211,"column":21},"end":{"line":211,"column":32}},"66":{"start":{"line":212,"column":8},"end":{"line":212,"column":67}},"67":{"start":{"line":212,"column":38},"end":{"line":212,"column":67}},"68":{"start":{"line":213,"column":8},"end":{"line":219,"column":11}},"69":{"start":{"line":223,"column":6},"end":{"line":226,"column":9}},"70":{"start":{"line":224,"column":8},"end":{"line":224,"column":67}},"71":{"start":{"line":224,"column":38},"end":{"line":224,"column":67}},"72":{"start":{"line":225,"column":8},"end":{"line":225,"column":71}},"73":{"start":{"line":229,"column":33},"end":{"line":229,"column":35}},"74":{"start":{"line":230,"column":6},"end":{"line":239,"column":9}},"75":{"start":{"line":231,"column":22},"end":{"line":231,"column":50}},"76":{"start":{"line":232,"column":8},"end":{"line":232,"column":71}},"77":{"start":{"line":232,"column":40},"end":{"line":232,"column":71}},"78":{"start":{"line":233,"column":8},"end":{"line":238,"column":11}},"79":{"start":{"line":240,"column":6},"end":{"line":242,"column":9}},"80":{"start":{"line":241,"column":8},"end":{"line":241,"column":75}},"81":{"start":{"line":244,"column":6},"end":{"line":244,"column":58}},"82":{"start":{"line":246,"column":6},"end":{"line":246,"column":57}},"83":{"start":{"line":247,"column":6},"end":{"line":247,"column":63}}},"fnMap":{"0":{"name":"(anonymous_0)","decl":{"start":{"line":5,"column":20},"end":{"line":5,"column":21}},"loc":{"start":{"line":5,"column":40},"end":{"line":117,"column":1}},"line":5},"1":{"name":"(anonymous_1)","decl":{"start":{"line":119,"column":25},"end":{"line":119,"column":26}},"loc":{"start":{"line":119,"column":45},"end":{"line":249,"column":3}},"line":119},"2":{"name":"(anonymous_2)","decl":{"start":{"line":210,"column":24},"end":{"line":210,"column":25}},"loc":{"start":{"line":210,"column":31},"end":{"line":220,"column":7}},"line":210},"3":{"name":"(anonymous_3)","decl":{"start":{"line":223,"column":27},"end":{"line":223,"column":28}},"loc":{"start":{"line":223,"column":35},"end":{"line":226,"column":7}},"line":223},"4":{"name":"(anonymous_4)","decl":{"start":{"line":230,"column":32},"end":{"line":230,"column":33}},"loc":{"start":{"line":230,"column":39},"end":{"line":239,"column":7}},"line":230},"5":{"name":"(anonymous_5)","decl":{"start":{"line":240,"column":46},"end":{"line":240,"column":47}},"loc":{"start":{"line":240,"column":55},"end":{"line":242,"column":7}},"line":240}},"branchMap":{"0":{"loc":{"start":{"line":16,"column":8},"end":{"line":18,"column":9}},"type":"if","locations":[{"start":{"line":16,"column":8},"end":{"line":18,"column":9}},{"start":{},"end":{}}],"line":16},"1":{"loc":{"start":{"line":32,"column":12},"end":{"line":35,"column":13}},"type":"if","locations":[{"start":{"line":32,"column":12},"end":{"line":35,"column":13}},{"start":{},"end":{}}],"line":32},"2":{"loc":{"start":{"line":32,"column":16},"end":{"line":32,"column":49}},"type":"binary-expr","locations":[{"start":{"line":32,"column":16},"end":{"line":32,"column":27}},{"start":{"line":32,"column":31},"end":{"line":32,"column":49}}],"line":32},"3":{"loc":{"start":{"line":84,"column":16},"end":{"line":106,"column":17}},"type":"if","locations":[{"start":{"line":84,"column":16},"end":{"line":106,"column":17}},{"start":{},"end":{}}],"line":84},"4":{"loc":{"start":{"line":84,"column":20},"end":{"line":84,"column":67}},"type":"binary-expr","locations":[{"start":{"line":84,"column":20},"end":{"line":84,"column":34}},{"start":{"line":84,"column":38},"end":{"line":84,"column":67}}],"line":84},"5":{"loc":{"start":{"line":212,"column":8},"end":{"line":212,"column":67}},"type":"if","locations":[{"start":{"line":212,"column":8},"end":{"line":212,"column":67}},{"start":{},"end":{}}],"line":212},"6":{"loc":{"start":{"line":224,"column":8},"end":{"line":224,"column":67}},"type":"if","locations":[{"start":{"line":224,"column":8},"end":{"line":224,"column":67}},{"start":{},"end":{}}],"line":224},"7":{"loc":{"start":{"line":232,"column":8},"end":{"line":232,"column":71}},"type":"if","locations":[{"start":{"line":232,"column":8},"end":{"line":232,"column":71}},{"start":{},"end":{}}],"line":232}},"s":{"0":1,"1":1,"2":1,"3":1,"4":3,"5":3,"6":3,"7":3,"8":3,"9":1,"10":2,"11":2,"12":2,"13":2,"14":2,"15":0,"16":0,"17":2,"18":2,"19":1,"20":1,"21":1,"22":1,"23":1,"24":1,"25":1,"26":1,"27":1,"28":1,"29":1,"30":1,"31":0,"32":0,"33":1,"34":1,"35":1,"36":1,"37":0,"38":1,"39":1,"40":1,"41":1,"42":1,"43":1,"44":1,"45":1,"46":1,"47":1,"48":0,"49":2,"50":0,"51":0,"52":1,"53":2,"54":2,"55":2,"56":2,"57":2,"58":1,"59":1,"60":1,"61":1,"62":1,"63":1,"64":1,"65":2,"66":2,"67":2,"68":2,"69":1,"70":11,"71":9,"72":11,"73":1,"74":1,"75":1,"76":1,"77":1,"78":1,"79":1,"80":1,"81":1,"82":1,"83":1},"f":{"0":3,"1":2,"2":2,"3":11,"4":1,"5":1},"b":{"0":[1,2],"1":[1,1],"2":[2,2],"3":[1,0],"4":[1,1],"5":[2,0],"6":[9,2],"7":[1,0]},"_coverageSchema":"1a1c01bbd47fc00a2c39e90264f33305004495a9","hash":"5ddd2e7d8893be0ed60e5caee235cb95c20d5003"}
,"C:\\Users\\jinhy\\Desktop\\DFO-stats\\src\\controllers\\characterController.js": {"path":"C:\\Users\\jinhy\\Desktop\\DFO-stats\\src\\controllers\\characterController.js","statementMap":{"0":{"start":{"line":2,"column":14},"end":{"line":2,"column":30}},"1":{"start":{"line":3,"column":15},"end":{"line":3,"column":38}},"2":{"start":{"line":4,"column":15},"end":{"line":4,"column":38}},"3":{"start":{"line":6,"column":0},"end":{"line":87,"column":2}},"4":{"start":{"line":7,"column":43},"end":{"line":7,"column":53}},"5":{"start":{"line":10,"column":26},"end":{"line":11,"column":73}},"6":{"start":{"line":13,"column":4},"end":{"line":19,"column":5}},"7":{"start":{"line":14,"column":32},"end":{"line":14,"column":62}},"8":{"start":{"line":15,"column":8},"end":{"line":15,"column":55}},"9":{"start":{"line":17,"column":8},"end":{"line":17,"column":71}},"10":{"start":{"line":18,"column":8},"end":{"line":18,"column":79}},"11":{"start":{"line":22,"column":24},"end":{"line":22,"column":27}},"12":{"start":{"line":23,"column":34},"end":{"line":23,"column":36}},"13":{"start":{"line":24,"column":26},"end":{"line":24,"column":28}},"14":{"start":{"line":27,"column":4},"end":{"line":53,"column":5}},"15":{"start":{"line":28,"column":31},"end":{"line":28,"column":52}},"16":{"start":{"line":29,"column":20},"end":{"line":31,"column":79}},"17":{"start":{"line":33,"column":8},"end":{"line":52,"column":9}},"18":{"start":{"line":34,"column":29},"end":{"line":34,"column":49}},"19":{"start":{"line":35,"column":25},"end":{"line":35,"column":43}},"20":{"start":{"line":37,"column":12},"end":{"line":42,"column":15}},"21":{"start":{"line":38,"column":16},"end":{"line":41,"column":17}},"22":{"start":{"line":39,"column":20},"end":{"line":39,"column":66}},"23":{"start":{"line":40,"column":20},"end":{"line":40,"column":46}},"24":{"start":{"line":44,"column":12},"end":{"line":44,"column":44}},"25":{"start":{"line":46,"column":12},"end":{"line":48,"column":13}},"26":{"start":{"line":47,"column":16},"end":{"line":47,"column":133}},"27":{"start":{"line":50,"column":12},"end":{"line":50,"column":73}},"28":{"start":{"line":51,"column":12},"end":{"line":51,"column":85}},"29":{"start":{"line":55,"column":4},"end":{"line":55,"column":76}},"30":{"start":{"line":56,"column":4},"end":{"line":56,"column":60}},"31":{"start":{"line":59,"column":4},"end":{"line":84,"column":5}},"32":{"start":{"line":60,"column":8},"end":{"line":60,"column":36}},"33":{"start":{"line":63,"column":28},"end":{"line":66,"column":9}},"34":{"start":{"line":67,"column":8},"end":{"line":67,"column":70}},"35":{"start":{"line":70,"column":28},"end":{"line":74,"column":9}},"36":{"start":{"line":75,"column":8},"end":{"line":77,"column":9}},"37":{"start":{"line":76,"column":12},"end":{"line":76,"column":103}},"38":{"start":{"line":79,"column":8},"end":{"line":79,"column":37}},"39":{"start":{"line":81,"column":8},"end":{"line":81,"column":39}},"40":{"start":{"line":82,"column":8},"end":{"line":82,"column":72}},"41":{"start":{"line":83,"column":8},"end":{"line":83,"column":81}},"42":{"start":{"line":86,"column":4},"end":{"line":86,"column":90}}},"fnMap":{"0":{"name":"(anonymous_0)","decl":{"start":{"line":6,"column":23},"end":{"line":6,"column":24}},"loc":{"start":{"line":6,"column":43},"end":{"line":87,"column":1}},"line":6},"1":{"name":"(anonymous_1)","decl":{"start":{"line":37,"column":25},"end":{"line":37,"column":26}},"loc":{"start":{"line":37,"column":32},"end":{"line":42,"column":13}},"line":37}},"branchMap":{"0":{"loc":{"start":{"line":27,"column":11},"end":{"line":27,"column":77}},"type":"binary-expr","locations":[{"start":{"line":27,"column":11},"end":{"line":27,"column":55}},{"start":{"line":27,"column":59},"end":{"line":27,"column":77}}],"line":27},"1":{"loc":{"start":{"line":38,"column":16},"end":{"line":41,"column":17}},"type":"if","locations":[{"start":{"line":38,"column":16},"end":{"line":41,"column":17}},{"start":{},"end":{}}],"line":38},"2":{"loc":{"start":{"line":46,"column":12},"end":{"line":48,"column":13}},"type":"if","locations":[{"start":{"line":46,"column":12},"end":{"line":48,"column":13}},{"start":{},"end":{}}],"line":46}},"s":{"0":1,"1":1,"2":1,"3":1,"4":4,"5":4,"6":4,"7":4,"8":3,"9":1,"10":1,"11":3,"12":3,"13":3,"14":3,"15":3,"16":3,"17":3,"18":3,"19":2,"20":2,"21":3,"22":3,"23":3,"24":2,"25":2,"26":0,"27":1,"28":1,"29":2,"30":2,"31":2,"32":2,"33":2,"34":2,"35":2,"36":2,"37":3,"38":1,"39":1,"40":1,"41":1,"42":1},"f":{"0":4,"1":3},"b":{"0":[5,5],"1":[3,0],"2":[0,2]},"_coverageSchema":"1a1c01bbd47fc00a2c39e90264f33305004495a9","hash":"40ed419d0fdb4d2c4bea45a46f5b195c05d966a5"}
,"C:\\Users\\jinhy\\Desktop\\DFO-stats\\src\\controllers\\creatureController.js": {"path":"C:\\Users\\jinhy\\Desktop\\DFO-stats\\src\\controllers\\creatureController.js","statementMap":{"0":{"start":{"line":2,"column":14},"end":{"line":2,"column":30}},"1":{"start":{"line":3,"column":15},"end":{"line":3,"column":38}},"2":{"start":{"line":4,"column":15},"end":{"line":4,"column":38}},"3":{"start":{"line":6,"column":0},"end":{"line":107,"column":2}},"4":{"start":{"line":7,"column":41},"end":{"line":7,"column":51}},"5":{"start":{"line":8,"column":2},"end":{"line":106,"column":3}},"6":{"start":{"line":10,"column":33},"end":{"line":14,"column":5}},"7":{"start":{"line":15,"column":21},"end":{"line":15,"column":91}},"8":{"start":{"line":17,"column":4},"end":{"line":19,"column":5}},"9":{"start":{"line":18,"column":6},"end":{"line":18,"column":98}},"10":{"start":{"line":22,"column":4},"end":{"line":98,"column":5}},"11":{"start":{"line":23,"column":26},"end":{"line":23,"column":42}},"12":{"start":{"line":24,"column":26},"end":{"line":24,"column":134}},"13":{"start":{"line":26,"column":6},"end":{"line":31,"column":7}},"14":{"start":{"line":27,"column":8},"end":{"line":27,"column":56}},"15":{"start":{"line":29,"column":8},"end":{"line":29,"column":89}},"16":{"start":{"line":30,"column":8},"end":{"line":30,"column":17}},"17":{"start":{"line":33,"column":27},"end":{"line":33,"column":48}},"18":{"start":{"line":34,"column":6},"end":{"line":37,"column":7}},"19":{"start":{"line":35,"column":8},"end":{"line":35,"column":75}},"20":{"start":{"line":36,"column":8},"end":{"line":36,"column":17}},"21":{"start":{"line":40,"column":29},"end":{"line":40,"column":57}},"22":{"start":{"line":41,"column":31},"end":{"line":41,"column":61}},"23":{"start":{"line":44,"column":24},"end":{"line":44,"column":28}},"24":{"start":{"line":45,"column":25},"end":{"line":45,"column":29}},"25":{"start":{"line":46,"column":26},"end":{"line":46,"column":30}},"26":{"start":{"line":47,"column":28},"end":{"line":47,"column":32}},"27":{"start":{"line":48,"column":29},"end":{"line":48,"column":33}},"28":{"start":{"line":49,"column":30},"end":{"line":49,"column":34}},"29":{"start":{"line":51,"column":6},"end":{"line":64,"column":7}},"30":{"start":{"line":52,"column":8},"end":{"line":63,"column":9}},"31":{"start":{"line":53,"column":10},"end":{"line":62,"column":11}},"32":{"start":{"line":54,"column":12},"end":{"line":54,"column":37}},"33":{"start":{"line":55,"column":12},"end":{"line":55,"column":43}},"34":{"start":{"line":56,"column":17},"end":{"line":62,"column":11}},"35":{"start":{"line":57,"column":12},"end":{"line":57,"column":38}},"36":{"start":{"line":58,"column":12},"end":{"line":58,"column":44}},"37":{"start":{"line":59,"column":17},"end":{"line":62,"column":11}},"38":{"start":{"line":60,"column":12},"end":{"line":60,"column":39}},"39":{"start":{"line":61,"column":12},"end":{"line":61,"column":45}},"40":{"start":{"line":67,"column":34},"end":{"line":86,"column":7}},"41":{"start":{"line":87,"column":6},"end":{"line":97,"column":7}},"42":{"start":{"line":88,"column":8},"end":{"line":94,"column":11}},"43":{"start":{"line":96,"column":8},"end":{"line":96,"column":90}},"44":{"start":{"line":100,"column":4},"end":{"line":102,"column":7}},"45":{"start":{"line":104,"column":4},"end":{"line":104,"column":60}},"46":{"start":{"line":105,"column":4},"end":{"line":105,"column":61}},"47":{"start":{"line":110,"column":0},"end":{"line":222,"column":2}},"48":{"start":{"line":111,"column":31},"end":{"line":111,"column":41}},"49":{"start":{"line":112,"column":2},"end":{"line":221,"column":3}},"50":{"start":{"line":114,"column":26},"end":{"line":123,"column":5}},"51":{"start":{"line":124,"column":27},"end":{"line":124,"column":80}},"52":{"start":{"line":127,"column":29},"end":{"line":144,"column":5}},"53":{"start":{"line":145,"column":30},"end":{"line":145,"column":86}},"54":{"start":{"line":148,"column":30},"end":{"line":165,"column":5}},"55":{"start":{"line":166,"column":31},"end":{"line":166,"column":88}},"56":{"start":{"line":169,"column":31},"end":{"line":186,"column":5}},"57":{"start":{"line":187,"column":32},"end":{"line":187,"column":90}},"58":{"start":{"line":190,"column":26},"end":{"line":194,"column":7}},"59":{"start":{"line":190,"column":56},"end":{"line":194,"column":5}},"60":{"start":{"line":196,"column":29},"end":{"line":200,"column":7}},"61":{"start":{"line":196,"column":62},"end":{"line":200,"column":5}},"62":{"start":{"line":201,"column":30},"end":{"line":205,"column":7}},"63":{"start":{"line":201,"column":64},"end":{"line":205,"column":5}},"64":{"start":{"line":206,"column":31},"end":{"line":210,"column":7}},"65":{"start":{"line":206,"column":66},"end":{"line":210,"column":5}},"66":{"start":{"line":212,"column":4},"end":{"line":217,"column":7}},"67":{"start":{"line":219,"column":4},"end":{"line":219,"column":59}},"68":{"start":{"line":220,"column":4},"end":{"line":220,"column":61}},"69":{"start":{"line":224,"column":0},"end":{"line":274,"column":2}},"70":{"start":{"line":225,"column":31},"end":{"line":225,"column":41}},"71":{"start":{"line":226,"column":2},"end":{"line":273,"column":3}},"72":{"start":{"line":227,"column":23},"end":{"line":258,"column":5}},"73":{"start":{"line":259,"column":21},"end":{"line":259,"column":71}},"74":{"start":{"line":261,"column":29},"end":{"line":267,"column":7}},"75":{"start":{"line":261,"column":44},"end":{"line":267,"column":5}},"76":{"start":{"line":269,"column":4},"end":{"line":269,"column":47}},"77":{"start":{"line":271,"column":4},"end":{"line":271,"column":67}},"78":{"start":{"line":272,"column":4},"end":{"line":272,"column":61}}},"fnMap":{"0":{"name":"(anonymous_0)","decl":{"start":{"line":6,"column":24},"end":{"line":6,"column":25}},"loc":{"start":{"line":6,"column":44},"end":{"line":107,"column":1}},"line":6},"1":{"name":"(anonymous_1)","decl":{"start":{"line":110,"column":27},"end":{"line":110,"column":28}},"loc":{"start":{"line":110,"column":47},"end":{"line":222,"column":1}},"line":110},"2":{"name":"(anonymous_2)","decl":{"start":{"line":190,"column":50},"end":{"line":190,"column":51}},"loc":{"start":{"line":190,"column":56},"end":{"line":194,"column":5}},"line":190},"3":{"name":"(anonymous_3)","decl":{"start":{"line":196,"column":56},"end":{"line":196,"column":57}},"loc":{"start":{"line":196,"column":62},"end":{"line":200,"column":5}},"line":196},"4":{"name":"(anonymous_4)","decl":{"start":{"line":201,"column":58},"end":{"line":201,"column":59}},"loc":{"start":{"line":201,"column":64},"end":{"line":205,"column":5}},"line":201},"5":{"name":"(anonymous_5)","decl":{"start":{"line":206,"column":60},"end":{"line":206,"column":61}},"loc":{"start":{"line":206,"column":66},"end":{"line":210,"column":5}},"line":206},"6":{"name":"(anonymous_6)","decl":{"start":{"line":224,"column":42},"end":{"line":224,"column":43}},"loc":{"start":{"line":224,"column":62},"end":{"line":274,"column":1}},"line":224},"7":{"name":"(anonymous_7)","decl":{"start":{"line":261,"column":38},"end":{"line":261,"column":39}},"loc":{"start":{"line":261,"column":44},"end":{"line":267,"column":5}},"line":261}},"branchMap":{"0":{"loc":{"start":{"line":17,"column":4},"end":{"line":19,"column":5}},"type":"if","locations":[{"start":{"line":17,"column":4},"end":{"line":19,"column":5}},{"start":{},"end":{}}],"line":17},"1":{"loc":{"start":{"line":34,"column":6},"end":{"line":37,"column":7}},"type":"if","locations":[{"start":{"line":34,"column":6},"end":{"line":37,"column":7}},{"start":{},"end":{}}],"line":34},"2":{"loc":{"start":{"line":34,"column":10},"end":{"line":34,"column":49}},"type":"binary-expr","locations":[{"start":{"line":34,"column":10},"end":{"line":34,"column":23}},{"start":{"line":34,"column":27},"end":{"line":34,"column":49}}],"line":34},"3":{"loc":{"start":{"line":51,"column":6},"end":{"line":64,"column":7}},"type":"if","locations":[{"start":{"line":51,"column":6},"end":{"line":64,"column":7}},{"start":{},"end":{}}],"line":51},"4":{"loc":{"start":{"line":51,"column":10},"end":{"line":51,"column":89}},"type":"binary-expr","locations":[{"start":{"line":51,"column":10},"end":{"line":51,"column":40}},{"start":{"line":51,"column":44},"end":{"line":51,"column":89}}],"line":51},"5":{"loc":{"start":{"line":53,"column":10},"end":{"line":62,"column":11}},"type":"if","locations":[{"start":{"line":53,"column":10},"end":{"line":62,"column":11}},{"start":{"line":56,"column":17},"end":{"line":62,"column":11}}],"line":53},"6":{"loc":{"start":{"line":56,"column":17},"end":{"line":62,"column":11}},"type":"if","locations":[{"start":{"line":56,"column":17},"end":{"line":62,"column":11}},{"start":{"line":59,"column":17},"end":{"line":62,"column":11}}],"line":56},"7":{"loc":{"start":{"line":59,"column":17},"end":{"line":62,"column":11}},"type":"if","locations":[{"start":{"line":59,"column":17},"end":{"line":62,"column":11}},{"start":{},"end":{}}],"line":59}},"s":{"0":1,"1":1,"2":1,"3":1,"4":3,"5":3,"6":3,"7":3,"8":3,"9":1,"10":2,"11":2,"12":2,"13":2,"14":2,"15":0,"16":0,"17":2,"18":2,"19":1,"20":1,"21":1,"22":1,"23":1,"24":1,"25":1,"26":1,"27":1,"28":1,"29":1,"30":1,"31":3,"32":1,"33":1,"34":2,"35":1,"36":1,"37":1,"38":1,"39":1,"40":1,"41":1,"42":1,"43":0,"44":2,"45":0,"46":0,"47":1,"48":2,"49":2,"50":2,"51":2,"52":1,"53":1,"54":1,"55":1,"56":1,"57":1,"58":1,"59":1,"60":1,"61":1,"62":1,"63":1,"64":1,"65":1,"66":1,"67":1,"68":1,"69":1,"70":2,"71":2,"72":2,"73":2,"74":1,"75":1,"76":1,"77":1,"78":1},"f":{"0":3,"1":2,"2":1,"3":1,"4":1,"5":1,"6":2,"7":1},"b":{"0":[1,2],"1":[1,1],"2":[2,2],"3":[1,0],"4":[1,1],"5":[1,2],"6":[1,1],"7":[1,0]},"_coverageSchema":"1a1c01bbd47fc00a2c39e90264f33305004495a9","hash":"b726c7b3e3d158e28c1fed80d62a5b6dc84de523"}
,"C:\\Users\\jinhy\\Desktop\\DFO-stats\\src\\controllers\\equipmentController.js": {"path":"C:\\Users\\jinhy\\Desktop\\DFO-stats\\src\\controllers\\equipmentController.js","statementMap":{"0":{"start":{"line":2,"column":14},"end":{"line":2,"column":30}},"1":{"start":{"line":3,"column":15},"end":{"line":3,"column":38}},"2":{"start":{"line":4,"column":15},"end":{"line":4,"column":38}},"3":{"start":{"line":6,"column":0},"end":{"line":90,"column":2}},"4":{"start":{"line":7,"column":41},"end":{"line":7,"column":51}},"5":{"start":{"line":8,"column":2},"end":{"line":89,"column":3}},"6":{"start":{"line":10,"column":33},"end":{"line":14,"column":5}},"7":{"start":{"line":15,"column":21},"end":{"line":15,"column":91}},"8":{"start":{"line":17,"column":4},"end":{"line":19,"column":5}},"9":{"start":{"line":18,"column":6},"end":{"line":18,"column":98}},"10":{"start":{"line":22,"column":4},"end":{"line":81,"column":5}},"11":{"start":{"line":23,"column":26},"end":{"line":23,"column":42}},"12":{"start":{"line":24,"column":27},"end":{"line":24,"column":136}},"13":{"start":{"line":26,"column":6},"end":{"line":31,"column":7}},"14":{"start":{"line":27,"column":8},"end":{"line":27,"column":58}},"15":{"start":{"line":29,"column":8},"end":{"line":29,"column":85}},"16":{"start":{"line":30,"column":8},"end":{"line":30,"column":17}},"17":{"start":{"line":33,"column":28},"end":{"line":33,"column":50}},"18":{"start":{"line":34,"column":6},"end":{"line":37,"column":7}},"19":{"start":{"line":35,"column":8},"end":{"line":35,"column":76}},"20":{"start":{"line":36,"column":8},"end":{"line":36,"column":17}},"21":{"start":{"line":40,"column":6},"end":{"line":80,"column":7}},"22":{"start":{"line":41,"column":23},"end":{"line":41,"column":35}},"23":{"start":{"line":42,"column":25},"end":{"line":42,"column":39}},"24":{"start":{"line":43,"column":26},"end":{"line":43,"column":41}},"25":{"start":{"line":44,"column":28},"end":{"line":44,"column":45}},"26":{"start":{"line":45,"column":27},"end":{"line":45,"column":31}},"27":{"start":{"line":46,"column":29},"end":{"line":46,"column":33}},"28":{"start":{"line":49,"column":8},"end":{"line":52,"column":9}},"29":{"start":{"line":50,"column":10},"end":{"line":50,"column":50}},"30":{"start":{"line":51,"column":10},"end":{"line":51,"column":54}},"31":{"start":{"line":54,"column":37},"end":{"line":65,"column":9}},"32":{"start":{"line":66,"column":8},"end":{"line":79,"column":9}},"33":{"start":{"line":67,"column":10},"end":{"line":76,"column":13}},"34":{"start":{"line":78,"column":10},"end":{"line":78,"column":111}},"35":{"start":{"line":83,"column":4},"end":{"line":85,"column":7}},"36":{"start":{"line":87,"column":4},"end":{"line":87,"column":61}},"37":{"start":{"line":88,"column":4},"end":{"line":88,"column":61}},"38":{"start":{"line":92,"column":0},"end":{"line":301,"column":2}},"39":{"start":{"line":93,"column":31},"end":{"line":93,"column":41}},"40":{"start":{"line":94,"column":23},"end":{"line":97,"column":3}},"41":{"start":{"line":99,"column":2},"end":{"line":300,"column":3}},"42":{"start":{"line":101,"column":23},"end":{"line":121,"column":5}},"43":{"start":{"line":122,"column":24},"end":{"line":122,"column":74}},"44":{"start":{"line":125,"column":23},"end":{"line":138,"column":5}},"45":{"start":{"line":139,"column":24},"end":{"line":139,"column":74}},"46":{"start":{"line":142,"column":24},"end":{"line":149,"column":5}},"47":{"start":{"line":150,"column":25},"end":{"line":150,"column":76}},"48":{"start":{"line":153,"column":21},"end":{"line":172,"column":5}},"49":{"start":{"line":173,"column":22},"end":{"line":173,"column":70}},"50":{"start":{"line":176,"column":24},"end":{"line":182,"column":5}},"51":{"start":{"line":183,"column":25},"end":{"line":183,"column":76}},"52":{"start":{"line":184,"column":26},"end":{"line":184,"column":28}},"53":{"start":{"line":185,"column":4},"end":{"line":187,"column":7}},"54":{"start":{"line":186,"column":6},"end":{"line":186,"column":67}},"55":{"start":{"line":190,"column":30},"end":{"line":196,"column":5}},"56":{"start":{"line":197,"column":31},"end":{"line":197,"column":88}},"57":{"start":{"line":198,"column":32},"end":{"line":198,"column":34}},"58":{"start":{"line":199,"column":4},"end":{"line":201,"column":7}},"59":{"start":{"line":200,"column":6},"end":{"line":200,"column":73}},"60":{"start":{"line":204,"column":27},"end":{"line":211,"column":5}},"61":{"start":{"line":212,"column":28},"end":{"line":212,"column":82}},"62":{"start":{"line":213,"column":28},"end":{"line":215,"column":9}},"63":{"start":{"line":218,"column":23},"end":{"line":223,"column":7}},"64":{"start":{"line":218,"column":52},"end":{"line":223,"column":5}},"65":{"start":{"line":225,"column":23},"end":{"line":230,"column":7}},"66":{"start":{"line":225,"column":52},"end":{"line":230,"column":5}},"67":{"start":{"line":232,"column":29},"end":{"line":237,"column":7}},"68":{"start":{"line":232,"column":59},"end":{"line":237,"column":5}},"69":{"start":{"line":239,"column":26},"end":{"line":243,"column":7}},"70":{"start":{"line":239,"column":53},"end":{"line":243,"column":5}},"71":{"start":{"line":246,"column":24},"end":{"line":246,"column":26}},"72":{"start":{"line":247,"column":30},"end":{"line":247,"column":32}},"73":{"start":{"line":248,"column":4},"end":{"line":251,"column":7}},"74":{"start":{"line":249,"column":6},"end":{"line":249,"column":29}},"75":{"start":{"line":250,"column":6},"end":{"line":250,"column":35}},"76":{"start":{"line":253,"column":4},"end":{"line":253,"column":64}},"77":{"start":{"line":253,"column":31},"end":{"line":253,"column":62}},"78":{"start":{"line":254,"column":4},"end":{"line":256,"column":7}},"79":{"start":{"line":255,"column":6},"end":{"line":255,"column":68}},"80":{"start":{"line":255,"column":34},"end":{"line":255,"column":68}},"81":{"start":{"line":257,"column":4},"end":{"line":259,"column":7}},"82":{"start":{"line":258,"column":6},"end":{"line":258,"column":80}},"83":{"start":{"line":258,"column":40},"end":{"line":258,"column":80}},"84":{"start":{"line":262,"column":4},"end":{"line":282,"column":7}},"85":{"start":{"line":263,"column":20},"end":{"line":263,"column":44}},"86":{"start":{"line":264,"column":6},"end":{"line":271,"column":22}},"87":{"start":{"line":265,"column":22},"end":{"line":270,"column":9}},"88":{"start":{"line":273,"column":26},"end":{"line":273,"column":56}},"89":{"start":{"line":274,"column":6},"end":{"line":281,"column":22}},"90":{"start":{"line":275,"column":22},"end":{"line":280,"column":9}},"91":{"start":{"line":284,"column":29},"end":{"line":289,"column":7}},"92":{"start":{"line":284,"column":59},"end":{"line":289,"column":5}},"93":{"start":{"line":292,"column":4},"end":{"line":296,"column":7}},"94":{"start":{"line":298,"column":4},"end":{"line":298,"column":60}},"95":{"start":{"line":299,"column":4},"end":{"line":299,"column":61}},"96":{"start":{"line":303,"column":0},"end":{"line":368,"column":2}},"97":{"start":{"line":304,"column":31},"end":{"line":304,"column":41}},"98":{"start":{"line":305,"column":17},"end":{"line":309,"column":3}},"99":{"start":{"line":312,"column":25},"end":{"line":347,"column":3}},"100":{"start":{"line":313,"column":18},"end":{"line":317,"column":17}},"101":{"start":{"line":313,"column":43},"end":{"line":317,"column":5}},"102":{"start":{"line":319,"column":23},"end":{"line":327,"column":18}},"103":{"start":{"line":320,"column":18},"end":{"line":320,"column":58}},"104":{"start":{"line":321,"column":19},"end":{"line":321,"column":63}},"105":{"start":{"line":322,"column":18},"end":{"line":322,"column":36}},"106":{"start":{"line":323,"column":6},"end":{"line":326,"column":8}},"107":{"start":{"line":329,"column":22},"end":{"line":333,"column":17}},"108":{"start":{"line":330,"column":18},"end":{"line":330,"column":58}},"109":{"start":{"line":331,"column":19},"end":{"line":331,"column":63}},"110":{"start":{"line":332,"column":6},"end":{"line":332,"column":47}},"111":{"start":{"line":335,"column":4},"end":{"line":346,"column":6}},"112":{"start":{"line":349,"column":2},"end":{"line":367,"column":3}},"113":{"start":{"line":350,"column":20},"end":{"line":350,"column":22}},"114":{"start":{"line":351,"column":4},"end":{"line":361,"column":5}},"115":{"start":{"line":353,"column":24},"end":{"line":353,"column":52}},"116":{"start":{"line":354,"column":35},"end":{"line":354,"column":84}},"117":{"start":{"line":355,"column":6},"end":{"line":355,"column":38}},"118":{"start":{"line":358,"column":24},"end":{"line":358,"column":51}},"119":{"start":{"line":359,"column":35},"end":{"line":359,"column":84}},"120":{"start":{"line":360,"column":6},"end":{"line":360,"column":49}},"121":{"start":{"line":363,"column":4},"end":{"line":363,"column":29}},"122":{"start":{"line":365,"column":4},"end":{"line":365,"column":23}},"123":{"start":{"line":366,"column":4},"end":{"line":366,"column":56}}},"fnMap":{"0":{"name":"(anonymous_0)","decl":{"start":{"line":6,"column":25},"end":{"line":6,"column":26}},"loc":{"start":{"line":6,"column":45},"end":{"line":90,"column":1}},"line":6},"1":{"name":"(anonymous_1)","decl":{"start":{"line":92,"column":28},"end":{"line":92,"column":29}},"loc":{"start":{"line":92,"column":48},"end":{"line":301,"column":1}},"line":92},"2":{"name":"(anonymous_2)","decl":{"start":{"line":185,"column":30},"end":{"line":185,"column":31}},"loc":{"start":{"line":185,"column":37},"end":{"line":187,"column":5}},"line":185},"3":{"name":"(anonymous_3)","decl":{"start":{"line":199,"column":36},"end":{"line":199,"column":37}},"loc":{"start":{"line":199,"column":43},"end":{"line":201,"column":5}},"line":199},"4":{"name":"(anonymous_4)","decl":{"start":{"line":218,"column":44},"end":{"line":218,"column":45}},"loc":{"start":{"line":218,"column":52},"end":{"line":223,"column":5}},"line":218},"5":{"name":"(anonymous_5)","decl":{"start":{"line":225,"column":44},"end":{"line":225,"column":45}},"loc":{"start":{"line":225,"column":52},"end":{"line":230,"column":5}},"line":225},"6":{"name":"(anonymous_6)","decl":{"start":{"line":232,"column":51},"end":{"line":232,"column":52}},"loc":{"start":{"line":232,"column":59},"end":{"line":237,"column":5}},"line":232},"7":{"name":"(anonymous_7)","decl":{"start":{"line":239,"column":45},"end":{"line":239,"column":46}},"loc":{"start":{"line":239,"column":53},"end":{"line":243,"column":5}},"line":239},"8":{"name":"(anonymous_8)","decl":{"start":{"line":248,"column":25},"end":{"line":248,"column":26}},"loc":{"start":{"line":248,"column":33},"end":{"line":251,"column":5}},"line":248},"9":{"name":"(anonymous_9)","decl":{"start":{"line":253,"column":23},"end":{"line":253,"column":24}},"loc":{"start":{"line":253,"column":31},"end":{"line":253,"column":62}},"line":253},"10":{"name":"(anonymous_10)","decl":{"start":{"line":254,"column":23},"end":{"line":254,"column":24}},"loc":{"start":{"line":254,"column":31},"end":{"line":256,"column":5}},"line":254},"11":{"name":"(anonymous_11)","decl":{"start":{"line":257,"column":29},"end":{"line":257,"column":30}},"loc":{"start":{"line":257,"column":37},"end":{"line":259,"column":5}},"line":257},"12":{"name":"(anonymous_12)","decl":{"start":{"line":262,"column":25},"end":{"line":262,"column":26}},"loc":{"start":{"line":262,"column":33},"end":{"line":282,"column":5}},"line":262},"13":{"name":"(anonymous_13)","decl":{"start":{"line":265,"column":13},"end":{"line":265,"column":14}},"loc":{"start":{"line":265,"column":22},"end":{"line":270,"column":9}},"line":265},"14":{"name":"(anonymous_14)","decl":{"start":{"line":275,"column":13},"end":{"line":275,"column":14}},"loc":{"start":{"line":275,"column":22},"end":{"line":280,"column":9}},"line":275},"15":{"name":"(anonymous_15)","decl":{"start":{"line":284,"column":47},"end":{"line":284,"column":48}},"loc":{"start":{"line":284,"column":59},"end":{"line":289,"column":5}},"line":284},"16":{"name":"(anonymous_16)","decl":{"start":{"line":303,"column":35},"end":{"line":303,"column":36}},"loc":{"start":{"line":303,"column":55},"end":{"line":368,"column":1}},"line":303},"17":{"name":"(anonymous_17)","decl":{"start":{"line":312,"column":25},"end":{"line":312,"column":26}},"loc":{"start":{"line":312,"column":55},"end":{"line":347,"column":3}},"line":312},"18":{"name":"(anonymous_18)","decl":{"start":{"line":313,"column":28},"end":{"line":313,"column":29}},"loc":{"start":{"line":313,"column":43},"end":{"line":317,"column":5}},"line":313},"19":{"name":"(anonymous_19)","decl":{"start":{"line":319,"column":33},"end":{"line":319,"column":34}},"loc":{"start":{"line":319,"column":48},"end":{"line":327,"column":5}},"line":319},"20":{"name":"(anonymous_20)","decl":{"start":{"line":329,"column":32},"end":{"line":329,"column":33}},"loc":{"start":{"line":329,"column":47},"end":{"line":333,"column":5}},"line":329}},"branchMap":{"0":{"loc":{"start":{"line":17,"column":4},"end":{"line":19,"column":5}},"type":"if","locations":[{"start":{"line":17,"column":4},"end":{"line":19,"column":5}},{"start":{},"end":{}}],"line":17},"1":{"loc":{"start":{"line":34,"column":6},"end":{"line":37,"column":7}},"type":"if","locations":[{"start":{"line":34,"column":6},"end":{"line":37,"column":7}},{"start":{},"end":{}}],"line":34},"2":{"loc":{"start":{"line":34,"column":10},"end":{"line":34,"column":52}},"type":"binary-expr","locations":[{"start":{"line":34,"column":10},"end":{"line":34,"column":24}},{"start":{"line":34,"column":28},"end":{"line":34,"column":52}}],"line":34},"3":{"loc":{"start":{"line":49,"column":8},"end":{"line":52,"column":9}},"type":"if","locations":[{"start":{"line":49,"column":8},"end":{"line":52,"column":9}},{"start":{},"end":{}}],"line":49},"4":{"loc":{"start":{"line":49,"column":12},"end":{"line":49,"column":86}},"type":"binary-expr","locations":[{"start":{"line":49,"column":12},"end":{"line":49,"column":37}},{"start":{"line":49,"column":41},"end":{"line":49,"column":58}},{"start":{"line":49,"column":62},"end":{"line":49,"column":86}}],"line":49},"5":{"loc":{"start":{"line":213,"column":28},"end":{"line":215,"column":9}},"type":"cond-expr","locations":[{"start":{"line":214,"column":8},"end":{"line":214,"column":59}},{"start":{"line":215,"column":8},"end":{"line":215,"column":9}}],"line":213},"6":{"loc":{"start":{"line":255,"column":6},"end":{"line":255,"column":68}},"type":"if","locations":[{"start":{"line":255,"column":6},"end":{"line":255,"column":68}},{"start":{},"end":{}}],"line":255},"7":{"loc":{"start":{"line":258,"column":6},"end":{"line":258,"column":80}},"type":"if","locations":[{"start":{"line":258,"column":6},"end":{"line":258,"column":80}},{"start":{},"end":{}}],"line":258},"8":{"loc":{"start":{"line":263,"column":20},"end":{"line":263,"column":44}},"type":"binary-expr","locations":[{"start":{"line":263,"column":20},"end":{"line":263,"column":39}},{"start":{"line":263,"column":43},"end":{"line":263,"column":44}}],"line":263},"9":{"loc":{"start":{"line":267,"column":22},"end":{"line":269,"column":15}},"type":"cond-expr","locations":[{"start":{"line":268,"column":14},"end":{"line":268,"column":63}},{"start":{"line":269,"column":14},"end":{"line":269,"column":15}}],"line":267},"10":{"loc":{"start":{"line":273,"column":26},"end":{"line":273,"column":56}},"type":"binary-expr","locations":[{"start":{"line":273,"column":26},"end":{"line":273,"column":51}},{"start":{"line":273,"column":55},"end":{"line":273,"column":56}}],"line":273},"11":{"loc":{"start":{"line":277,"column":22},"end":{"line":279,"column":15}},"type":"cond-expr","locations":[{"start":{"line":278,"column":14},"end":{"line":278,"column":69}},{"start":{"line":279,"column":14},"end":{"line":279,"column":15}}],"line":277},"12":{"loc":{"start":{"line":286,"column":18},"end":{"line":288,"column":11}},"type":"cond-expr","locations":[{"start":{"line":287,"column":10},"end":{"line":287,"column":72}},{"start":{"line":288,"column":10},"end":{"line":288,"column":11}}],"line":286},"13":{"loc":{"start":{"line":312,"column":33},"end":{"line":312,"column":50}},"type":"default-arg","locations":[{"start":{"line":312,"column":45},"end":{"line":312,"column":50}}],"line":312},"14":{"loc":{"start":{"line":320,"column":18},"end":{"line":320,"column":58}},"type":"cond-expr","locations":[{"start":{"line":320,"column":30},"end":{"line":320,"column":46}},{"start":{"line":320,"column":49},"end":{"line":320,"column":58}}],"line":320},"15":{"loc":{"start":{"line":321,"column":19},"end":{"line":321,"column":63}},"type":"cond-expr","locations":[{"start":{"line":321,"column":31},"end":{"line":321,"column":49}},{"start":{"line":321,"column":52},"end":{"line":321,"column":63}}],"line":321},"16":{"loc":{"start":{"line":330,"column":18},"end":{"line":330,"column":58}},"type":"cond-expr","locations":[{"start":{"line":330,"column":30},"end":{"line":330,"column":46}},{"start":{"line":330,"column":49},"end":{"line":330,"column":58}}],"line":330},"17":{"loc":{"start":{"line":331,"column":19},"end":{"line":331,"column":63}},"type":"cond-expr","locations":[{"start":{"line":331,"column":31},"end":{"line":331,"column":49}},{"start":{"line":331,"column":52},"end":{"line":331,"column":63}}],"line":331}},"s":{"0":1,"1":1,"2":1,"3":1,"4":3,"5":3,"6":3,"7":3,"8":3,"9":1,"10":2,"11":2,"12":2,"13":2,"14":2,"15":0,"16":0,"17":2,"18":2,"19":1,"20":1,"21":1,"22":2,"23":2,"24":2,"25":2,"26":2,"27":2,"28":2,"29":1,"30":1,"31":2,"32":2,"33":2,"34":0,"35":2,"36":0,"37":0,"38":1,"39":2,"40":2,"41":2,"42":2,"43":2,"44":1,"45":1,"46":1,"47":1,"48":1,"49":1,"50":1,"51":1,"52":1,"53":1,"54":1,"55":1,"56":1,"57":1,"58":1,"59":1,"60":1,"61":1,"62":1,"63":1,"64":1,"65":1,"66":1,"67":1,"68":1,"69":1,"70":1,"71":1,"72":1,"73":1,"74":13,"75":13,"76":1,"77":1,"78":1,"79":1,"80":1,"81":1,"82":1,"83":1,"84":1,"85":13,"86":13,"87":2,"88":13,"89":13,"90":1,"91":1,"92":1,"93":1,"94":1,"95":1,"96":1,"97":2,"98":2,"99":2,"100":7,"101":27,"102":7,"103":27,"104":27,"105":27,"106":27,"107":7,"108":27,"109":27,"110":27,"111":7,"112":2,"113":2,"114":2,"115":4,"116":4,"117":3,"118":3,"119":3,"120":3,"121":1,"122":1,"123":1},"f":{"0":3,"1":2,"2":1,"3":1,"4":1,"5":1,"6":1,"7":1,"8":13,"9":1,"10":1,"11":1,"12":13,"13":2,"14":1,"15":1,"16":2,"17":7,"18":27,"19":27,"20":27},"b":{"0":[1,2],"1":[1,1],"2":[2,2],"3":[1,1],"4":[2,1,1],"5":[1,0],"6":[1,0],"7":[1,0],"8":[13,12],"9":[1,1],"10":[13,12],"11":[1,0],"12":[1,0],"13":[0],"14":[11,16],"15":[11,16],"16":[11,16],"17":[11,16]},"_coverageSchema":"1a1c01bbd47fc00a2c39e90264f33305004495a9","hash":"d74f889b97a446826aa2cbbc99d849c5920c1ae2"}
,"C:\\Users\\jinhy\\Desktop\\DFO-stats\\src\\controllers\\itemController.js": {"path":"C:\\Users\\jinhy\\Desktop\\DFO-stats\\src\\controllers\\itemController.js","statementMap":{"0":{"start":{"line":2,"column":14},"end":{"line":2,"column":30}},"1":{"start":{"line":3,"column":15},"end":{"line":3,"column":38}},"2":{"start":{"line":5,"column":0},"end":{"line":18,"column":2}},"3":{"start":{"line":6,"column":19},"end":{"line":6,"column":36}},"4":{"start":{"line":7,"column":4},"end":{"line":7,"column":85}},"5":{"start":{"line":10,"column":4},"end":{"line":17,"column":5}},"6":{"start":{"line":11,"column":20},"end":{"line":11,"column":83}},"7":{"start":{"line":12,"column":23},"end":{"line":12,"column":43}},"8":{"start":{"line":13,"column":8},"end":{"line":13,"column":37}},"9":{"start":{"line":15,"column":8},"end":{"line":15,"column":93}},"10":{"start":{"line":16,"column":8},"end":{"line":16,"column":76}}},"fnMap":{"0":{"name":"(anonymous_0)","decl":{"start":{"line":5,"column":22},"end":{"line":5,"column":23}},"loc":{"start":{"line":5,"column":42},"end":{"line":18,"column":1}},"line":5}},"branchMap":{"0":{"loc":{"start":{"line":7,"column":52},"end":{"line":7,"column":81}},"type":"cond-expr","locations":[{"start":{"line":7,"column":61},"end":{"line":7,"column":65}},{"start":{"line":7,"column":68},"end":{"line":7,"column":81}}],"line":7},"1":{"loc":{"start":{"line":15,"column":43},"end":{"line":15,"column":91}},"type":"cond-expr","locations":[{"start":{"line":15,"column":58},"end":{"line":15,"column":77}},{"start":{"line":15,"column":80},"end":{"line":15,"column":91}}],"line":15}},"s":{"0":1,"1":1,"2":1,"3":3,"4":3,"5":3,"6":3,"7":3,"8":1,"9":2,"10":2},"f":{"0":3},"b":{"0":[3,0],"1":[1,1]},"_coverageSchema":"1a1c01bbd47fc00a2c39e90264f33305004495a9","hash":"785451e9fb3b72ad5358d1c41c12a57fecd3bf39"}
,"C:\\Users\\jinhy\\Desktop\\DFO-stats\\src\\controllers\\serverController.js": {"path":"C:\\Users\\jinhy\\Desktop\\DFO-stats\\src\\controllers\\serverController.js","statementMap":{"0":{"start":{"line":2,"column":14},"end":{"line":2,"column":30}},"1":{"start":{"line":3,"column":15},"end":{"line":3,"column":38}},"2":{"start":{"line":5,"column":0},"end":{"line":18,"column":2}},"3":{"start":{"line":6,"column":2},"end":{"line":17,"column":3}},"4":{"start":{"line":8,"column":16},"end":{"line":8,"column":71}},"5":{"start":{"line":9,"column":21},"end":{"line":9,"column":41}},"6":{"start":{"line":10,"column":4},"end":{"line":12,"column":7}},"7":{"start":{"line":11,"column":6},"end":{"line":11,"column":35}},"8":{"start":{"line":13,"column":4},"end":{"line":13,"column":28}},"9":{"start":{"line":15,"column":4},"end":{"line":15,"column":60}},"10":{"start":{"line":16,"column":4},"end":{"line":16,"column":61}}},"fnMap":{"0":{"name":"(anonymous_0)","decl":{"start":{"line":5,"column":21},"end":{"line":5,"column":22}},"loc":{"start":{"line":5,"column":41},"end":{"line":18,"column":1}},"line":5},"1":{"name":"(anonymous_1)","decl":{"start":{"line":10,"column":31},"end":{"line":10,"column":32}},"loc":{"start":{"line":10,"column":41},"end":{"line":12,"column":5}},"line":10}},"branchMap":{},"s":{"0":1,"1":1,"2":1,"3":2,"4":2,"5":2,"6":1,"7":2,"8":1,"9":1,"10":1},"f":{"0":2,"1":2},"b":{},"_coverageSchema":"1a1c01bbd47fc00a2c39e90264f33305004495a9","hash":"6987903df46f877d7b79ca269cd605a2e27ac91a"}
,"C:\\Users\\jinhy\\Desktop\\DFO-stats\\src\\controllers\\skillController.js": {"path":"C:\\Users\\jinhy\\Desktop\\DFO-stats\\src\\controllers\\skillController.js","statementMap":{"0":{"start":{"line":2,"column":14},"end":{"line":2,"column":30}},"1":{"start":{"line":3,"column":15},"end":{"line":3,"column":38}},"2":{"start":{"line":4,"column":15},"end":{"line":4,"column":38}},"3":{"start":{"line":6,"column":0},"end":{"line":71,"column":2}},"4":{"start":{"line":7,"column":43},"end":{"line":7,"column":53}},"5":{"start":{"line":8,"column":4},"end":{"line":70,"column":5}},"6":{"start":{"line":10,"column":37},"end":{"line":14,"column":7}},"7":{"start":{"line":15,"column":25},"end":{"line":15,"column":95}},"8":{"start":{"line":17,"column":8},"end":{"line":19,"column":9}},"9":{"start":{"line":18,"column":12},"end":{"line":18,"column":104}},"10":{"start":{"line":22,"column":8},"end":{"line":62,"column":9}},"11":{"start":{"line":23,"column":32},"end":{"line":23,"column":48}},"12":{"start":{"line":24,"column":29},"end":{"line":24,"column":134}},"13":{"start":{"line":26,"column":12},"end":{"line":31,"column":13}},"14":{"start":{"line":27,"column":16},"end":{"line":27,"column":58}},"15":{"start":{"line":29,"column":16},"end":{"line":29,"column":90}},"16":{"start":{"line":30,"column":16},"end":{"line":30,"column":25}},"17":{"start":{"line":33,"column":30},"end":{"line":33,"column":48}},"18":{"start":{"line":34,"column":12},"end":{"line":37,"column":13}},"19":{"start":{"line":35,"column":16},"end":{"line":35,"column":80}},"20":{"start":{"line":36,"column":16},"end":{"line":36,"column":25}},"21":{"start":{"line":40,"column":33},"end":{"line":40,"column":67}},"22":{"start":{"line":41,"column":34},"end":{"line":41,"column":69}},"23":{"start":{"line":42,"column":30},"end":{"line":42,"column":65}},"24":{"start":{"line":45,"column":12},"end":{"line":61,"column":13}},"25":{"start":{"line":46,"column":64},"end":{"line":46,"column":69}},"26":{"start":{"line":47,"column":41},"end":{"line":55,"column":11}},"27":{"start":{"line":56,"column":16},"end":{"line":60,"column":17}},"28":{"start":{"line":57,"column":20},"end":{"line":57,"column":109}},"29":{"start":{"line":59,"column":20},"end":{"line":59,"column":110}},"30":{"start":{"line":64,"column":8},"end":{"line":66,"column":11}},"31":{"start":{"line":68,"column":8},"end":{"line":68,"column":61}},"32":{"start":{"line":69,"column":8},"end":{"line":69,"column":65}},"33":{"start":{"line":74,"column":0},"end":{"line":104,"column":2}},"34":{"start":{"line":75,"column":33},"end":{"line":75,"column":43}},"35":{"start":{"line":77,"column":4},"end":{"line":103,"column":5}},"36":{"start":{"line":80,"column":32},"end":{"line":87,"column":7}},"37":{"start":{"line":88,"column":25},"end":{"line":88,"column":80}},"38":{"start":{"line":91,"column":27},"end":{"line":97,"column":11}},"39":{"start":{"line":91,"column":44},"end":{"line":97,"column":9}},"40":{"start":{"line":99,"column":8},"end":{"line":99,"column":45}},"41":{"start":{"line":101,"column":8},"end":{"line":101,"column":60}},"42":{"start":{"line":102,"column":8},"end":{"line":102,"column":65}}},"fnMap":{"0":{"name":"(anonymous_0)","decl":{"start":{"line":6,"column":22},"end":{"line":6,"column":23}},"loc":{"start":{"line":6,"column":42},"end":{"line":71,"column":1}},"line":6},"1":{"name":"(anonymous_1)","decl":{"start":{"line":74,"column":24},"end":{"line":74,"column":25}},"loc":{"start":{"line":74,"column":44},"end":{"line":104,"column":1}},"line":74},"2":{"name":"(anonymous_2)","decl":{"start":{"line":91,"column":36},"end":{"line":91,"column":37}},"loc":{"start":{"line":91,"column":44},"end":{"line":97,"column":9}},"line":91}},"branchMap":{"0":{"loc":{"start":{"line":17,"column":8},"end":{"line":19,"column":9}},"type":"if","locations":[{"start":{"line":17,"column":8},"end":{"line":19,"column":9}},{"start":{},"end":{}}],"line":17},"1":{"loc":{"start":{"line":34,"column":12},"end":{"line":37,"column":13}},"type":"if","locations":[{"start":{"line":34,"column":12},"end":{"line":37,"column":13}},{"start":{},"end":{}}],"line":34},"2":{"loc":{"start":{"line":34,"column":16},"end":{"line":34,"column":72}},"type":"binary-expr","locations":[{"start":{"line":34,"column":16},"end":{"line":34,"column":26}},{"start":{"line":34,"column":30},"end":{"line":34,"column":46}},{"start":{"line":34,"column":50},"end":{"line":34,"column":72}}],"line":34},"3":{"loc":{"start":{"line":40,"column":33},"end":{"line":40,"column":67}},"type":"binary-expr","locations":[{"start":{"line":40,"column":33},"end":{"line":40,"column":61}},{"start":{"line":40,"column":65},"end":{"line":40,"column":67}}],"line":40},"4":{"loc":{"start":{"line":41,"column":34},"end":{"line":41,"column":69}},"type":"binary-expr","locations":[{"start":{"line":41,"column":34},"end":{"line":41,"column":63}},{"start":{"line":41,"column":67},"end":{"line":41,"column":69}}],"line":41}},"s":{"0":1,"1":1,"2":1,"3":1,"4":3,"5":3,"6":3,"7":3,"8":3,"9":1,"10":2,"11":2,"12":2,"13":2,"14":2,"15":0,"16":0,"17":2,"18":2,"19":1,"20":1,"21":1,"22":1,"23":1,"24":1,"25":2,"26":2,"27":2,"28":2,"29":0,"30":2,"31":0,"32":0,"33":1,"34":2,"35":2,"36":2,"37":2,"38":1,"39":1,"40":1,"41":1,"42":1},"f":{"0":3,"1":2,"2":1},"b":{"0":[1,2],"1":[1,1],"2":[2,2,1],"3":[1,0],"4":[1,0]},"_coverageSchema":"1a1c01bbd47fc00a2c39e90264f33305004495a9","hash":"0fad2f0338dc42ab386b0cd91c5e4aad44717831"}
,"C:\\Users\\jinhy\\Desktop\\DFO-stats\\src\\controllers\\talismanController.js": {"path":"C:\\Users\\jinhy\\Desktop\\DFO-stats\\src\\controllers\\talismanController.js","statementMap":{"0":{"start":{"line":2,"column":14},"end":{"line":2,"column":30}},"1":{"start":{"line":3,"column":15},"end":{"line":3,"column":38}},"2":{"start":{"line":4,"column":15},"end":{"line":4,"column":38}},"3":{"start":{"line":6,"column":0},"end":{"line":90,"column":2}},"4":{"start":{"line":7,"column":43},"end":{"line":7,"column":53}},"5":{"start":{"line":8,"column":4},"end":{"line":89,"column":5}},"6":{"start":{"line":10,"column":37},"end":{"line":14,"column":7}},"7":{"start":{"line":15,"column":25},"end":{"line":15,"column":95}},"8":{"start":{"line":17,"column":8},"end":{"line":19,"column":9}},"9":{"start":{"line":18,"column":12},"end":{"line":18,"column":104}},"10":{"start":{"line":21,"column":8},"end":{"line":81,"column":9}},"11":{"start":{"line":22,"column":32},"end":{"line":22,"column":48}},"12":{"start":{"line":23,"column":32},"end":{"line":23,"column":140}},"13":{"start":{"line":25,"column":12},"end":{"line":30,"column":13}},"14":{"start":{"line":26,"column":16},"end":{"line":26,"column":64}},"15":{"start":{"line":28,"column":16},"end":{"line":28,"column":97}},"16":{"start":{"line":29,"column":16},"end":{"line":29,"column":25}},"17":{"start":{"line":32,"column":33},"end":{"line":32,"column":54}},"18":{"start":{"line":33,"column":12},"end":{"line":36,"column":13}},"19":{"start":{"line":34,"column":16},"end":{"line":34,"column":83}},"20":{"start":{"line":35,"column":16},"end":{"line":35,"column":25}},"21":{"start":{"line":39,"column":12},"end":{"line":80,"column":13}},"22":{"start":{"line":40,"column":33},"end":{"line":40,"column":55}},"23":{"start":{"line":41,"column":16},"end":{"line":41,"column":40}},"24":{"start":{"line":41,"column":31},"end":{"line":41,"column":40}},"25":{"start":{"line":43,"column":39},"end":{"line":43,"column":54}},"26":{"start":{"line":44,"column":39},"end":{"line":44,"column":54}},"27":{"start":{"line":45,"column":41},"end":{"line":45,"column":58}},"28":{"start":{"line":46,"column":30},"end":{"line":46,"column":55}},"29":{"start":{"line":49,"column":16},"end":{"line":79,"column":17}},"30":{"start":{"line":50,"column":39},"end":{"line":50,"column":50}},"31":{"start":{"line":51,"column":39},"end":{"line":51,"column":50}},"32":{"start":{"line":52,"column":41},"end":{"line":52,"column":54}},"33":{"start":{"line":54,"column":52},"end":{"line":65,"column":13}},"34":{"start":{"line":66,"column":20},"end":{"line":78,"column":21}},"35":{"start":{"line":67,"column":24},"end":{"line":75,"column":27}},"36":{"start":{"line":77,"column":24},"end":{"line":77,"column":156}},"37":{"start":{"line":83,"column":8},"end":{"line":85,"column":11}},"38":{"start":{"line":87,"column":8},"end":{"line":87,"column":73}},"39":{"start":{"line":88,"column":8},"end":{"line":88,"column":65}},"40":{"start":{"line":92,"column":0},"end":{"line":152,"column":2}},"41":{"start":{"line":93,"column":33},"end":{"line":93,"column":43}},"42":{"start":{"line":95,"column":4},"end":{"line":151,"column":5}},"43":{"start":{"line":97,"column":30},"end":{"line":111,"column":7}},"44":{"start":{"line":112,"column":31},"end":{"line":112,"column":84}},"45":{"start":{"line":115,"column":26},"end":{"line":125,"column":7}},"46":{"start":{"line":126,"column":27},"end":{"line":126,"column":76}},"47":{"start":{"line":128,"column":30},"end":{"line":132,"column":11}},"48":{"start":{"line":128,"column":62},"end":{"line":132,"column":9}},"49":{"start":{"line":134,"column":26},"end":{"line":138,"column":11}},"50":{"start":{"line":134,"column":54},"end":{"line":138,"column":9}},"51":{"start":{"line":141,"column":33},"end":{"line":141,"column":59}},"52":{"start":{"line":142,"column":29},"end":{"line":142,"column":51}},"53":{"start":{"line":144,"column":8},"end":{"line":147,"column":11}},"54":{"start":{"line":149,"column":8},"end":{"line":149,"column":72}},"55":{"start":{"line":150,"column":8},"end":{"line":150,"column":65}}},"fnMap":{"0":{"name":"(anonymous_0)","decl":{"start":{"line":6,"column":32},"end":{"line":6,"column":33}},"loc":{"start":{"line":6,"column":52},"end":{"line":90,"column":1}},"line":6},"1":{"name":"(anonymous_1)","decl":{"start":{"line":92,"column":31},"end":{"line":92,"column":32}},"loc":{"start":{"line":92,"column":51},"end":{"line":152,"column":1}},"line":92},"2":{"name":"(anonymous_2)","decl":{"start":{"line":128,"column":54},"end":{"line":128,"column":55}},"loc":{"start":{"line":128,"column":62},"end":{"line":132,"column":9}},"line":128},"3":{"name":"(anonymous_3)","decl":{"start":{"line":134,"column":46},"end":{"line":134,"column":47}},"loc":{"start":{"line":134,"column":54},"end":{"line":138,"column":9}},"line":134}},"branchMap":{"0":{"loc":{"start":{"line":17,"column":8},"end":{"line":19,"column":9}},"type":"if","locations":[{"start":{"line":17,"column":8},"end":{"line":19,"column":9}},{"start":{},"end":{}}],"line":17},"1":{"loc":{"start":{"line":33,"column":12},"end":{"line":36,"column":13}},"type":"if","locations":[{"start":{"line":33,"column":12},"end":{"line":36,"column":13}},{"start":{},"end":{}}],"line":33},"2":{"loc":{"start":{"line":33,"column":16},"end":{"line":33,"column":56}},"type":"binary-expr","locations":[{"start":{"line":33,"column":16},"end":{"line":33,"column":29}},{"start":{"line":33,"column":33},"end":{"line":33,"column":56}}],"line":33},"3":{"loc":{"start":{"line":41,"column":16},"end":{"line":41,"column":40}},"type":"if","locations":[{"start":{"line":41,"column":16},"end":{"line":41,"column":40}},{"start":{},"end":{}}],"line":41},"4":{"loc":{"start":{"line":46,"column":30},"end":{"line":46,"column":55}},"type":"binary-expr","locations":[{"start":{"line":46,"column":30},"end":{"line":46,"column":49}},{"start":{"line":46,"column":53},"end":{"line":46,"column":55}}],"line":46}},"s":{"0":1,"1":1,"2":1,"3":1,"4":3,"5":3,"6":3,"7":3,"8":3,"9":1,"10":2,"11":2,"12":2,"13":2,"14":2,"15":0,"16":0,"17":2,"18":2,"19":1,"20":1,"21":1,"22":1,"23":1,"24":0,"25":1,"26":1,"27":1,"28":1,"29":1,"30":2,"31":2,"32":2,"33":2,"34":2,"35":2,"36":0,"37":2,"38":0,"39":0,"40":1,"41":2,"42":2,"43":2,"44":2,"45":1,"46":1,"47":1,"48":1,"49":1,"50":1,"51":1,"52":1,"53":1,"54":1,"55":1},"f":{"0":3,"1":2,"2":1,"3":1},"b":{"0":[1,2],"1":[1,1],"2":[2,2],"3":[0,1],"4":[1,0]},"_coverageSchema":"1a1c01bbd47fc00a2c39e90264f33305004495a9","hash":"f849a91238b73bb3d777a23f7e807ea2d7d53332"}
,"C:\\Users\\jinhy\\Desktop\\DFO-stats\\src\\models\\db.js": {"path":"C:\\Users\\jinhy\\Desktop\\DFO-stats\\src\\models\\db.js","statementMap":{"0":{"start":{"line":2,"column":19},"end":{"line":2,"column":32}},"1":{"start":{"line":4,"column":15},"end":{"line":10,"column":2}},"2":{"start":{"line":12,"column":0},"end":{"line":22,"column":5}},"3":{"start":{"line":14,"column":4},"end":{"line":14,"column":57}},"4":{"start":{"line":15,"column":4},"end":{"line":15,"column":45}},"5":{"start":{"line":18,"column":4},"end":{"line":18,"column":52}},"6":{"start":{"line":21,"column":4},"end":{"line":21,"column":50}},"7":{"start":{"line":25,"column":0},"end":{"line":29,"column":3}},"8":{"start":{"line":26,"column":2},"end":{"line":26,"column":21}},"9":{"start":{"line":27,"column":2},"end":{"line":27,"column":56}},"10":{"start":{"line":28,"column":2},"end":{"line":28,"column":18}},"11":{"start":{"line":31,"column":0},"end":{"line":31,"column":24}}},"fnMap":{"0":{"name":"(anonymous_0)","decl":{"start":{"line":13,"column":8},"end":{"line":13,"column":9}},"loc":{"start":{"line":13,"column":14},"end":{"line":16,"column":3}},"line":13},"1":{"name":"(anonymous_1)","decl":{"start":{"line":17,"column":8},"end":{"line":17,"column":9}},"loc":{"start":{"line":17,"column":15},"end":{"line":19,"column":3}},"line":17},"2":{"name":"(anonymous_2)","decl":{"start":{"line":20,"column":9},"end":{"line":20,"column":10}},"loc":{"start":{"line":20,"column":16},"end":{"line":22,"column":3}},"line":20},"3":{"name":"(anonymous_3)","decl":{"start":{"line":25,"column":21},"end":{"line":25,"column":22}},"loc":{"start":{"line":25,"column":33},"end":{"line":29,"column":1}},"line":25}},"branchMap":{},"s":{"0":2,"1":2,"2":2,"3":1,"4":1,"5":1,"6":1,"7":2,"8":1,"9":1,"10":1,"11":2},"f":{"0":1,"1":1,"2":1,"3":1},"b":{},"_coverageSchema":"1a1c01bbd47fc00a2c39e90264f33305004495a9","hash":"03a91a7ed6d19d2a6afebf0686c9fa45f93adaa6"}
,"C:\\Users\\jinhy\\Desktop\\DFO-stats\\src\\routes\\avatarRoutes.js": {"path":"C:\\Users\\jinhy\\Desktop\\DFO-stats\\src\\routes\\avatarRoutes.js","statementMap":{"0":{"start":{"line":2,"column":16},"end":{"line":2,"column":34}},"1":{"start":{"line":3,"column":15},"end":{"line":3,"column":31}},"2":{"start":{"line":4,"column":25},"end":{"line":4,"column":67}},"3":{"start":{"line":7,"column":0},"end":{"line":7,"column":77}},"4":{"start":{"line":10,"column":0},"end":{"line":10,"column":72}},"5":{"start":{"line":12,"column":0},"end":{"line":12,"column":24}}},"fnMap":{},"branchMap":{},"s":{"0":1,"1":1,"2":1,"3":1,"4":1,"5":1},"f":{},"b":{},"_coverageSchema":"1a1c01bbd47fc00a2c39e90264f33305004495a9","hash":"411915d4bfbbc876aaa5b101a27de1147eab879c"}
,"C:\\Users\\jinhy\\Desktop\\DFO-stats\\src\\routes\\characterRoutes.js": {"path":"C:\\Users\\jinhy\\Desktop\\DFO-stats\\src\\routes\\characterRoutes.js","statementMap":{"0":{"start":{"line":2,"column":16},"end":{"line":2,"column":34}},"1":{"start":{"line":3,"column":15},"end":{"line":3,"column":31}},"2":{"start":{"line":4,"column":28},"end":{"line":4,"column":73}},"3":{"start":{"line":7,"column":0},"end":{"line":7,"column":77}},"4":{"start":{"line":9,"column":0},"end":{"line":9,"column":24}}},"fnMap":{},"branchMap":{},"s":{"0":1,"1":1,"2":1,"3":1,"4":1},"f":{},"b":{},"_coverageSchema":"1a1c01bbd47fc00a2c39e90264f33305004495a9","hash":"c4ffe07a0fb341de588e8e8d352623ba45ac1059"}
,"C:\\Users\\jinhy\\Desktop\\DFO-stats\\src\\routes\\creatureRoutes.js": {"path":"C:\\Users\\jinhy\\Desktop\\DFO-stats\\src\\routes\\creatureRoutes.js","statementMap":{"0":{"start":{"line":2,"column":16},"end":{"line":2,"column":34}},"1":{"start":{"line":3,"column":15},"end":{"line":3,"column":31}},"2":{"start":{"line":4,"column":27},"end":{"line":4,"column":71}},"3":{"start":{"line":7,"column":0},"end":{"line":7,"column":83}},"4":{"start":{"line":10,"column":0},"end":{"line":10,"column":76}},"5":{"start":{"line":13,"column":0},"end":{"line":13,"column":98}},"6":{"start":{"line":15,"column":0},"end":{"line":15,"column":24}}},"fnMap":{},"branchMap":{},"s":{"0":1,"1":1,"2":1,"3":1,"4":1,"5":1,"6":1},"f":{},"b":{},"_coverageSchema":"1a1c01bbd47fc00a2c39e90264f33305004495a9","hash":"20fc53b2af17f3b5a2f32e785c8c97daa5d948a1"}
,"C:\\Users\\jinhy\\Desktop\\DFO-stats\\src\\routes\\equipmentRoutes.js": {"path":"C:\\Users\\jinhy\\Desktop\\DFO-stats\\src\\routes\\equipmentRoutes.js","statementMap":{"0":{"start":{"line":2,"column":16},"end":{"line":2,"column":34}},"1":{"start":{"line":3,"column":15},"end":{"line":3,"column":31}},"2":{"start":{"line":4,"column":28},"end":{"line":4,"column":73}},"3":{"start":{"line":7,"column":0},"end":{"line":7,"column":85}},"4":{"start":{"line":10,"column":0},"end":{"line":10,"column":78}},"5":{"start":{"line":13,"column":0},"end":{"line":13,"column":92}},"6":{"start":{"line":15,"column":0},"end":{"line":15,"column":24}}},"fnMap":{},"branchMap":{},"s":{"0":1,"1":1,"2":1,"3":1,"4":1,"5":1,"6":1},"f":{},"b":{},"_coverageSchema":"1a1c01bbd47fc00a2c39e90264f33305004495a9","hash":"42f555715993a3521df098e144c25d6c587ea164"}
,"C:\\Users\\jinhy\\Desktop\\DFO-stats\\src\\routes\\itemRoutes.js": {"path":"C:\\Users\\jinhy\\Desktop\\DFO-stats\\src\\routes\\itemRoutes.js","statementMap":{"0":{"start":{"line":2,"column":16},"end":{"line":2,"column":34}},"1":{"start":{"line":3,"column":15},"end":{"line":3,"column":31}},"2":{"start":{"line":4,"column":24},"end":{"line":4,"column":64}},"3":{"start":{"line":7,"column":0},"end":{"line":7,"column":36}},"4":{"start":{"line":9,"column":0},"end":{"line":9,"column":24}}},"fnMap":{},"branchMap":{},"s":{"0":1,"1":1,"2":1,"3":1,"4":1},"f":{},"b":{},"_coverageSchema":"1a1c01bbd47fc00a2c39e90264f33305004495a9","hash":"5a32184db9f2baef8272f5f351b0662ef756ad62"}
,"C:\\Users\\jinhy\\Desktop\\DFO-stats\\src\\routes\\serverRoutes.js": {"path":"C:\\Users\\jinhy\\Desktop\\DFO-stats\\src\\routes\\serverRoutes.js","statementMap":{"0":{"start":{"line":2,"column":16},"end":{"line":2,"column":34}},"1":{"start":{"line":3,"column":15},"end":{"line":3,"column":31}},"2":{"start":{"line":4,"column":25},"end":{"line":4,"column":67}},"3":{"start":{"line":7,"column":0},"end":{"line":7,"column":45}},"4":{"start":{"line":9,"column":0},"end":{"line":9,"column":24}}},"fnMap":{},"branchMap":{},"s":{"0":1,"1":1,"2":1,"3":1,"4":1},"f":{},"b":{},"_coverageSchema":"1a1c01bbd47fc00a2c39e90264f33305004495a9","hash":"2eacc68dff45defd83f84b6b479de82bc439d216"}
,"C:\\Users\\jinhy\\Desktop\\DFO-stats\\src\\routes\\skillRoutes.js": {"path":"C:\\Users\\jinhy\\Desktop\\DFO-stats\\src\\routes\\skillRoutes.js","statementMap":{"0":{"start":{"line":2,"column":16},"end":{"line":2,"column":34}},"1":{"start":{"line":3,"column":15},"end":{"line":3,"column":31}},"2":{"start":{"line":4,"column":24},"end":{"line":4,"column":65}},"3":{"start":{"line":7,"column":0},"end":{"line":7,"column":78}},"4":{"start":{"line":10,"column":0},"end":{"line":10,"column":70}},"5":{"start":{"line":12,"column":0},"end":{"line":12,"column":24}}},"fnMap":{},"branchMap":{},"s":{"0":1,"1":1,"2":1,"3":1,"4":1,"5":1},"f":{},"b":{},"_coverageSchema":"1a1c01bbd47fc00a2c39e90264f33305004495a9","hash":"e3c3226125798f49690894eb1069393d5b4706ab"}
,"C:\\Users\\jinhy\\Desktop\\DFO-stats\\src\\routes\\talismanRoutes.js": {"path":"C:\\Users\\jinhy\\Desktop\\DFO-stats\\src\\routes\\talismanRoutes.js","statementMap":{"0":{"start":{"line":2,"column":16},"end":{"line":2,"column":34}},"1":{"start":{"line":3,"column":15},"end":{"line":3,"column":31}},"2":{"start":{"line":4,"column":27},"end":{"line":4,"column":71}},"3":{"start":{"line":7,"column":0},"end":{"line":7,"column":91}},"4":{"start":{"line":10,"column":0},"end":{"line":10,"column":80}},"5":{"start":{"line":12,"column":0},"end":{"line":12,"column":24}}},"fnMap":{},"branchMap":{},"s":{"0":1,"1":1,"2":1,"3":1,"4":1,"5":1},"f":{},"b":{},"_coverageSchema":"1a1c01bbd47fc00a2c39e90264f33305004495a9","hash":"4528dc4c326b39302048e0887ebe448cbc85eb67"}
}
