TN:
SF:src\controllers\avatarController.js
FN:5,(anonymous_0)
FN:119,(anonymous_1)
FN:210,(anonymous_2)
FN:223,(anonymous_3)
FN:230,(anonymous_4)
FN:240,(anonymous_5)
FNF:6
FNH:6
FNDA:3,(anonymous_0)
FNDA:2,(anonymous_1)
FNDA:2,(anonymous_2)
FNDA:11,(anonymous_3)
FNDA:1,(anonymous_4)
FNDA:1,(anonymous_5)
DA:1,1
DA:2,1
DA:3,1
DA:5,1
DA:6,3
DA:7,3
DA:9,3
DA:14,3
DA:16,3
DA:17,1
DA:20,2
DA:21,2
DA:22,2
DA:24,2
DA:25,2
DA:27,0
DA:28,0
DA:31,2
DA:32,2
DA:33,1
DA:34,1
DA:37,1
DA:38,1
DA:39,1
DA:40,1
DA:41,1
DA:42,1
DA:43,1
DA:46,1
DA:61,1
DA:62,1
DA:66,0
DA:67,0
DA:70,1
DA:73,1
DA:77,1
DA:78,1
DA:80,0
DA:84,1
DA:85,1
DA:86,1
DA:87,1
DA:88,1
DA:89,1
DA:90,1
DA:92,1
DA:98,1
DA:99,1
DA:103,0
DA:110,2
DA:114,0
DA:115,0
DA:119,1
DA:120,2
DA:121,2
DA:126,2
DA:128,2
DA:151,2
DA:154,1
DA:169,1
DA:172,1
DA:204,1
DA:207,1
DA:208,1
DA:210,1
DA:211,2
DA:212,2
DA:213,2
DA:223,1
DA:224,11
DA:225,11
DA:229,1
DA:230,1
DA:231,1
DA:232,1
DA:233,1
DA:240,1
DA:241,1
DA:244,1
DA:246,1
DA:247,1
LF:81
LH:73
BRDA:16,0,0,1
BRDA:16,0,1,2
BRDA:32,1,0,1
BRDA:32,1,1,1
BRDA:32,2,0,2
BRDA:32,2,1,2
BRDA:84,3,0,1
BRDA:84,3,1,0
BRDA:84,4,0,1
BRDA:84,4,1,1
BRDA:212,5,0,2
BRDA:212,5,1,0
BRDA:224,6,0,9
BRDA:224,6,1,2
BRDA:232,7,0,1
BRDA:232,7,1,0
BRF:16
BRH:13
end_of_record
TN:
SF:src\controllers\characterController.js
FN:6,(anonymous_0)
FN:37,(anonymous_1)
FNF:2
FNH:2
FNDA:4,(anonymous_0)
FNDA:3,(anonymous_1)
DA:2,1
DA:3,1
DA:4,1
DA:6,1
DA:7,4
DA:10,4
DA:13,4
DA:14,4
DA:15,3
DA:17,1
DA:18,1
DA:22,3
DA:23,3
DA:24,3
DA:27,3
DA:28,3
DA:29,3
DA:33,3
DA:34,3
DA:35,2
DA:37,2
DA:38,3
DA:39,3
DA:40,3
DA:44,2
DA:46,2
DA:47,0
DA:50,1
DA:51,1
DA:55,2
DA:56,2
DA:59,2
DA:60,2
DA:63,2
DA:67,2
DA:70,2
DA:75,2
DA:76,3
DA:79,1
DA:81,1
DA:82,1
DA:83,1
DA:86,1
LF:43
LH:42
BRDA:27,0,0,5
BRDA:27,0,1,5
BRDA:38,1,0,3
BRDA:38,1,1,0
BRDA:46,2,0,0
BRDA:46,2,1,2
BRF:6
BRH:4
end_of_record
TN:
SF:src\controllers\creatureController.js
FN:6,(anonymous_0)
FN:110,(anonymous_1)
FN:190,(anonymous_2)
FN:196,(anonymous_3)
FN:201,(anonymous_4)
FN:206,(anonymous_5)
FN:224,(anonymous_6)
FN:261,(anonymous_7)
FNF:8
FNH:8
FNDA:3,(anonymous_0)
FNDA:2,(anonymous_1)
FNDA:1,(anonymous_2)
FNDA:1,(anonymous_3)
FNDA:1,(anonymous_4)
FNDA:1,(anonymous_5)
FNDA:2,(anonymous_6)
FNDA:1,(anonymous_7)
DA:2,1
DA:3,1
DA:4,1
DA:6,1
DA:7,3
DA:8,3
DA:10,3
DA:15,3
DA:17,3
DA:18,1
DA:22,2
DA:23,2
DA:24,2
DA:26,2
DA:27,2
DA:29,0
DA:30,0
DA:33,2
DA:34,2
DA:35,1
DA:36,1
DA:40,1
DA:41,1
DA:44,1
DA:45,1
DA:46,1
DA:47,1
DA:48,1
DA:49,1
DA:51,1
DA:52,1
DA:53,3
DA:54,1
DA:55,1
DA:56,2
DA:57,1
DA:58,1
DA:59,1
DA:60,1
DA:61,1
DA:67,1
DA:87,1
DA:88,1
DA:96,0
DA:100,2
DA:104,0
DA:105,0
DA:110,1
DA:111,2
DA:112,2
DA:114,2
DA:124,2
DA:127,1
DA:145,1
DA:148,1
DA:166,1
DA:169,1
DA:187,1
DA:190,1
DA:196,1
DA:201,1
DA:206,1
DA:212,1
DA:219,1
DA:220,1
DA:224,1
DA:225,2
DA:226,2
DA:227,2
DA:259,2
DA:261,1
DA:269,1
DA:271,1
DA:272,1
LF:74
LH:69
BRDA:17,0,0,1
BRDA:17,0,1,2
BRDA:34,1,0,1
BRDA:34,1,1,1
BRDA:34,2,0,2
BRDA:34,2,1,2
BRDA:51,3,0,1
BRDA:51,3,1,0
BRDA:51,4,0,1
BRDA:51,4,1,1
BRDA:53,5,0,1
BRDA:53,5,1,2
BRDA:56,6,0,1
BRDA:56,6,1,1
BRDA:59,7,0,1
BRDA:59,7,1,0
BRF:16
BRH:14
end_of_record
TN:
SF:src\controllers\equipmentController.js
FN:6,(anonymous_0)
FN:92,(anonymous_1)
FN:185,(anonymous_2)
FN:199,(anonymous_3)
FN:218,(anonymous_4)
FN:225,(anonymous_5)
FN:232,(anonymous_6)
FN:239,(anonymous_7)
FN:248,(anonymous_8)
FN:253,(anonymous_9)
FN:254,(anonymous_10)
FN:257,(anonymous_11)
FN:262,(anonymous_12)
FN:265,(anonymous_13)
FN:275,(anonymous_14)
FN:284,(anonymous_15)
FN:303,(anonymous_16)
FN:312,(anonymous_17)
FN:313,(anonymous_18)
FN:319,(anonymous_19)
FN:329,(anonymous_20)
FNF:21
FNH:21
FNDA:3,(anonymous_0)
FNDA:2,(anonymous_1)
FNDA:1,(anonymous_2)
FNDA:1,(anonymous_3)
FNDA:1,(anonymous_4)
FNDA:1,(anonymous_5)
FNDA:1,(anonymous_6)
FNDA:1,(anonymous_7)
FNDA:13,(anonymous_8)
FNDA:1,(anonymous_9)
FNDA:1,(anonymous_10)
FNDA:1,(anonymous_11)
FNDA:13,(anonymous_12)
FNDA:2,(anonymous_13)
FNDA:1,(anonymous_14)
FNDA:1,(anonymous_15)
FNDA:2,(anonymous_16)
FNDA:7,(anonymous_17)
FNDA:27,(anonymous_18)
FNDA:27,(anonymous_19)
FNDA:27,(anonymous_20)
DA:2,1
DA:3,1
DA:4,1
DA:6,1
DA:7,3
DA:8,3
DA:10,3
DA:15,3
DA:17,3
DA:18,1
DA:22,2
DA:23,2
DA:24,2
DA:26,2
DA:27,2
DA:29,0
DA:30,0
DA:33,2
DA:34,2
DA:35,1
DA:36,1
DA:40,1
DA:41,2
DA:42,2
DA:43,2
DA:44,2
DA:45,2
DA:46,2
DA:49,2
DA:50,1
DA:51,1
DA:54,2
DA:66,2
DA:67,2
DA:78,0
DA:83,2
DA:87,0
DA:88,0
DA:92,1
DA:93,2
DA:94,2
DA:99,2
DA:101,2
DA:122,2
DA:125,1
DA:139,1
DA:142,1
DA:150,1
DA:153,1
DA:173,1
DA:176,1
DA:183,1
DA:184,1
DA:185,1
DA:186,1
DA:190,1
DA:197,1
DA:198,1
DA:199,1
DA:200,1
DA:204,1
DA:212,1
DA:213,1
DA:218,1
DA:225,1
DA:232,1
DA:239,1
DA:246,1
DA:247,1
DA:248,1
DA:249,13
DA:250,13
DA:253,1
DA:254,1
DA:255,1
DA:257,1
DA:258,1
DA:262,1
DA:263,13
DA:264,13
DA:265,2
DA:273,13
DA:274,13
DA:275,1
DA:284,1
DA:292,1
DA:298,1
DA:299,1
DA:303,1
DA:304,2
DA:305,2
DA:312,2
DA:313,27
DA:319,7
DA:320,27
DA:321,27
DA:322,27
DA:323,27
DA:329,7
DA:330,27
DA:331,27
DA:332,27
DA:335,7
DA:349,2
DA:350,2
DA:351,2
DA:353,4
DA:354,4
DA:355,3
DA:358,3
DA:359,3
DA:360,3
DA:363,1
DA:365,1
DA:366,1
LF:115
LH:110
BRDA:17,0,0,1
BRDA:17,0,1,2
BRDA:34,1,0,1
BRDA:34,1,1,1
BRDA:34,2,0,2
BRDA:34,2,1,2
BRDA:49,3,0,1
BRDA:49,3,1,1
BRDA:49,4,0,2
BRDA:49,4,1,1
BRDA:49,4,2,1
BRDA:213,5,0,1
BRDA:213,5,1,0
BRDA:255,6,0,1
BRDA:255,6,1,0
BRDA:258,7,0,1
BRDA:258,7,1,0
BRDA:263,8,0,13
BRDA:263,8,1,12
BRDA:267,9,0,1
BRDA:267,9,1,1
BRDA:273,10,0,13
BRDA:273,10,1,12
BRDA:277,11,0,1
BRDA:277,11,1,0
BRDA:286,12,0,1
BRDA:286,12,1,0
BRDA:312,13,0,0
BRDA:320,14,0,11
BRDA:320,14,1,16
BRDA:321,15,0,11
BRDA:321,15,1,16
BRDA:330,16,0,11
BRDA:330,16,1,16
BRDA:331,17,0,11
BRDA:331,17,1,16
BRF:36
BRH:30
end_of_record
TN:
SF:src\controllers\itemController.js
FN:5,(anonymous_0)
FNF:1
FNH:1
FNDA:3,(anonymous_0)
DA:2,1
DA:3,1
DA:5,1
DA:6,3
DA:7,3
DA:10,3
DA:11,3
DA:12,3
DA:13,1
DA:15,2
DA:16,2
LF:11
LH:11
BRDA:7,0,0,3
BRDA:7,0,1,0
BRDA:15,1,0,1
BRDA:15,1,1,1
BRF:4
BRH:3
end_of_record
TN:
SF:src\controllers\serverController.js
FN:5,(anonymous_0)
FN:10,(anonymous_1)
FNF:2
FNH:2
FNDA:2,(anonymous_0)
FNDA:2,(anonymous_1)
DA:2,1
DA:3,1
DA:5,1
DA:6,2
DA:8,2
DA:9,2
DA:10,1
DA:11,2
DA:13,1
DA:15,1
DA:16,1
LF:11
LH:11
BRF:0
BRH:0
end_of_record
TN:
SF:src\controllers\skillController.js
FN:6,(anonymous_0)
FN:74,(anonymous_1)
FN:91,(anonymous_2)
FNF:3
FNH:3
FNDA:3,(anonymous_0)
FNDA:2,(anonymous_1)
FNDA:1,(anonymous_2)
DA:2,1
DA:3,1
DA:4,1
DA:6,1
DA:7,3
DA:8,3
DA:10,3
DA:15,3
DA:17,3
DA:18,1
DA:22,2
DA:23,2
DA:24,2
DA:26,2
DA:27,2
DA:29,0
DA:30,0
DA:33,2
DA:34,2
DA:35,1
DA:36,1
DA:40,1
DA:41,1
DA:42,1
DA:45,1
DA:46,2
DA:47,2
DA:56,2
DA:57,2
DA:59,0
DA:64,2
DA:68,0
DA:69,0
DA:74,1
DA:75,2
DA:77,2
DA:80,2
DA:88,2
DA:91,1
DA:99,1
DA:101,1
DA:102,1
LF:42
LH:37
BRDA:17,0,0,1
BRDA:17,0,1,2
BRDA:34,1,0,1
BRDA:34,1,1,1
BRDA:34,2,0,2
BRDA:34,2,1,2
BRDA:34,2,2,1
BRDA:40,3,0,1
BRDA:40,3,1,0
BRDA:41,4,0,1
BRDA:41,4,1,0
BRF:11
BRH:9
end_of_record
TN:
SF:src\controllers\talismanController.js
FN:6,(anonymous_0)
FN:92,(anonymous_1)
FN:128,(anonymous_2)
FN:134,(anonymous_3)
FNF:4
FNH:4
FNDA:3,(anonymous_0)
FNDA:2,(anonymous_1)
FNDA:1,(anonymous_2)
FNDA:1,(anonymous_3)
DA:2,1
DA:3,1
DA:4,1
DA:6,1
DA:7,3
DA:8,3
DA:10,3
DA:15,3
DA:17,3
DA:18,1
DA:21,2
DA:22,2
DA:23,2
DA:25,2
DA:26,2
DA:28,0
DA:29,0
DA:32,2
DA:33,2
DA:34,1
DA:35,1
DA:39,1
DA:40,1
DA:41,1
DA:43,1
DA:44,1
DA:45,1
DA:46,1
DA:49,1
DA:50,2
DA:51,2
DA:52,2
DA:54,2
DA:66,2
DA:67,2
DA:77,0
DA:83,2
DA:87,0
DA:88,0
DA:92,1
DA:93,2
DA:95,2
DA:97,2
DA:112,2
DA:115,1
DA:126,1
DA:128,1
DA:134,1
DA:141,1
DA:142,1
DA:144,1
DA:149,1
DA:150,1
LF:53
LH:48
BRDA:17,0,0,1
BRDA:17,0,1,2
BRDA:33,1,0,1
BRDA:33,1,1,1
BRDA:33,2,0,2
BRDA:33,2,1,2
BRDA:41,3,0,0
BRDA:41,3,1,1
BRDA:46,4,0,1
BRDA:46,4,1,0
BRF:10
BRH:8
end_of_record
TN:
SF:src\models\db.js
FN:13,(anonymous_0)
FN:17,(anonymous_1)
FN:20,(anonymous_2)
FN:25,(anonymous_3)
FNF:4
FNH:4
FNDA:1,(anonymous_0)
FNDA:1,(anonymous_1)
FNDA:1,(anonymous_2)
FNDA:1,(anonymous_3)
DA:2,2
DA:4,2
DA:12,2
DA:14,1
DA:15,1
DA:18,1
DA:21,1
DA:25,2
DA:26,1
DA:27,1
DA:28,1
DA:31,2
LF:12
LH:12
BRF:0
BRH:0
end_of_record
TN:
SF:src\routes\avatarRoutes.js
FNF:0
FNH:0
DA:2,1
DA:3,1
DA:4,1
DA:7,1
DA:10,1
DA:12,1
LF:6
LH:6
BRF:0
BRH:0
end_of_record
TN:
SF:src\routes\characterRoutes.js
FNF:0
FNH:0
DA:2,1
DA:3,1
DA:4,1
DA:7,1
DA:9,1
LF:5
LH:5
BRF:0
BRH:0
end_of_record
TN:
SF:src\routes\creatureRoutes.js
FNF:0
FNH:0
DA:2,1
DA:3,1
DA:4,1
DA:7,1
DA:10,1
DA:13,1
DA:15,1
LF:7
LH:7
BRF:0
BRH:0
end_of_record
TN:
SF:src\routes\equipmentRoutes.js
FNF:0
FNH:0
DA:2,1
DA:3,1
DA:4,1
DA:7,1
DA:10,1
DA:13,1
DA:15,1
LF:7
LH:7
BRF:0
BRH:0
end_of_record
TN:
SF:src\routes\itemRoutes.js
FNF:0
FNH:0
DA:2,1
DA:3,1
DA:4,1
DA:7,1
DA:9,1
LF:5
LH:5
BRF:0
BRH:0
end_of_record
TN:
SF:src\routes\serverRoutes.js
FNF:0
FNH:0
DA:2,1
DA:3,1
DA:4,1
DA:7,1
DA:9,1
LF:5
LH:5
BRF:0
BRH:0
end_of_record
TN:
SF:src\routes\skillRoutes.js
FNF:0
FNH:0
DA:2,1
DA:3,1
DA:4,1
DA:7,1
DA:10,1
DA:12,1
LF:6
LH:6
BRF:0
BRH:0
end_of_record
TN:
SF:src\routes\talismanRoutes.js
FNF:0
FNH:0
DA:2,1
DA:3,1
DA:4,1
DA:7,1
DA:10,1
DA:12,1
LF:6
LH:6
BRF:0
BRH:0
end_of_record
