{"C:\\Users\\jinhy\\Desktop\\DFO-stats\\src\\controllers\\avatarController.ts": {"path":"C:\\Users\\jinhy\\Desktop\\DFO-stats\\src\\controllers\\avatarController.ts","statementMap":{"0":{"start":{"line":2,"column":0},"end":{"line":2,"column":26}},"1":{"start":{"line":4,"column":0},"end":{"line":4,"column":34}},"2":{"start":{"line":6,"column":15},"end":{"line":6,"column":39}},"3":{"start":{"line":7,"column":0},"end":{"line":9,"column":1}},"4":{"start":{"line":8,"column":2},"end":{"line":8,"column":56}},"5":{"start":{"line":61,"column":25},"end":{"line":166,"column":1}},"6":{"start":{"line":66,"column":41},"end":{"line":66,"column":51}},"7":{"start":{"line":68,"column":2},"end":{"line":165,"column":3}},"8":{"start":{"line":70,"column":22},"end":{"line":74,"column":6}},"9":{"start":{"line":75,"column":23},"end":{"line":77,"column":null}},"10":{"start":{"line":80,"column":4},"end":{"line":83,"column":5}},"11":{"start":{"line":81,"column":6},"end":{"line":81,"column":67}},"12":{"start":{"line":82,"column":6},"end":{"line":82,"column":13}},"13":{"start":{"line":86,"column":4},"end":{"line":157,"column":5}},"14":{"start":{"line":87,"column":18},"end":{"line":87,"column":125}},"15":{"start":{"line":89,"column":6},"end":{"line":94,"column":7}},"16":{"start":{"line":90,"column":8},"end":{"line":90,"column":66}},"17":{"start":{"line":92,"column":8},"end":{"line":92,"column":77}},"18":{"start":{"line":93,"column":8},"end":{"line":93,"column":17}},"19":{"start":{"line":95,"column":25},"end":{"line":95,"column":44}},"20":{"start":{"line":96,"column":6},"end":{"line":99,"column":7}},"21":{"start":{"line":97,"column":8},"end":{"line":97,"column":58}},"22":{"start":{"line":98,"column":8},"end":{"line":98,"column":17}},"23":{"start":{"line":101,"column":6},"end":{"line":156,"column":7}},"24":{"start":{"line":105,"column":12},"end":{"line":105,"column":16}},"25":{"start":{"line":108,"column":29},"end":{"line":120,"column":10}},"26":{"start":{"line":122,"column":8},"end":{"line":129,"column":9}},"27":{"start":{"line":123,"column":10},"end":{"line":125,"column":13}},"28":{"start":{"line":127,"column":10},"end":{"line":127,"column":92}},"29":{"start":{"line":128,"column":10},"end":{"line":128,"column":19}},"30":{"start":{"line":130,"column":31},"end":{"line":130,"column":45}},"31":{"start":{"line":133,"column":8},"end":{"line":138,"column":11}},"32":{"start":{"line":137,"column":10},"end":{"line":137,"column":74}},"33":{"start":{"line":141,"column":8},"end":{"line":155,"column":9}},"34":{"start":{"line":142,"column":10},"end":{"line":154,"column":11}},"35":{"start":{"line":143,"column":93},"end":{"line":143,"column":94}},"36":{"start":{"line":144,"column":12},"end":{"line":153,"column":13}},"37":{"start":{"line":145,"column":14},"end":{"line":150,"column":16}},"38":{"start":{"line":152,"column":14},"end":{"line":152,"column":77}},"39":{"start":{"line":159,"column":4},"end":{"line":161,"column":7}},"40":{"start":{"line":163,"column":4},"end":{"line":163,"column":46}},"41":{"start":{"line":164,"column":4},"end":{"line":164,"column":61}},"42":{"start":{"line":61,"column":13},"end":{"line":61,"column":25}},"43":{"start":{"line":169,"column":30},"end":{"line":269,"column":1}},"44":{"start":{"line":173,"column":31},"end":{"line":173,"column":41}},"45":{"start":{"line":174,"column":23},"end":{"line":177,"column":4}},"46":{"start":{"line":179,"column":2},"end":{"line":268,"column":3}},"47":{"start":{"line":181,"column":21},"end":{"line":192,"column":6}},"48":{"start":{"line":193,"column":19},"end":{"line":193,"column":81}},"49":{"start":{"line":196,"column":21},"end":{"line":204,"column":6}},"50":{"start":{"line":205,"column":19},"end":{"line":205,"column":81}},"51":{"start":{"line":208,"column":24},"end":{"line":226,"column":6}},"52":{"start":{"line":227,"column":22},"end":{"line":227,"column":87}},"53":{"start":{"line":230,"column":38},"end":{"line":230,"column":70}},"54":{"start":{"line":231,"column":60},"end":{"line":231,"column":62}},"55":{"start":{"line":233,"column":4},"end":{"line":243,"column":5}},"56":{"start":{"line":234,"column":20},"end":{"line":234,"column":49}},"57":{"start":{"line":235,"column":6},"end":{"line":235,"column":44}},"58":{"start":{"line":236,"column":6},"end":{"line":242,"column":9}},"59":{"start":{"line":246,"column":4},"end":{"line":248,"column":5}},"60":{"start":{"line":247,"column":6},"end":{"line":247,"column":77}},"61":{"start":{"line":251,"column":61},"end":{"line":251,"column":63}},"62":{"start":{"line":252,"column":4},"end":{"line":262,"column":5}},"63":{"start":{"line":253,"column":20},"end":{"line":253,"column":48}},"64":{"start":{"line":254,"column":6},"end":{"line":254,"column":39}},"65":{"start":{"line":255,"column":6},"end":{"line":260,"column":9}},"66":{"start":{"line":261,"column":6},"end":{"line":261,"column":73}},"67":{"start":{"line":264,"column":4},"end":{"line":264,"column":56}},"68":{"start":{"line":266,"column":4},"end":{"line":266,"column":51}},"69":{"start":{"line":267,"column":4},"end":{"line":267,"column":61}},"70":{"start":{"line":169,"column":13},"end":{"line":169,"column":30}}},"fnMap":{"0":{"name":"(anonymous_1)","decl":{"start":{"line":61,"column":25},"end":{"line":61,"column":30}},"loc":{"start":{"line":65,"column":19},"end":{"line":166,"column":1}}},"1":{"name":"(anonymous_2)","decl":{"start":{"line":136,"column":16},"end":{"line":136,"column":19}},"loc":{"start":{"line":136,"column":22},"end":{"line":138,"column":9}}},"2":{"name":"(anonymous_3)","decl":{"start":{"line":169,"column":30},"end":{"line":169,"column":35}},"loc":{"start":{"line":172,"column":19},"end":{"line":269,"column":1}}}},"branchMap":{"0":{"loc":{"start":{"line":7,"column":0},"end":{"line":9,"column":1}},"type":"if","locations":[{"start":{"line":7,"column":0},"end":{"line":9,"column":1}}]},"1":{"loc":{"start":{"line":80,"column":4},"end":{"line":83,"column":5}},"type":"if","locations":[{"start":{"line":80,"column":4},"end":{"line":83,"column":5}}]},"2":{"loc":{"start":{"line":96,"column":6},"end":{"line":99,"column":7}},"type":"if","locations":[{"start":{"line":96,"column":6},"end":{"line":99,"column":7}}]},"3":{"loc":{"start":{"line":104,"column":22},"end":{"line":104,"column":42}},"type":"default-arg","locations":[{"start":{"line":104,"column":38},"end":{"line":104,"column":42}}]},"4":{"loc":{"start":{"line":141,"column":8},"end":{"line":155,"column":9}},"type":"if","locations":[{"start":{"line":141,"column":8},"end":{"line":155,"column":9}}]},"5":{"loc":{"start":{"line":235,"column":6},"end":{"line":235,"column":44}},"type":"binary-expr","locations":[{"start":{"line":235,"column":6},"end":{"line":235,"column":41}},{"start":{"line":235,"column":6},"end":{"line":235,"column":43}}]},"6":{"loc":{"start":{"line":247,"column":33},"end":{"line":247,"column":62}},"type":"binary-expr","locations":[{"start":{"line":247,"column":33},"end":{"line":247,"column":56}},{"start":{"line":247,"column":60},"end":{"line":247,"column":62}}]},"7":{"loc":{"start":{"line":254,"column":6},"end":{"line":254,"column":39}},"type":"binary-expr","locations":[{"start":{"line":254,"column":6},"end":{"line":254,"column":36}},{"start":{"line":254,"column":6},"end":{"line":254,"column":38}}]}},"s":{"0":1,"1":1,"2":1,"3":1,"4":0,"5":1,"6":3,"7":3,"8":3,"9":3,"10":3,"11":0,"12":0,"13":0,"14":0,"15":0,"16":0,"17":0,"18":0,"19":0,"20":0,"21":0,"22":0,"23":0,"24":0,"25":0,"26":0,"27":0,"28":0,"29":0,"30":0,"31":0,"32":0,"33":0,"34":0,"35":0,"36":0,"37":0,"38":0,"39":0,"40":3,"41":3,"42":1,"43":1,"44":2,"45":2,"46":2,"47":2,"48":2,"49":2,"50":2,"51":2,"52":2,"53":2,"54":0,"55":0,"56":0,"57":0,"58":0,"59":0,"60":0,"61":0,"62":0,"63":0,"64":0,"65":0,"66":0,"67":0,"68":2,"69":2,"70":1},"f":{"0":3,"1":0,"2":2},"b":{"0":[0],"1":[0],"2":[0],"3":[0],"4":[0],"5":[0,0],"6":[0,0],"7":[0,0]}}
,"C:\\Users\\jinhy\\Desktop\\DFO-stats\\src\\controllers\\characterController.ts": {"path":"C:\\Users\\jinhy\\Desktop\\DFO-stats\\src\\controllers\\characterController.ts","statementMap":{"0":{"start":{"line":2,"column":0},"end":{"line":2,"column":26}},"1":{"start":{"line":4,"column":0},"end":{"line":4,"column":34}},"2":{"start":{"line":6,"column":15},"end":{"line":6,"column":39}},"3":{"start":{"line":7,"column":0},"end":{"line":9,"column":1}},"4":{"start":{"line":8,"column":2},"end":{"line":8,"column":56}},"5":{"start":{"line":18,"column":28},"end":{"line":108,"column":1}},"6":{"start":{"line":22,"column":41},"end":{"line":22,"column":51}},"7":{"start":{"line":25,"column":24},"end":{"line":26,"column":69}},"8":{"start":{"line":29,"column":2},"end":{"line":36,"column":3}},"9":{"start":{"line":30,"column":24},"end":{"line":30,"column":81}},"10":{"start":{"line":31,"column":4},"end":{"line":31,"column":47}},"11":{"start":{"line":33,"column":4},"end":{"line":33,"column":65}},"12":{"start":{"line":34,"column":4},"end":{"line":34,"column":68}},"13":{"start":{"line":35,"column":4},"end":{"line":35,"column":11}},"14":{"start":{"line":39,"column":22},"end":{"line":39,"column":25}},"15":{"start":{"line":40,"column":18},"end":{"line":40,"column":35}},"16":{"start":{"line":41,"column":29},"end":{"line":41,"column":31}},"17":{"start":{"line":43,"column":2},"end":{"line":71,"column":3}},"18":{"start":{"line":44,"column":20},"end":{"line":44,"column":41}},"19":{"start":{"line":45,"column":20},"end":{"line":47,"column":73}},"20":{"start":{"line":49,"column":4},"end":{"line":68,"column":5}},"21":{"start":{"line":50,"column":23},"end":{"line":50,"column":71}},"22":{"start":{"line":51,"column":22},"end":{"line":51,"column":40}},"23":{"start":{"line":53,"column":6},"end":{"line":55,"column":7}},"24":{"start":{"line":54,"column":8},"end":{"line":54,"column":98}},"25":{"start":{"line":57,"column":6},"end":{"line":63,"column":7}},"26":{"start":{"line":58,"column":8},"end":{"line":62,"column":9}},"27":{"start":{"line":59,"column":10},"end":{"line":59,"column":39}},"28":{"start":{"line":60,"column":10},"end":{"line":60,"column":25}},"29":{"start":{"line":61,"column":10},"end":{"line":61,"column":49}},"30":{"start":{"line":61,"column":43},"end":{"line":61,"column":49}},"31":{"start":{"line":65,"column":6},"end":{"line":65,"column":65}},"32":{"start":{"line":66,"column":6},"end":{"line":66,"column":72}},"33":{"start":{"line":67,"column":6},"end":{"line":67,"column":13}},"34":{"start":{"line":70,"column":4},"end":{"line":70,"column":29}},"35":{"start":{"line":74,"column":18},"end":{"line":74,"column":44}},"36":{"start":{"line":77,"column":2},"end":{"line":105,"column":3}},"37":{"start":{"line":78,"column":4},"end":{"line":78,"column":32}},"38":{"start":{"line":79,"column":4},"end":{"line":83,"column":6}},"39":{"start":{"line":85,"column":20},"end":{"line":89,"column":6}},"40":{"start":{"line":90,"column":4},"end":{"line":97,"column":5}},"41":{"start":{"line":91,"column":6},"end":{"line":96,"column":9}},"42":{"start":{"line":99,"column":4},"end":{"line":99,"column":33}},"43":{"start":{"line":101,"column":4},"end":{"line":101,"column":35}},"44":{"start":{"line":102,"column":4},"end":{"line":102,"column":66}},"45":{"start":{"line":103,"column":4},"end":{"line":103,"column":70}},"46":{"start":{"line":104,"column":4},"end":{"line":104,"column":11}},"47":{"start":{"line":107,"column":2},"end":{"line":107,"column":88}},"48":{"start":{"line":18,"column":13},"end":{"line":18,"column":28}}},"fnMap":{"0":{"name":"(anonymous_1)","decl":{"start":{"line":18,"column":28},"end":{"line":18,"column":33}},"loc":{"start":{"line":21,"column":19},"end":{"line":108,"column":1}}}},"branchMap":{"0":{"loc":{"start":{"line":7,"column":0},"end":{"line":9,"column":1}},"type":"if","locations":[{"start":{"line":7,"column":0},"end":{"line":9,"column":1}}]},"1":{"loc":{"start":{"line":43,"column":9},"end":{"line":43,"column":57}},"type":"binary-expr","locations":[{"start":{"line":43,"column":9},"end":{"line":43,"column":35}},{"start":{"line":43,"column":39},"end":{"line":43,"column":57}}]},"2":{"loc":{"start":{"line":53,"column":6},"end":{"line":55,"column":7}},"type":"if","locations":[{"start":{"line":53,"column":6},"end":{"line":55,"column":7}}]},"3":{"loc":{"start":{"line":58,"column":8},"end":{"line":62,"column":9}},"type":"if","locations":[{"start":{"line":58,"column":8},"end":{"line":62,"column":9}}]},"4":{"loc":{"start":{"line":61,"column":10},"end":{"line":61,"column":49}},"type":"if","locations":[{"start":{"line":61,"column":10},"end":{"line":61,"column":49}}]}},"s":{"0":0,"1":0,"2":0,"3":0,"4":0,"5":0,"6":0,"7":0,"8":0,"9":0,"10":0,"11":0,"12":0,"13":0,"14":0,"15":0,"16":0,"17":0,"18":0,"19":0,"20":0,"21":0,"22":0,"23":0,"24":0,"25":0,"26":0,"27":0,"28":0,"29":0,"30":0,"31":0,"32":0,"33":0,"34":0,"35":0,"36":0,"37":0,"38":0,"39":0,"40":0,"41":0,"42":0,"43":0,"44":0,"45":0,"46":0,"47":0,"48":0},"f":{"0":0},"b":{"0":[0],"1":[0,0],"2":[0],"3":[0],"4":[0]}}
,"C:\\Users\\jinhy\\Desktop\\DFO-stats\\src\\controllers\\creatureController.ts": {"path":"C:\\Users\\jinhy\\Desktop\\DFO-stats\\src\\controllers\\creatureController.ts","statementMap":{"0":{"start":{"line":2,"column":0},"end":{"line":2,"column":26}},"1":{"start":{"line":4,"column":0},"end":{"line":4,"column":34}},"2":{"start":{"line":6,"column":15},"end":{"line":6,"column":39}},"3":{"start":{"line":7,"column":0},"end":{"line":9,"column":1}},"4":{"start":{"line":8,"column":2},"end":{"line":8,"column":56}},"5":{"start":{"line":52,"column":29},"end":{"line":158,"column":1}},"6":{"start":{"line":57,"column":41},"end":{"line":57,"column":51}},"7":{"start":{"line":59,"column":2},"end":{"line":157,"column":3}},"8":{"start":{"line":61,"column":18},"end":{"line":65,"column":6}},"9":{"start":{"line":66,"column":20},"end":{"line":66,"column":89}},"10":{"start":{"line":67,"column":4},"end":{"line":70,"column":5}},"11":{"start":{"line":68,"column":6},"end":{"line":68,"column":67}},"12":{"start":{"line":69,"column":6},"end":{"line":69,"column":13}},"13":{"start":{"line":73,"column":4},"end":{"line":149,"column":5}},"14":{"start":{"line":74,"column":18},"end":{"line":74,"column":127}},"15":{"start":{"line":76,"column":6},"end":{"line":81,"column":7}},"16":{"start":{"line":77,"column":8},"end":{"line":77,"column":59}},"17":{"start":{"line":79,"column":8},"end":{"line":79,"column":83}},"18":{"start":{"line":80,"column":8},"end":{"line":80,"column":17}},"19":{"start":{"line":83,"column":27},"end":{"line":83,"column":47}},"20":{"start":{"line":84,"column":6},"end":{"line":87,"column":7}},"21":{"start":{"line":85,"column":8},"end":{"line":85,"column":60}},"22":{"start":{"line":86,"column":8},"end":{"line":86,"column":17}},"23":{"start":{"line":90,"column":79},"end":{"line":90,"column":91}},"24":{"start":{"line":92,"column":36},"end":{"line":92,"column":40}},"25":{"start":{"line":93,"column":36},"end":{"line":93,"column":40}},"26":{"start":{"line":94,"column":36},"end":{"line":94,"column":40}},"27":{"start":{"line":95,"column":36},"end":{"line":95,"column":40}},"28":{"start":{"line":96,"column":36},"end":{"line":96,"column":40}},"29":{"start":{"line":97,"column":36},"end":{"line":97,"column":40}},"30":{"start":{"line":99,"column":6},"end":{"line":116,"column":7}},"31":{"start":{"line":100,"column":8},"end":{"line":115,"column":9}},"32":{"start":{"line":101,"column":10},"end":{"line":114,"column":11}},"33":{"start":{"line":103,"column":14},"end":{"line":103,"column":35}},"34":{"start":{"line":104,"column":14},"end":{"line":104,"column":37}},"35":{"start":{"line":105,"column":14},"end":{"line":105,"column":20}},"36":{"start":{"line":107,"column":14},"end":{"line":107,"column":36}},"37":{"start":{"line":108,"column":14},"end":{"line":108,"column":38}},"38":{"start":{"line":109,"column":14},"end":{"line":109,"column":20}},"39":{"start":{"line":111,"column":14},"end":{"line":111,"column":37}},"40":{"start":{"line":112,"column":14},"end":{"line":112,"column":39}},"41":{"start":{"line":113,"column":14},"end":{"line":113,"column":20}},"42":{"start":{"line":119,"column":22},"end":{"line":137,"column":8}},"43":{"start":{"line":138,"column":6},"end":{"line":148,"column":7}},"44":{"start":{"line":139,"column":8},"end":{"line":145,"column":11}},"45":{"start":{"line":147,"column":8},"end":{"line":147,"column":84}},"46":{"start":{"line":151,"column":4},"end":{"line":153,"column":7}},"47":{"start":{"line":155,"column":4},"end":{"line":155,"column":50}},"48":{"start":{"line":156,"column":4},"end":{"line":156,"column":61}},"49":{"start":{"line":52,"column":13},"end":{"line":52,"column":29}},"50":{"start":{"line":163,"column":32},"end":{"line":242,"column":1}},"51":{"start":{"line":167,"column":31},"end":{"line":167,"column":41}},"52":{"start":{"line":169,"column":2},"end":{"line":241,"column":3}},"53":{"start":{"line":171,"column":22},"end":{"line":182,"column":6}},"54":{"start":{"line":183,"column":24},"end":{"line":183,"column":82}},"55":{"start":{"line":186,"column":22},"end":{"line":201,"column":6}},"56":{"start":{"line":186,"column":86},"end":{"line":201,"column":6}},"57":{"start":{"line":203,"column":40},"end":{"line":207,"column":6}},"58":{"start":{"line":210,"column":26},"end":{"line":214,"column":7}},"59":{"start":{"line":210,"column":53},"end":{"line":214,"column":6}},"60":{"start":{"line":216,"column":29},"end":{"line":220,"column":7}},"61":{"start":{"line":216,"column":51},"end":{"line":220,"column":6}},"62":{"start":{"line":221,"column":30},"end":{"line":225,"column":7}},"63":{"start":{"line":221,"column":53},"end":{"line":225,"column":6}},"64":{"start":{"line":226,"column":31},"end":{"line":230,"column":7}},"65":{"start":{"line":226,"column":55},"end":{"line":230,"column":6}},"66":{"start":{"line":232,"column":4},"end":{"line":237,"column":7}},"67":{"start":{"line":239,"column":4},"end":{"line":239,"column":53}},"68":{"start":{"line":240,"column":4},"end":{"line":240,"column":61}},"69":{"start":{"line":163,"column":13},"end":{"line":163,"column":32}},"70":{"start":{"line":247,"column":47},"end":{"line":299,"column":1}},"71":{"start":{"line":251,"column":31},"end":{"line":251,"column":41}},"72":{"start":{"line":253,"column":2},"end":{"line":298,"column":3}},"73":{"start":{"line":254,"column":19},"end":{"line":283,"column":6}},"74":{"start":{"line":284,"column":21},"end":{"line":284,"column":77}},"75":{"start":{"line":286,"column":19},"end":{"line":292,"column":7}},"76":{"start":{"line":286,"column":43},"end":{"line":292,"column":6}},"77":{"start":{"line":294,"column":4},"end":{"line":294,"column":55}},"78":{"start":{"line":296,"column":4},"end":{"line":296,"column":68}},"79":{"start":{"line":297,"column":4},"end":{"line":297,"column":61}},"80":{"start":{"line":247,"column":13},"end":{"line":247,"column":47}}},"fnMap":{"0":{"name":"(anonymous_1)","decl":{"start":{"line":52,"column":29},"end":{"line":52,"column":34}},"loc":{"start":{"line":56,"column":19},"end":{"line":158,"column":1}}},"1":{"name":"(anonymous_2)","decl":{"start":{"line":163,"column":32},"end":{"line":163,"column":37}},"loc":{"start":{"line":166,"column":19},"end":{"line":242,"column":1}}},"2":{"name":"(anonymous_3)","decl":{"start":{"line":186,"column":22},"end":{"line":186,"column":23}},"loc":{"start":{"line":186,"column":86},"end":{"line":201,"column":6}}},"3":{"name":"(anonymous_4)","decl":{"start":{"line":210,"column":47},"end":{"line":210,"column":48}},"loc":{"start":{"line":210,"column":53},"end":{"line":214,"column":6}}},"4":{"name":"(anonymous_5)","decl":{"start":{"line":216,"column":45},"end":{"line":216,"column":46}},"loc":{"start":{"line":216,"column":51},"end":{"line":220,"column":6}}},"5":{"name":"(anonymous_6)","decl":{"start":{"line":221,"column":47},"end":{"line":221,"column":48}},"loc":{"start":{"line":221,"column":53},"end":{"line":225,"column":6}}},"6":{"name":"(anonymous_7)","decl":{"start":{"line":226,"column":49},"end":{"line":226,"column":50}},"loc":{"start":{"line":226,"column":55},"end":{"line":230,"column":6}}},"7":{"name":"(anonymous_8)","decl":{"start":{"line":247,"column":47},"end":{"line":247,"column":52}},"loc":{"start":{"line":250,"column":19},"end":{"line":299,"column":1}}},"8":{"name":"(anonymous_9)","decl":{"start":{"line":286,"column":37},"end":{"line":286,"column":38}},"loc":{"start":{"line":286,"column":43},"end":{"line":292,"column":6}}}},"branchMap":{"0":{"loc":{"start":{"line":7,"column":0},"end":{"line":9,"column":1}},"type":"if","locations":[{"start":{"line":7,"column":0},"end":{"line":9,"column":1}}]},"1":{"loc":{"start":{"line":67,"column":4},"end":{"line":70,"column":5}},"type":"if","locations":[{"start":{"line":67,"column":4},"end":{"line":70,"column":5}}]},"2":{"loc":{"start":{"line":84,"column":6},"end":{"line":87,"column":7}},"type":"if","locations":[{"start":{"line":84,"column":6},"end":{"line":87,"column":7}}]},"3":{"loc":{"start":{"line":99,"column":6},"end":{"line":116,"column":7}},"type":"if","locations":[{"start":{"line":99,"column":6},"end":{"line":116,"column":7}}]},"4":{"loc":{"start":{"line":101,"column":10},"end":{"line":114,"column":11}},"type":"switch","locations":[{"start":{"line":102,"column":12},"end":{"line":105,"column":20}},{"start":{"line":106,"column":12},"end":{"line":109,"column":20}},{"start":{"line":110,"column":12},"end":{"line":113,"column":20}}]}},"s":{"0":0,"1":0,"2":0,"3":0,"4":0,"5":0,"6":0,"7":0,"8":0,"9":0,"10":0,"11":0,"12":0,"13":0,"14":0,"15":0,"16":0,"17":0,"18":0,"19":0,"20":0,"21":0,"22":0,"23":0,"24":0,"25":0,"26":0,"27":0,"28":0,"29":0,"30":0,"31":0,"32":0,"33":0,"34":0,"35":0,"36":0,"37":0,"38":0,"39":0,"40":0,"41":0,"42":0,"43":0,"44":0,"45":0,"46":0,"47":0,"48":0,"49":0,"50":0,"51":0,"52":0,"53":0,"54":0,"55":0,"56":0,"57":0,"58":0,"59":0,"60":0,"61":0,"62":0,"63":0,"64":0,"65":0,"66":0,"67":0,"68":0,"69":0,"70":0,"71":0,"72":0,"73":0,"74":0,"75":0,"76":0,"77":0,"78":0,"79":0,"80":0},"f":{"0":0,"1":0,"2":0,"3":0,"4":0,"5":0,"6":0,"7":0,"8":0},"b":{"0":[0],"1":[0],"2":[0],"3":[0],"4":[0,0,0]}}
,"C:\\Users\\jinhy\\Desktop\\DFO-stats\\src\\controllers\\equipmentController.ts": {"path":"C:\\Users\\jinhy\\Desktop\\DFO-stats\\src\\controllers\\equipmentController.ts","statementMap":{"0":{"start":{"line":2,"column":0},"end":{"line":2,"column":26}},"1":{"start":{"line":4,"column":0},"end":{"line":4,"column":34}},"2":{"start":{"line":6,"column":15},"end":{"line":6,"column":39}},"3":{"start":{"line":7,"column":0},"end":{"line":9,"column":1}},"4":{"start":{"line":8,"column":2},"end":{"line":8,"column":56}},"5":{"start":{"line":63,"column":30},"end":{"line":152,"column":1}},"6":{"start":{"line":68,"column":41},"end":{"line":68,"column":51}},"7":{"start":{"line":70,"column":2},"end":{"line":151,"column":3}},"8":{"start":{"line":72,"column":18},"end":{"line":76,"column":6}},"9":{"start":{"line":77,"column":20},"end":{"line":77,"column":89}},"10":{"start":{"line":78,"column":4},"end":{"line":81,"column":5}},"11":{"start":{"line":79,"column":6},"end":{"line":79,"column":67}},"12":{"start":{"line":80,"column":6},"end":{"line":80,"column":13}},"13":{"start":{"line":84,"column":4},"end":{"line":143,"column":5}},"14":{"start":{"line":85,"column":18},"end":{"line":85,"column":128}},"15":{"start":{"line":87,"column":6},"end":{"line":92,"column":7}},"16":{"start":{"line":88,"column":8},"end":{"line":88,"column":74}},"17":{"start":{"line":90,"column":8},"end":{"line":90,"column":84}},"18":{"start":{"line":91,"column":8},"end":{"line":91,"column":17}},"19":{"start":{"line":94,"column":28},"end":{"line":94,"column":49}},"20":{"start":{"line":95,"column":6},"end":{"line":98,"column":7}},"21":{"start":{"line":96,"column":8},"end":{"line":96,"column":61}},"22":{"start":{"line":97,"column":8},"end":{"line":97,"column":17}},"23":{"start":{"line":100,"column":6},"end":{"line":142,"column":7}},"24":{"start":{"line":108,"column":12},"end":{"line":108,"column":17}},"25":{"start":{"line":110,"column":31},"end":{"line":110,"column":85}},"26":{"start":{"line":111,"column":31},"end":{"line":111,"column":85}},"27":{"start":{"line":113,"column":24},"end":{"line":127,"column":10}},"28":{"start":{"line":128,"column":8},"end":{"line":141,"column":9}},"29":{"start":{"line":129,"column":10},"end":{"line":138,"column":13}},"30":{"start":{"line":140,"column":10},"end":{"line":140,"column":99}},"31":{"start":{"line":145,"column":4},"end":{"line":147,"column":7}},"32":{"start":{"line":149,"column":4},"end":{"line":149,"column":51}},"33":{"start":{"line":150,"column":4},"end":{"line":150,"column":61}},"34":{"start":{"line":63,"column":13},"end":{"line":63,"column":30}},"35":{"start":{"line":157,"column":33},"end":{"line":357,"column":1}},"36":{"start":{"line":161,"column":31},"end":{"line":161,"column":41}},"37":{"start":{"line":162,"column":23},"end":{"line":165,"column":4}},"38":{"start":{"line":167,"column":2},"end":{"line":356,"column":3}},"39":{"start":{"line":169,"column":19},"end":{"line":180,"column":6}},"40":{"start":{"line":181,"column":21},"end":{"line":181,"column":77}},"41":{"start":{"line":184,"column":19},"end":{"line":194,"column":6}},"42":{"start":{"line":195,"column":21},"end":{"line":195,"column":76}},"43":{"start":{"line":198,"column":20},"end":{"line":205,"column":6}},"44":{"start":{"line":206,"column":22},"end":{"line":206,"column":80}},"45":{"start":{"line":209,"column":17},"end":{"line":227,"column":6}},"46":{"start":{"line":228,"column":19},"end":{"line":228,"column":71}},"47":{"start":{"line":231,"column":20},"end":{"line":237,"column":6}},"48":{"start":{"line":238,"column":22},"end":{"line":238,"column":80}},"49":{"start":{"line":239,"column":50},"end":{"line":239,"column":52}},"50":{"start":{"line":240,"column":4},"end":{"line":242,"column":7}},"51":{"start":{"line":241,"column":6},"end":{"line":241,"column":63}},"52":{"start":{"line":245,"column":26},"end":{"line":251,"column":6}},"53":{"start":{"line":252,"column":28},"end":{"line":252,"column":92}},"54":{"start":{"line":253,"column":56},"end":{"line":253,"column":58}},"55":{"start":{"line":254,"column":4},"end":{"line":256,"column":7}},"56":{"start":{"line":255,"column":6},"end":{"line":255,"column":69}},"57":{"start":{"line":259,"column":23},"end":{"line":264,"column":7}},"58":{"start":{"line":259,"column":47},"end":{"line":264,"column":6}},"59":{"start":{"line":266,"column":23},"end":{"line":271,"column":7}},"60":{"start":{"line":266,"column":47},"end":{"line":271,"column":6}},"61":{"start":{"line":273,"column":24},"end":{"line":278,"column":7}},"62":{"start":{"line":273,"column":49},"end":{"line":278,"column":6}},"63":{"start":{"line":280,"column":21},"end":{"line":284,"column":7}},"64":{"start":{"line":280,"column":43},"end":{"line":284,"column":6}},"65":{"start":{"line":287,"column":59},"end":{"line":287,"column":61}},"66":{"start":{"line":288,"column":61},"end":{"line":288,"column":63}},"67":{"start":{"line":289,"column":4},"end":{"line":292,"column":7}},"68":{"start":{"line":290,"column":6},"end":{"line":290,"column":30}},"69":{"start":{"line":291,"column":6},"end":{"line":291,"column":30}},"70":{"start":{"line":294,"column":4},"end":{"line":294,"column":58}},"71":{"start":{"line":294,"column":28},"end":{"line":294,"column":56}},"72":{"start":{"line":295,"column":4},"end":{"line":297,"column":7}},"73":{"start":{"line":296,"column":6},"end":{"line":296,"column":59}},"74":{"start":{"line":296,"column":31},"end":{"line":296,"column":59}},"75":{"start":{"line":298,"column":4},"end":{"line":300,"column":7}},"76":{"start":{"line":299,"column":6},"end":{"line":299,"column":61}},"77":{"start":{"line":299,"column":32},"end":{"line":299,"column":61}},"78":{"start":{"line":302,"column":4},"end":{"line":322,"column":7}},"79":{"start":{"line":303,"column":20},"end":{"line":303,"column":44}},"80":{"start":{"line":304,"column":6},"end":{"line":311,"column":22}},"81":{"start":{"line":305,"column":19},"end":{"line":310,"column":10}},"82":{"start":{"line":313,"column":21},"end":{"line":313,"column":51}},"83":{"start":{"line":314,"column":6},"end":{"line":321,"column":22}},"84":{"start":{"line":315,"column":19},"end":{"line":320,"column":10}},"85":{"start":{"line":325,"column":24},"end":{"line":332,"column":6}},"86":{"start":{"line":333,"column":26},"end":{"line":335,"column":null}},"87":{"start":{"line":337,"column":21},"end":{"line":339,"column":9}},"88":{"start":{"line":341,"column":24},"end":{"line":346,"column":7}},"89":{"start":{"line":341,"column":43},"end":{"line":346,"column":6}},"90":{"start":{"line":348,"column":4},"end":{"line":352,"column":7}},"91":{"start":{"line":354,"column":4},"end":{"line":354,"column":54}},"92":{"start":{"line":355,"column":4},"end":{"line":355,"column":61}},"93":{"start":{"line":157,"column":13},"end":{"line":157,"column":33}},"94":{"start":{"line":362,"column":40},"end":{"line":423,"column":1}},"95":{"start":{"line":366,"column":31},"end":{"line":366,"column":41}},"96":{"start":{"line":367,"column":43},"end":{"line":371,"column":4}},"97":{"start":{"line":374,"column":21},"end":{"line":403,"column":3}},"98":{"start":{"line":375,"column":18},"end":{"line":379,"column":17}},"99":{"start":{"line":375,"column":41},"end":{"line":379,"column":6}},"100":{"start":{"line":381,"column":20},"end":{"line":386,"column":18}},"101":{"start":{"line":382,"column":19},"end":{"line":382,"column":61}},"102":{"start":{"line":383,"column":19},"end":{"line":383,"column":63}},"103":{"start":{"line":384,"column":19},"end":{"line":384,"column":37}},"104":{"start":{"line":385,"column":6},"end":{"line":385,"column":71}},"105":{"start":{"line":388,"column":21},"end":{"line":392,"column":17}},"106":{"start":{"line":389,"column":18},"end":{"line":389,"column":58}},"107":{"start":{"line":390,"column":19},"end":{"line":390,"column":63}},"108":{"start":{"line":391,"column":6},"end":{"line":391,"column":43}},"109":{"start":{"line":394,"column":4},"end":{"line":402,"column":6}},"110":{"start":{"line":405,"column":2},"end":{"line":422,"column":3}},"111":{"start":{"line":406,"column":41},"end":{"line":406,"column":43}},"112":{"start":{"line":408,"column":4},"end":{"line":416,"column":5}},"113":{"start":{"line":409,"column":22},"end":{"line":409,"column":46}},"114":{"start":{"line":410,"column":35},"end":{"line":410,"column":82}},"115":{"start":{"line":411,"column":6},"end":{"line":411,"column":34}},"116":{"start":{"line":413,"column":22},"end":{"line":413,"column":45}},"117":{"start":{"line":414,"column":35},"end":{"line":414,"column":82}},"118":{"start":{"line":415,"column":6},"end":{"line":415,"column":45}},"119":{"start":{"line":418,"column":4},"end":{"line":418,"column":22}},"120":{"start":{"line":420,"column":4},"end":{"line":420,"column":61}},"121":{"start":{"line":421,"column":4},"end":{"line":421,"column":61}},"122":{"start":{"line":362,"column":13},"end":{"line":362,"column":40}}},"fnMap":{"0":{"name":"(anonymous_1)","decl":{"start":{"line":63,"column":30},"end":{"line":63,"column":35}},"loc":{"start":{"line":67,"column":19},"end":{"line":152,"column":1}}},"1":{"name":"(anonymous_2)","decl":{"start":{"line":157,"column":33},"end":{"line":157,"column":38}},"loc":{"start":{"line":160,"column":19},"end":{"line":357,"column":1}}},"2":{"name":"(anonymous_3)","decl":{"start":{"line":240,"column":27},"end":{"line":240,"column":28}},"loc":{"start":{"line":240,"column":31},"end":{"line":242,"column":5}}},"3":{"name":"(anonymous_4)","decl":{"start":{"line":254,"column":33},"end":{"line":254,"column":34}},"loc":{"start":{"line":254,"column":37},"end":{"line":256,"column":5}}},"4":{"name":"(anonymous_5)","decl":{"start":{"line":259,"column":41},"end":{"line":259,"column":42}},"loc":{"start":{"line":259,"column":47},"end":{"line":264,"column":6}}},"5":{"name":"(anonymous_6)","decl":{"start":{"line":266,"column":41},"end":{"line":266,"column":42}},"loc":{"start":{"line":266,"column":47},"end":{"line":271,"column":6}}},"6":{"name":"(anonymous_7)","decl":{"start":{"line":273,"column":43},"end":{"line":273,"column":44}},"loc":{"start":{"line":273,"column":49},"end":{"line":278,"column":6}}},"7":{"name":"(anonymous_8)","decl":{"start":{"line":280,"column":37},"end":{"line":280,"column":38}},"loc":{"start":{"line":280,"column":43},"end":{"line":284,"column":6}}},"8":{"name":"(anonymous_9)","decl":{"start":{"line":289,"column":25},"end":{"line":289,"column":29}},"loc":{"start":{"line":289,"column":32},"end":{"line":292,"column":5}}},"9":{"name":"(anonymous_10)","decl":{"start":{"line":294,"column":23},"end":{"line":294,"column":24}},"loc":{"start":{"line":294,"column":28},"end":{"line":294,"column":56}}},"10":{"name":"(anonymous_11)","decl":{"start":{"line":295,"column":23},"end":{"line":295,"column":24}},"loc":{"start":{"line":295,"column":27},"end":{"line":297,"column":5}}},"11":{"name":"(anonymous_12)","decl":{"start":{"line":298,"column":24},"end":{"line":298,"column":25}},"loc":{"start":{"line":298,"column":28},"end":{"line":300,"column":5}}},"12":{"name":"(anonymous_13)","decl":{"start":{"line":302,"column":25},"end":{"line":302,"column":29}},"loc":{"start":{"line":302,"column":32},"end":{"line":322,"column":5}}},"13":{"name":"(anonymous_14)","decl":{"start":{"line":305,"column":13},"end":{"line":305,"column":14}},"loc":{"start":{"line":305,"column":19},"end":{"line":310,"column":10}}},"14":{"name":"(anonymous_15)","decl":{"start":{"line":315,"column":13},"end":{"line":315,"column":14}},"loc":{"start":{"line":315,"column":19},"end":{"line":320,"column":10}}},"15":{"name":"(anonymous_16)","decl":{"start":{"line":341,"column":37},"end":{"line":341,"column":38}},"loc":{"start":{"line":341,"column":43},"end":{"line":346,"column":6}}},"16":{"name":"(anonymous_17)","decl":{"start":{"line":362,"column":40},"end":{"line":362,"column":45}},"loc":{"start":{"line":365,"column":19},"end":{"line":423,"column":1}}},"17":{"name":"(anonymous_18)","decl":{"start":{"line":374,"column":21},"end":{"line":374,"column":22}},"loc":{"start":{"line":374,"column":60},"end":{"line":403,"column":3}}},"18":{"name":"(anonymous_19)","decl":{"start":{"line":375,"column":28},"end":{"line":375,"column":29}},"loc":{"start":{"line":375,"column":41},"end":{"line":379,"column":6}}},"19":{"name":"(anonymous_20)","decl":{"start":{"line":381,"column":30},"end":{"line":381,"column":31}},"loc":{"start":{"line":381,"column":42},"end":{"line":386,"column":5}}},"20":{"name":"(anonymous_21)","decl":{"start":{"line":388,"column":31},"end":{"line":388,"column":32}},"loc":{"start":{"line":388,"column":43},"end":{"line":392,"column":5}}}},"branchMap":{"0":{"loc":{"start":{"line":7,"column":0},"end":{"line":9,"column":1}},"type":"if","locations":[{"start":{"line":7,"column":0},"end":{"line":9,"column":1}}]},"1":{"loc":{"start":{"line":78,"column":4},"end":{"line":81,"column":5}},"type":"if","locations":[{"start":{"line":78,"column":4},"end":{"line":81,"column":5}}]},"2":{"loc":{"start":{"line":95,"column":6},"end":{"line":98,"column":7}},"type":"if","locations":[{"start":{"line":95,"column":6},"end":{"line":98,"column":7}}]},"3":{"loc":{"start":{"line":110,"column":31},"end":{"line":110,"column":85}},"type":"binary-expr","locations":[{"start":{"line":110,"column":32},"end":{"line":110,"column":51}},{"start":{"line":110,"column":55},"end":{"line":110,"column":74}},{"start":{"line":110,"column":81},"end":{"line":110,"column":85}}]},"4":{"loc":{"start":{"line":111,"column":31},"end":{"line":111,"column":85}},"type":"binary-expr","locations":[{"start":{"line":111,"column":32},"end":{"line":111,"column":51}},{"start":{"line":111,"column":55},"end":{"line":111,"column":76}},{"start":{"line":111,"column":81},"end":{"line":111,"column":85}}]},"5":{"loc":{"start":{"line":296,"column":6},"end":{"line":296,"column":59}},"type":"if","locations":[{"start":{"line":296,"column":6},"end":{"line":296,"column":59}}]},"6":{"loc":{"start":{"line":299,"column":6},"end":{"line":299,"column":61}},"type":"if","locations":[{"start":{"line":299,"column":6},"end":{"line":299,"column":61}}]},"7":{"loc":{"start":{"line":303,"column":20},"end":{"line":303,"column":44}},"type":"binary-expr","locations":[{"start":{"line":303,"column":20},"end":{"line":303,"column":39}},{"start":{"line":303,"column":43},"end":{"line":303,"column":44}}]},"8":{"loc":{"start":{"line":307,"column":22},"end":{"line":309,"column":15}},"type":"cond-expr","locations":[{"start":{"line":308,"column":14},"end":{"line":308,"column":60}},{"start":{"line":309,"column":14},"end":{"line":309,"column":15}}]},"9":{"loc":{"start":{"line":313,"column":21},"end":{"line":313,"column":51}},"type":"binary-expr","locations":[{"start":{"line":313,"column":21},"end":{"line":313,"column":46}},{"start":{"line":313,"column":50},"end":{"line":313,"column":51}}]},"10":{"loc":{"start":{"line":317,"column":22},"end":{"line":319,"column":15}},"type":"cond-expr","locations":[{"start":{"line":318,"column":14},"end":{"line":318,"column":61}},{"start":{"line":319,"column":14},"end":{"line":319,"column":15}}]},"11":{"loc":{"start":{"line":337,"column":21},"end":{"line":339,"column":9}},"type":"cond-expr","locations":[{"start":{"line":338,"column":8},"end":{"line":338,"column":57}},{"start":{"line":339,"column":8},"end":{"line":339,"column":9}}]},"12":{"loc":{"start":{"line":343,"column":18},"end":{"line":345,"column":11}},"type":"cond-expr","locations":[{"start":{"line":344,"column":10},"end":{"line":344,"column":59}},{"start":{"line":345,"column":10},"end":{"line":345,"column":11}}]},"13":{"loc":{"start":{"line":374,"column":39},"end":{"line":374,"column":56}},"type":"default-arg","locations":[{"start":{"line":374,"column":51},"end":{"line":374,"column":56}}]},"14":{"loc":{"start":{"line":382,"column":19},"end":{"line":382,"column":61}},"type":"cond-expr","locations":[{"start":{"line":382,"column":31},"end":{"line":382,"column":47}},{"start":{"line":382,"column":52},"end":{"line":382,"column":61}}]},"15":{"loc":{"start":{"line":383,"column":19},"end":{"line":383,"column":63}},"type":"cond-expr","locations":[{"start":{"line":383,"column":31},"end":{"line":383,"column":49}},{"start":{"line":383,"column":52},"end":{"line":383,"column":63}}]},"16":{"loc":{"start":{"line":389,"column":18},"end":{"line":389,"column":58}},"type":"cond-expr","locations":[{"start":{"line":389,"column":30},"end":{"line":389,"column":46}},{"start":{"line":389,"column":49},"end":{"line":389,"column":58}}]},"17":{"loc":{"start":{"line":390,"column":19},"end":{"line":390,"column":63}},"type":"cond-expr","locations":[{"start":{"line":390,"column":31},"end":{"line":390,"column":49}},{"start":{"line":390,"column":52},"end":{"line":390,"column":63}}]}},"s":{"0":0,"1":0,"2":0,"3":0,"4":0,"5":0,"6":0,"7":0,"8":0,"9":0,"10":0,"11":0,"12":0,"13":0,"14":0,"15":0,"16":0,"17":0,"18":0,"19":0,"20":0,"21":0,"22":0,"23":0,"24":0,"25":0,"26":0,"27":0,"28":0,"29":0,"30":0,"31":0,"32":0,"33":0,"34":0,"35":0,"36":0,"37":0,"38":0,"39":0,"40":0,"41":0,"42":0,"43":0,"44":0,"45":0,"46":0,"47":0,"48":0,"49":0,"50":0,"51":0,"52":0,"53":0,"54":0,"55":0,"56":0,"57":0,"58":0,"59":0,"60":0,"61":0,"62":0,"63":0,"64":0,"65":0,"66":0,"67":0,"68":0,"69":0,"70":0,"71":0,"72":0,"73":0,"74":0,"75":0,"76":0,"77":0,"78":0,"79":0,"80":0,"81":0,"82":0,"83":0,"84":0,"85":0,"86":0,"87":0,"88":0,"89":0,"90":0,"91":0,"92":0,"93":0,"94":0,"95":0,"96":0,"97":0,"98":0,"99":0,"100":0,"101":0,"102":0,"103":0,"104":0,"105":0,"106":0,"107":0,"108":0,"109":0,"110":0,"111":0,"112":0,"113":0,"114":0,"115":0,"116":0,"117":0,"118":0,"119":0,"120":0,"121":0,"122":0},"f":{"0":0,"1":0,"2":0,"3":0,"4":0,"5":0,"6":0,"7":0,"8":0,"9":0,"10":0,"11":0,"12":0,"13":0,"14":0,"15":0,"16":0,"17":0,"18":0,"19":0,"20":0},"b":{"0":[0],"1":[0],"2":[0],"3":[0,0,0],"4":[0,0,0],"5":[0],"6":[0],"7":[0,0],"8":[0,0],"9":[0,0],"10":[0,0],"11":[0,0],"12":[0,0],"13":[0],"14":[0,0],"15":[0,0],"16":[0,0],"17":[0,0]}}
,"C:\\Users\\jinhy\\Desktop\\DFO-stats\\src\\controllers\\itemController.ts": {"path":"C:\\Users\\jinhy\\Desktop\\DFO-stats\\src\\controllers\\itemController.ts","statementMap":{"0":{"start":{"line":2,"column":0},"end":{"line":2,"column":26}},"1":{"start":{"line":5,"column":15},"end":{"line":5,"column":39}},"2":{"start":{"line":6,"column":0},"end":{"line":8,"column":1}},"3":{"start":{"line":7,"column":2},"end":{"line":7,"column":56}},"4":{"start":{"line":11,"column":63},"end":{"line":30,"column":1}},"5":{"start":{"line":16,"column":21},"end":{"line":16,"column":31}},"6":{"start":{"line":17,"column":2},"end":{"line":17,"column":83}},"7":{"start":{"line":19,"column":2},"end":{"line":29,"column":3}},"8":{"start":{"line":20,"column":16},"end":{"line":20,"column":79}},"9":{"start":{"line":21,"column":19},"end":{"line":21,"column":60}},"10":{"start":{"line":22,"column":4},"end":{"line":22,"column":26}},"11":{"start":{"line":24,"column":4},"end":{"line":27,"column":6}},"12":{"start":{"line":28,"column":4},"end":{"line":28,"column":65}},"13":{"start":{"line":11,"column":13},"end":{"line":11,"column":63}}},"fnMap":{"0":{"name":"(anonymous_1)","decl":{"start":{"line":11,"column":63},"end":{"line":11,"column":68}},"loc":{"start":{"line":15,"column":19},"end":{"line":30,"column":1}}}},"branchMap":{"0":{"loc":{"start":{"line":6,"column":0},"end":{"line":8,"column":1}},"type":"if","locations":[{"start":{"line":6,"column":0},"end":{"line":8,"column":1}}]},"1":{"loc":{"start":{"line":17,"column":50},"end":{"line":17,"column":79}},"type":"cond-expr","locations":[{"start":{"line":17,"column":59},"end":{"line":17,"column":63}},{"start":{"line":17,"column":66},"end":{"line":17,"column":79}}]},"2":{"loc":{"start":{"line":26,"column":6},"end":{"line":26,"column":72}},"type":"cond-expr","locations":[{"start":{"line":26,"column":29},"end":{"line":26,"column":58}},{"start":{"line":26,"column":61},"end":{"line":26,"column":72}}]}},"s":{"0":0,"1":0,"2":0,"3":0,"4":0,"5":0,"6":0,"7":0,"8":0,"9":0,"10":0,"11":0,"12":0,"13":0},"f":{"0":0},"b":{"0":[0],"1":[0,0],"2":[0,0]}}
,"C:\\Users\\jinhy\\Desktop\\DFO-stats\\src\\controllers\\serverController.ts": {"path":"C:\\Users\\jinhy\\Desktop\\DFO-stats\\src\\controllers\\serverController.ts","statementMap":{"0":{"start":{"line":2,"column":0},"end":{"line":2,"column":26}},"1":{"start":{"line":5,"column":15},"end":{"line":5,"column":39}},"2":{"start":{"line":6,"column":0},"end":{"line":8,"column":1}},"3":{"start":{"line":7,"column":2},"end":{"line":7,"column":56}},"4":{"start":{"line":23,"column":42},"end":{"line":39,"column":1}},"5":{"start":{"line":24,"column":2},"end":{"line":38,"column":3}},"6":{"start":{"line":25,"column":16},"end":{"line":25,"column":71}},"7":{"start":{"line":26,"column":21},"end":{"line":26,"column":61}},"8":{"start":{"line":29,"column":4},"end":{"line":31,"column":7}},"9":{"start":{"line":30,"column":6},"end":{"line":30,"column":35}},"10":{"start":{"line":34,"column":4},"end":{"line":34,"column":28}},"11":{"start":{"line":36,"column":4},"end":{"line":36,"column":58}},"12":{"start":{"line":37,"column":4},"end":{"line":37,"column":61}},"13":{"start":{"line":23,"column":13},"end":{"line":23,"column":42}}},"fnMap":{"0":{"name":"(anonymous_1)","decl":{"start":{"line":23,"column":42},"end":{"line":23,"column":47}},"loc":{"start":{"line":23,"column":61},"end":{"line":39,"column":1}}},"1":{"name":"(anonymous_2)","decl":{"start":{"line":29,"column":31},"end":{"line":29,"column":32}},"loc":{"start":{"line":29,"column":42},"end":{"line":31,"column":5}}}},"branchMap":{"0":{"loc":{"start":{"line":6,"column":0},"end":{"line":8,"column":1}},"type":"if","locations":[{"start":{"line":6,"column":0},"end":{"line":8,"column":1}}]}},"s":{"0":0,"1":0,"2":0,"3":0,"4":0,"5":0,"6":0,"7":0,"8":0,"9":0,"10":0,"11":0,"12":0,"13":0},"f":{"0":0,"1":0},"b":{"0":[0]}}
,"C:\\Users\\jinhy\\Desktop\\DFO-stats\\src\\controllers\\skillController.ts": {"path":"C:\\Users\\jinhy\\Desktop\\DFO-stats\\src\\controllers\\skillController.ts","statementMap":{"0":{"start":{"line":2,"column":0},"end":{"line":2,"column":26}},"1":{"start":{"line":4,"column":0},"end":{"line":4,"column":34}},"2":{"start":{"line":6,"column":15},"end":{"line":6,"column":39}},"3":{"start":{"line":7,"column":0},"end":{"line":9,"column":1}},"4":{"start":{"line":8,"column":2},"end":{"line":8,"column":56}},"5":{"start":{"line":47,"column":5},"end":{"line":128,"column":1}},"6":{"start":{"line":48,"column":41},"end":{"line":48,"column":51}},"7":{"start":{"line":50,"column":2},"end":{"line":127,"column":3}},"8":{"start":{"line":52,"column":18},"end":{"line":56,"column":6}},"9":{"start":{"line":57,"column":20},"end":{"line":61,"column":6}},"10":{"start":{"line":63,"column":4},"end":{"line":68,"column":5}},"11":{"start":{"line":64,"column":6},"end":{"line":66,"column":9}},"12":{"start":{"line":67,"column":6},"end":{"line":67,"column":13}},"13":{"start":{"line":71,"column":4},"end":{"line":119,"column":5}},"14":{"start":{"line":72,"column":18},"end":{"line":72,"column":124}},"15":{"start":{"line":74,"column":6},"end":{"line":79,"column":7}},"16":{"start":{"line":75,"column":8},"end":{"line":75,"column":56}},"17":{"start":{"line":77,"column":8},"end":{"line":77,"column":81}},"18":{"start":{"line":78,"column":8},"end":{"line":78,"column":17}},"19":{"start":{"line":81,"column":20},"end":{"line":81,"column":43}},"20":{"start":{"line":82,"column":6},"end":{"line":85,"column":7}},"21":{"start":{"line":83,"column":8},"end":{"line":83,"column":73}},"22":{"start":{"line":84,"column":8},"end":{"line":84,"column":17}},"23":{"start":{"line":87,"column":24},"end":{"line":90,"column":8}},"24":{"start":{"line":92,"column":6},"end":{"line":118,"column":7}},"25":{"start":{"line":93,"column":56},"end":{"line":93,"column":58}},"26":{"start":{"line":94,"column":24},"end":{"line":103,"column":10}},"27":{"start":{"line":104,"column":8},"end":{"line":117,"column":9}},"28":{"start":{"line":105,"column":10},"end":{"line":111,"column":13}},"29":{"start":{"line":113,"column":10},"end":{"line":116,"column":12}},"30":{"start":{"line":121,"column":4},"end":{"line":123,"column":7}},"31":{"start":{"line":125,"column":4},"end":{"line":125,"column":55}},"32":{"start":{"line":126,"column":4},"end":{"line":126,"column":61}},"33":{"start":{"line":43,"column":13},"end":{"line":43,"column":null}},"34":{"start":{"line":136,"column":5},"end":{"line":174,"column":1}},"35":{"start":{"line":137,"column":31},"end":{"line":137,"column":41}},"36":{"start":{"line":139,"column":2},"end":{"line":173,"column":3}},"37":{"start":{"line":140,"column":19},"end":{"line":155,"column":6}},"38":{"start":{"line":156,"column":21},"end":{"line":159,"column":6}},"39":{"start":{"line":161,"column":23},"end":{"line":167,"column":7}},"40":{"start":{"line":161,"column":51},"end":{"line":167,"column":6}},"41":{"start":{"line":169,"column":4},"end":{"line":169,"column":29}},"42":{"start":{"line":171,"column":4},"end":{"line":171,"column":54}},"43":{"start":{"line":172,"column":4},"end":{"line":172,"column":61}},"44":{"start":{"line":133,"column":13},"end":{"line":133,"column":null}}},"fnMap":{"0":{"name":"(anonymous_1)","decl":{"start":{"line":47,"column":5},"end":{"line":47,"column":10}},"loc":{"start":{"line":47,"column":24},"end":{"line":128,"column":1}}},"1":{"name":"(anonymous_2)","decl":{"start":{"line":136,"column":5},"end":{"line":136,"column":10}},"loc":{"start":{"line":136,"column":24},"end":{"line":174,"column":1}}},"2":{"name":"(anonymous_3)","decl":{"start":{"line":161,"column":41},"end":{"line":161,"column":42}},"loc":{"start":{"line":161,"column":51},"end":{"line":167,"column":6}}}},"branchMap":{"0":{"loc":{"start":{"line":7,"column":0},"end":{"line":9,"column":1}},"type":"if","locations":[{"start":{"line":7,"column":0},"end":{"line":9,"column":1}}]},"1":{"loc":{"start":{"line":63,"column":4},"end":{"line":68,"column":5}},"type":"if","locations":[{"start":{"line":63,"column":4},"end":{"line":68,"column":5}}]},"2":{"loc":{"start":{"line":82,"column":6},"end":{"line":85,"column":7}},"type":"if","locations":[{"start":{"line":82,"column":6},"end":{"line":85,"column":7}}]},"3":{"loc":{"start":{"line":88,"column":12},"end":{"line":88,"column":31}},"type":"binary-expr","locations":[{"start":{"line":88,"column":12},"end":{"line":88,"column":24}},{"start":{"line":88,"column":29},"end":{"line":88,"column":31}}]},"4":{"loc":{"start":{"line":89,"column":12},"end":{"line":89,"column":31}},"type":"binary-expr","locations":[{"start":{"line":89,"column":12},"end":{"line":89,"column":25}},{"start":{"line":89,"column":29},"end":{"line":89,"column":31}}]}},"s":{"0":0,"1":0,"2":0,"3":0,"4":0,"5":0,"6":0,"7":0,"8":0,"9":0,"10":0,"11":0,"12":0,"13":0,"14":0,"15":0,"16":0,"17":0,"18":0,"19":0,"20":0,"21":0,"22":0,"23":0,"24":0,"25":0,"26":0,"27":0,"28":0,"29":0,"30":0,"31":0,"32":0,"33":0,"34":0,"35":0,"36":0,"37":0,"38":0,"39":0,"40":0,"41":0,"42":0,"43":0,"44":0},"f":{"0":0,"1":0,"2":0},"b":{"0":[0],"1":[0],"2":[0],"3":[0,0],"4":[0,0]}}
,"C:\\Users\\jinhy\\Desktop\\DFO-stats\\src\\controllers\\talismanController.ts": {"path":"C:\\Users\\jinhy\\Desktop\\DFO-stats\\src\\controllers\\talismanController.ts","statementMap":{"0":{"start":{"line":2,"column":0},"end":{"line":2,"column":26}},"1":{"start":{"line":4,"column":0},"end":{"line":4,"column":34}},"2":{"start":{"line":6,"column":15},"end":{"line":6,"column":39}},"3":{"start":{"line":7,"column":0},"end":{"line":9,"column":1}},"4":{"start":{"line":8,"column":2},"end":{"line":8,"column":56}},"5":{"start":{"line":52,"column":5},"end":{"line":134,"column":1}},"6":{"start":{"line":53,"column":41},"end":{"line":53,"column":51}},"7":{"start":{"line":55,"column":2},"end":{"line":133,"column":3}},"8":{"start":{"line":57,"column":18},"end":{"line":61,"column":6}},"9":{"start":{"line":62,"column":20},"end":{"line":62,"column":89}},"10":{"start":{"line":63,"column":4},"end":{"line":66,"column":5}},"11":{"start":{"line":64,"column":6},"end":{"line":64,"column":91}},"12":{"start":{"line":65,"column":6},"end":{"line":65,"column":13}},"13":{"start":{"line":69,"column":4},"end":{"line":125,"column":5}},"14":{"start":{"line":70,"column":18},"end":{"line":70,"column":127}},"15":{"start":{"line":72,"column":6},"end":{"line":77,"column":7}},"16":{"start":{"line":73,"column":8},"end":{"line":73,"column":59}},"17":{"start":{"line":75,"column":8},"end":{"line":75,"column":88}},"18":{"start":{"line":76,"column":8},"end":{"line":76,"column":17}},"19":{"start":{"line":79,"column":22},"end":{"line":79,"column":43}},"20":{"start":{"line":80,"column":6},"end":{"line":83,"column":7}},"21":{"start":{"line":81,"column":8},"end":{"line":81,"column":76}},"22":{"start":{"line":82,"column":8},"end":{"line":82,"column":17}},"23":{"start":{"line":85,"column":6},"end":{"line":124,"column":7}},"24":{"start":{"line":86,"column":18},"end":{"line":86,"column":32}},"25":{"start":{"line":87,"column":8},"end":{"line":87,"column":25}},"26":{"start":{"line":87,"column":16},"end":{"line":87,"column":25}},"27":{"start":{"line":89,"column":95},"end":{"line":89,"column":96}},"28":{"start":{"line":90,"column":22},"end":{"line":90,"column":67}},"29":{"start":{"line":92,"column":8},"end":{"line":123,"column":9}},"30":{"start":{"line":93,"column":85},"end":{"line":93,"column":89}},"31":{"start":{"line":94,"column":26},"end":{"line":106,"column":12}},"32":{"start":{"line":107,"column":10},"end":{"line":122,"column":11}},"33":{"start":{"line":108,"column":12},"end":{"line":116,"column":15}},"34":{"start":{"line":118,"column":12},"end":{"line":121,"column":14}},"35":{"start":{"line":127,"column":4},"end":{"line":129,"column":7}},"36":{"start":{"line":131,"column":4},"end":{"line":131,"column":67}},"37":{"start":{"line":132,"column":4},"end":{"line":132,"column":61}},"38":{"start":{"line":48,"column":13},"end":{"line":48,"column":null}},"39":{"start":{"line":142,"column":5},"end":{"line":202,"column":1}},"40":{"start":{"line":143,"column":31},"end":{"line":143,"column":41}},"41":{"start":{"line":145,"column":2},"end":{"line":201,"column":3}},"42":{"start":{"line":147,"column":22},"end":{"line":163,"column":6}},"43":{"start":{"line":164,"column":24},"end":{"line":164,"column":91}},"44":{"start":{"line":167,"column":18},"end":{"line":177,"column":6}},"45":{"start":{"line":178,"column":20},"end":{"line":178,"column":79}},"46":{"start":{"line":181,"column":26},"end":{"line":187,"column":19}},"47":{"start":{"line":182,"column":17},"end":{"line":186,"column":8}},"48":{"start":{"line":189,"column":22},"end":{"line":195,"column":19}},"49":{"start":{"line":190,"column":17},"end":{"line":194,"column":8}},"50":{"start":{"line":197,"column":4},"end":{"line":197,"column":43}},"51":{"start":{"line":199,"column":4},"end":{"line":199,"column":66}},"52":{"start":{"line":200,"column":4},"end":{"line":200,"column":61}},"53":{"start":{"line":139,"column":13},"end":{"line":139,"column":null}}},"fnMap":{"0":{"name":"(anonymous_1)","decl":{"start":{"line":52,"column":5},"end":{"line":52,"column":10}},"loc":{"start":{"line":52,"column":24},"end":{"line":134,"column":1}}},"1":{"name":"(anonymous_2)","decl":{"start":{"line":142,"column":5},"end":{"line":142,"column":10}},"loc":{"start":{"line":142,"column":24},"end":{"line":202,"column":1}}},"2":{"name":"(anonymous_3)","decl":{"start":{"line":182,"column":11},"end":{"line":182,"column":12}},"loc":{"start":{"line":182,"column":17},"end":{"line":186,"column":8}}},"3":{"name":"(anonymous_4)","decl":{"start":{"line":190,"column":11},"end":{"line":190,"column":12}},"loc":{"start":{"line":190,"column":17},"end":{"line":194,"column":8}}}},"branchMap":{"0":{"loc":{"start":{"line":7,"column":0},"end":{"line":9,"column":1}},"type":"if","locations":[{"start":{"line":7,"column":0},"end":{"line":9,"column":1}}]},"1":{"loc":{"start":{"line":63,"column":4},"end":{"line":66,"column":5}},"type":"if","locations":[{"start":{"line":63,"column":4},"end":{"line":66,"column":5}}]},"2":{"loc":{"start":{"line":80,"column":6},"end":{"line":83,"column":7}},"type":"if","locations":[{"start":{"line":80,"column":6},"end":{"line":83,"column":7}}]},"3":{"loc":{"start":{"line":87,"column":8},"end":{"line":87,"column":25}},"type":"if","locations":[{"start":{"line":87,"column":8},"end":{"line":87,"column":25}}]},"4":{"loc":{"start":{"line":90,"column":22},"end":{"line":90,"column":67}},"type":"cond-expr","locations":[{"start":{"line":90,"column":51},"end":{"line":90,"column":62}},{"start":{"line":90,"column":65},"end":{"line":90,"column":67}}]}},"s":{"0":0,"1":0,"2":0,"3":0,"4":0,"5":0,"6":0,"7":0,"8":0,"9":0,"10":0,"11":0,"12":0,"13":0,"14":0,"15":0,"16":0,"17":0,"18":0,"19":0,"20":0,"21":0,"22":0,"23":0,"24":0,"25":0,"26":0,"27":0,"28":0,"29":0,"30":0,"31":0,"32":0,"33":0,"34":0,"35":0,"36":0,"37":0,"38":0,"39":0,"40":0,"41":0,"42":0,"43":0,"44":0,"45":0,"46":0,"47":0,"48":0,"49":0,"50":0,"51":0,"52":0,"53":0},"f":{"0":0,"1":0,"2":0,"3":0},"b":{"0":[0],"1":[0],"2":[0],"3":[0],"4":[0,0]}}
,"C:\\Users\\jinhy\\Desktop\\DFO-stats\\src\\models\\db.ts": {"path":"C:\\Users\\jinhy\\Desktop\\DFO-stats\\src\\models\\db.ts","statementMap":{"0":{"start":{"line":2,"column":0},"end":{"line":2,"column":23}},"1":{"start":{"line":3,"column":0},"end":{"line":3,"column":41}},"2":{"start":{"line":6,"column":15},"end":{"line":12,"column":2}},"3":{"start":{"line":15,"column":0},"end":{"line":26,"column":5}},"4":{"start":{"line":18,"column":4},"end":{"line":18,"column":57}},"5":{"start":{"line":19,"column":4},"end":{"line":19,"column":66}},"6":{"start":{"line":22,"column":4},"end":{"line":22,"column":60}},"7":{"start":{"line":25,"column":4},"end":{"line":25,"column":50}},"8":{"start":{"line":29,"column":0},"end":{"line":33,"column":3}},"9":{"start":{"line":30,"column":2},"end":{"line":30,"column":21}},"10":{"start":{"line":31,"column":2},"end":{"line":31,"column":56}},"11":{"start":{"line":32,"column":2},"end":{"line":32,"column":18}},"12":{"start":{"line":35,"column":0},"end":{"line":35,"column":22}}},"fnMap":{"0":{"name":"(anonymous_0)","decl":{"start":{"line":17,"column":8},"end":{"line":17,"column":11}},"loc":{"start":{"line":17,"column":13},"end":{"line":20,"column":3}}},"1":{"name":"(anonymous_1)","decl":{"start":{"line":21,"column":8},"end":{"line":21,"column":9}},"loc":{"start":{"line":21,"column":50},"end":{"line":23,"column":3}}},"2":{"name":"(anonymous_2)","decl":{"start":{"line":24,"column":9},"end":{"line":24,"column":10}},"loc":{"start":{"line":24,"column":24},"end":{"line":26,"column":3}}},"3":{"name":"(anonymous_3)","decl":{"start":{"line":29,"column":21},"end":{"line":29,"column":26}},"loc":{"start":{"line":29,"column":32},"end":{"line":33,"column":1}}}},"branchMap":{"0":{"loc":{"start":{"line":11,"column":8},"end":{"line":11,"column":70}},"type":"cond-expr","locations":[{"start":{"line":11,"column":30},"end":{"line":11,"column":63}},{"start":{"line":11,"column":66},"end":{"line":11,"column":70}}]}},"s":{"0":0,"1":0,"2":0,"3":0,"4":0,"5":0,"6":0,"7":0,"8":0,"9":0,"10":0,"11":0,"12":0},"f":{"0":0,"1":0,"2":0,"3":0},"b":{"0":[0,0]}}
,"C:\\Users\\jinhy\\Desktop\\DFO-stats\\src\\routes\\avatarRoutes.ts": {"path":"C:\\Users\\jinhy\\Desktop\\DFO-stats\\src\\routes\\avatarRoutes.ts","statementMap":{"0":{"start":{"line":2,"column":0},"end":{"line":2,"column":33}},"1":{"start":{"line":3,"column":0},"end":{"line":3,"column":76}},"2":{"start":{"line":5,"column":15},"end":{"line":5,"column":23}},"3":{"start":{"line":8,"column":0},"end":{"line":11,"column":2}},"4":{"start":{"line":14,"column":0},"end":{"line":17,"column":2}},"5":{"start":{"line":19,"column":0},"end":{"line":19,"column":22}}},"fnMap":{},"branchMap":{},"s":{"0":0,"1":0,"2":0,"3":0,"4":0,"5":0},"f":{},"b":{}}
,"C:\\Users\\jinhy\\Desktop\\DFO-stats\\src\\routes\\characterRoutes.ts": {"path":"C:\\Users\\jinhy\\Desktop\\DFO-stats\\src\\routes\\characterRoutes.ts","statementMap":{"0":{"start":{"line":2,"column":0},"end":{"line":2,"column":33}},"1":{"start":{"line":3,"column":0},"end":{"line":3,"column":66}},"2":{"start":{"line":5,"column":15},"end":{"line":5,"column":23}},"3":{"start":{"line":8,"column":0},"end":{"line":8,"column":57}},"4":{"start":{"line":10,"column":0},"end":{"line":10,"column":22}}},"fnMap":{},"branchMap":{},"s":{"0":0,"1":0,"2":0,"3":0,"4":0},"f":{},"b":{}}
,"C:\\Users\\jinhy\\Desktop\\DFO-stats\\src\\routes\\creatureRoutes.ts": {"path":"C:\\Users\\jinhy\\Desktop\\DFO-stats\\src\\routes\\creatureRoutes.ts","statementMap":{"0":{"start":{"line":2,"column":0},"end":{"line":2,"column":33}},"1":{"start":{"line":3,"column":0},"end":{"line":3,"column":null}},"2":{"start":{"line":9,"column":15},"end":{"line":9,"column":23}},"3":{"start":{"line":12,"column":0},"end":{"line":15,"column":2}},"4":{"start":{"line":18,"column":0},"end":{"line":21,"column":2}},"5":{"start":{"line":24,"column":0},"end":{"line":27,"column":2}},"6":{"start":{"line":29,"column":0},"end":{"line":29,"column":22}}},"fnMap":{},"branchMap":{},"s":{"0":0,"1":0,"2":0,"3":0,"4":0,"5":0,"6":0},"f":{},"b":{}}
,"C:\\Users\\jinhy\\Desktop\\DFO-stats\\src\\routes\\equipmentRoutes.ts": {"path":"C:\\Users\\jinhy\\Desktop\\DFO-stats\\src\\routes\\equipmentRoutes.ts","statementMap":{"0":{"start":{"line":2,"column":0},"end":{"line":2,"column":33}},"1":{"start":{"line":3,"column":0},"end":{"line":3,"column":null}},"2":{"start":{"line":9,"column":15},"end":{"line":9,"column":23}},"3":{"start":{"line":12,"column":0},"end":{"line":15,"column":2}},"4":{"start":{"line":18,"column":0},"end":{"line":21,"column":2}},"5":{"start":{"line":24,"column":0},"end":{"line":27,"column":2}},"6":{"start":{"line":29,"column":0},"end":{"line":29,"column":22}}},"fnMap":{},"branchMap":{},"s":{"0":0,"1":0,"2":0,"3":0,"4":0,"5":0,"6":0},"f":{},"b":{}}
,"C:\\Users\\jinhy\\Desktop\\DFO-stats\\src\\routes\\itemRoutes.ts": {"path":"C:\\Users\\jinhy\\Desktop\\DFO-stats\\src\\routes\\itemRoutes.ts","statementMap":{"0":{"start":{"line":2,"column":0},"end":{"line":2,"column":33}},"1":{"start":{"line":3,"column":0},"end":{"line":3,"column":60}},"2":{"start":{"line":5,"column":15},"end":{"line":5,"column":23}},"3":{"start":{"line":8,"column":0},"end":{"line":11,"column":2}},"4":{"start":{"line":13,"column":0},"end":{"line":13,"column":22}}},"fnMap":{},"branchMap":{},"s":{"0":0,"1":0,"2":0,"3":0,"4":0},"f":{},"b":{}}
,"C:\\Users\\jinhy\\Desktop\\DFO-stats\\src\\routes\\serverRoutes.ts": {"path":"C:\\Users\\jinhy\\Desktop\\DFO-stats\\src\\routes\\serverRoutes.ts","statementMap":{"0":{"start":{"line":2,"column":0},"end":{"line":2,"column":33}},"1":{"start":{"line":3,"column":0},"end":{"line":3,"column":61}},"2":{"start":{"line":5,"column":15},"end":{"line":5,"column":23}},"3":{"start":{"line":8,"column":0},"end":{"line":8,"column":28}},"4":{"start":{"line":10,"column":0},"end":{"line":10,"column":22}}},"fnMap":{},"branchMap":{},"s":{"0":0,"1":0,"2":0,"3":0,"4":0},"f":{},"b":{}}
,"C:\\Users\\jinhy\\Desktop\\DFO-stats\\src\\routes\\skillRoutes.ts": {"path":"C:\\Users\\jinhy\\Desktop\\DFO-stats\\src\\routes\\skillRoutes.ts","statementMap":{"0":{"start":{"line":2,"column":0},"end":{"line":2,"column":33}},"1":{"start":{"line":3,"column":0},"end":{"line":3,"column":null}},"2":{"start":{"line":8,"column":15},"end":{"line":8,"column":23}},"3":{"start":{"line":11,"column":0},"end":{"line":14,"column":2}},"4":{"start":{"line":17,"column":0},"end":{"line":20,"column":2}},"5":{"start":{"line":22,"column":0},"end":{"line":22,"column":22}}},"fnMap":{},"branchMap":{},"s":{"0":0,"1":0,"2":0,"3":0,"4":0,"5":0},"f":{},"b":{}}
,"C:\\Users\\jinhy\\Desktop\\DFO-stats\\src\\routes\\talismanRoutes.ts": {"path":"C:\\Users\\jinhy\\Desktop\\DFO-stats\\src\\routes\\talismanRoutes.ts","statementMap":{"0":{"start":{"line":2,"column":0},"end":{"line":2,"column":33}},"1":{"start":{"line":3,"column":0},"end":{"line":3,"column":null}},"2":{"start":{"line":8,"column":15},"end":{"line":8,"column":23}},"3":{"start":{"line":11,"column":0},"end":{"line":14,"column":2}},"4":{"start":{"line":17,"column":0},"end":{"line":20,"column":2}},"5":{"start":{"line":22,"column":0},"end":{"line":22,"column":22}}},"fnMap":{},"branchMap":{},"s":{"0":0,"1":0,"2":0,"3":0,"4":0,"5":0},"f":{},"b":{}}
}
