TN:
SF:client\src\App.vue
FN:20,render
FNF:1
FNH:0
FNDA:0,render
DA:10,0
DA:12,0
DA:15,0
DA:16,0
DA:17,0
DA:21,0
DA:22,0
DA:23,0
DA:24,0
DA:25,0
LF:10
LH:0
BRF:0
BRH:0
end_of_record
TN:
SF:client\src\components\Footer.vue
FN:4,(anonymous_0)
FN:28,render
FNF:2
FNH:0
FNDA:0,(anonymous_0)
FNDA:0,render
DA:5,0
DA:10,0
DA:12,0
DA:15,0
DA:16,0
DA:17,0
DA:20,0
DA:23,0
DA:27,0
DA:29,0
DA:38,0
LF:11
LH:0
BRDA:29,0,0,0
BRDA:29,0,1,0
BRDA:35,1,0,0
BRDA:35,1,1,0
BRF:4
BRH:0
end_of_record
TN:
SF:client\src\components\Header.vue
FN:17,render
FN:23,(anonymous_1)
FNF:2
FNH:0
FNDA:0,render
FNDA:0,(anonymous_1)
DA:4,0
DA:6,0
DA:9,0
DA:10,0
DA:11,0
DA:14,0
DA:18,0
DA:19,0
DA:24,0
DA:30,0
LF:10
LH:0
BRDA:24,0,0,0
BRDA:24,0,1,0
BRDA:27,1,0,0
BRDA:27,1,1,0
BRF:4
BRH:0
end_of_record
TN:
SF:client\src\components\ItemTooltip.vue
FN:11,(anonymous_0)
FN:21,(anonymous_1)
FN:27,(anonymous_2)
FN:43,(anonymous_3)
FN:49,(anonymous_4)
FN:53,(anonymous_5)
FN:58,(anonymous_6)
FN:59,(anonymous_7)
FN:63,(anonymous_8)
FN:83,(anonymous_9)
FN:102,render
FN:105,(anonymous_11)
FN:108,(anonymous_12)
FN:120,(anonymous_13)
FNF:14
FNH:0
FNDA:0,(anonymous_0)
FNDA:0,(anonymous_1)
FNDA:0,(anonymous_2)
FNDA:0,(anonymous_3)
FNDA:0,(anonymous_4)
FNDA:0,(anonymous_5)
FNDA:0,(anonymous_6)
FNDA:0,(anonymous_7)
FNDA:0,(anonymous_8)
FNDA:0,(anonymous_9)
FNDA:0,render
FNDA:0,(anonymous_11)
FNDA:0,(anonymous_12)
FNDA:0,(anonymous_13)
DA:2,0
DA:12,0
DA:22,0
DA:28,0
DA:30,0
DA:32,0
DA:34,0
DA:36,0
DA:38,0
DA:40,0
DA:44,0
DA:45,0
DA:47,0
DA:51,0
DA:52,0
DA:53,0
DA:56,0
DA:57,0
DA:58,0
DA:59,0
DA:64,0
DA:65,0
DA:66,0
DA:67,0
DA:68,0
DA:69,0
DA:71,0
DA:72,0
DA:73,0
DA:74,0
DA:75,0
DA:77,0
DA:79,0
DA:84,0
DA:88,0
DA:90,0
DA:93,0
DA:94,0
DA:95,0
DA:98,0
DA:101,0
DA:103,0
DA:106,0
DA:109,0
DA:121,0
DA:130,0
LF:46
LH:0
BRDA:28,0,0,0
BRDA:28,0,1,0
BRDA:28,0,2,0
BRDA:28,0,3,0
BRDA:28,0,4,0
BRDA:28,0,5,0
BRDA:44,1,0,0
BRDA:44,1,1,0
BRDA:44,2,0,0
BRDA:44,2,1,0
BRDA:44,2,2,0
BRDA:47,3,0,0
BRDA:47,3,1,0
BRDA:51,4,0,0
BRDA:51,4,1,0
BRDA:52,5,0,0
BRDA:52,5,1,0
BRDA:52,6,0,0
BRDA:52,6,1,0
BRDA:68,7,0,0
BRDA:68,7,1,0
BRDA:105,8,0,0
BRDA:105,8,1,0
BRDA:106,9,0,0
BRDA:106,9,1,0
BRDA:108,10,0,0
BRDA:108,10,1,0
BRDA:109,11,0,0
BRDA:109,11,1,0
BRDA:112,12,0,0
BRDA:112,12,1,0
BRDA:116,13,0,0
BRDA:116,13,1,0
BRDA:116,14,0,0
BRDA:116,14,1,0
BRDA:120,15,0,0
BRDA:120,15,1,0
BRDA:124,16,0,0
BRDA:124,16,1,0
BRDA:126,17,0,0
BRDA:126,17,1,0
BRF:41
BRH:0
end_of_record
TN:
SF:client\src\views\AvatarStats.vue
FN:10,(anonymous_0)
FN:47,(anonymous_1)
FN:50,(anonymous_2)
FN:53,(anonymous_3)
FN:56,(anonymous_4)
FN:57,(anonymous_5)
FN:60,(anonymous_6)
FN:62,(anonymous_7)
FN:68,(anonymous_8)
FN:84,(anonymous_9)
FN:86,(anonymous_10)
FN:94,(anonymous_11)
FN:98,(anonymous_12)
FN:103,(anonymous_13)
FN:106,(anonymous_14)
FN:120,(anonymous_15)
FN:123,(anonymous_16)
FN:139,(anonymous_17)
FN:149,(anonymous_18)
FN:157,(anonymous_19)
FN:166,(anonymous_20)
FN:167,(anonymous_21)
FN:170,(anonymous_22)
FN:178,(anonymous_23)
FN:181,(anonymous_24)
FN:184,(anonymous_25)
FN:199,_toConsumableArray
FN:200,_nonIterableSpread
FN:201,_unsupportedIterableToArray
FN:202,_iterableToArray
FN:203,_arrayWithoutHoles
FN:204,_arrayLikeToArray
FN:324,render
FN:339,(anonymous_33)
FN:355,(anonymous_34)
FN:371,(anonymous_35)
FN:387,(anonymous_36)
FN:403,(anonymous_37)
FN:411,(anonymous_38)
FN:415,onClick
FN:422,(anonymous_40)
FN:429,(anonymous_41)
FN:434,(anonymous_42)
FN:441,(anonymous_43)
FN:448,(anonymous_44)
FN:453,(anonymous_45)
FN:460,(anonymous_46)
FN:466,(anonymous_47)
FN:472,(anonymous_48)
FN:481,(anonymous_49)
FN:487,(anonymous_50)
FN:497,(anonymous_51)
FN:501,(anonymous_52)
FN:507,(anonymous_53)
FN:513,(anonymous_54)
FNF:55
FNH:0
FNDA:0,(anonymous_0)
FNDA:0,(anonymous_1)
FNDA:0,(anonymous_2)
FNDA:0,(anonymous_3)
FNDA:0,(anonymous_4)
FNDA:0,(anonymous_5)
FNDA:0,(anonymous_6)
FNDA:0,(anonymous_7)
FNDA:0,(anonymous_8)
FNDA:0,(anonymous_9)
FNDA:0,(anonymous_10)
FNDA:0,(anonymous_11)
FNDA:0,(anonymous_12)
FNDA:0,(anonymous_13)
FNDA:0,(anonymous_14)
FNDA:0,(anonymous_15)
FNDA:0,(anonymous_16)
FNDA:0,(anonymous_17)
FNDA:0,(anonymous_18)
FNDA:0,(anonymous_19)
FNDA:0,(anonymous_20)
FNDA:0,(anonymous_21)
FNDA:0,(anonymous_22)
FNDA:0,(anonymous_23)
FNDA:0,(anonymous_24)
FNDA:0,(anonymous_25)
FNDA:0,_toConsumableArray
FNDA:0,_nonIterableSpread
FNDA:0,_unsupportedIterableToArray
FNDA:0,_iterableToArray
FNDA:0,_arrayWithoutHoles
FNDA:0,_arrayLikeToArray
FNDA:0,render
FNDA:0,(anonymous_33)
FNDA:0,(anonymous_34)
FNDA:0,(anonymous_35)
FNDA:0,(anonymous_36)
FNDA:0,(anonymous_37)
FNDA:0,(anonymous_38)
FNDA:0,onClick
FNDA:0,(anonymous_40)
FNDA:0,(anonymous_41)
FNDA:0,(anonymous_42)
FNDA:0,(anonymous_43)
FNDA:0,(anonymous_44)
FNDA:0,(anonymous_45)
FNDA:0,(anonymous_46)
FNDA:0,(anonymous_47)
FNDA:0,(anonymous_48)
FNDA:0,(anonymous_49)
FNDA:0,(anonymous_50)
FNDA:0,(anonymous_51)
FNDA:0,(anonymous_52)
FNDA:0,(anonymous_53)
FNDA:0,(anonymous_54)
DA:11,0
DA:48,0
DA:51,0
DA:54,0
DA:57,0
DA:58,0
DA:61,0
DA:62,0
DA:63,0
DA:64,0
DA:66,0
DA:69,0
DA:85,0
DA:86,0
DA:87,0
DA:88,0
DA:89,0
DA:91,0
DA:95,0
DA:99,0
DA:104,0
DA:107,0
DA:108,0
DA:109,0
DA:112,0
DA:113,0
DA:115,0
DA:117,0
DA:121,0
DA:124,0
DA:137,0
DA:140,0
DA:141,0
DA:142,0
DA:143,0
DA:145,0
DA:147,0
DA:150,0
DA:151,0
DA:152,0
DA:154,0
DA:158,0
DA:159,0
DA:160,0
DA:161,0
DA:162,0
DA:166,0
DA:167,0
DA:168,0
DA:169,0
DA:170,0
DA:171,0
DA:179,0
DA:182,0
DA:185,0
DA:186,0
DA:187,0
DA:188,0
DA:192,0
DA:194,0
DA:197,0
DA:198,0
DA:199,0
DA:200,0
DA:201,0
DA:202,0
DA:203,0
DA:204,0
DA:205,0
DA:208,0
DA:211,0
DA:214,0
DA:217,0
DA:218,0
DA:221,0
DA:224,0
DA:225,0
DA:228,0
DA:231,0
DA:234,0
DA:237,0
DA:240,0
DA:243,0
DA:247,0
DA:250,0
DA:253,0
DA:256,0
DA:259,0
DA:260,0
DA:263,0
DA:267,0
DA:270,0
DA:273,0
DA:276,0
DA:279,0
DA:280,0
DA:283,0
DA:286,0
DA:289,0
DA:292,0
DA:295,0
DA:298,0
DA:301,0
DA:304,0
DA:305,0
DA:308,0
DA:311,0
DA:314,0
DA:317,0
DA:320,0
DA:321,0
DA:325,0
DA:326,0
DA:327,0
DA:340,0
DA:356,0
DA:372,0
DA:388,0
DA:404,0
DA:412,0
DA:416,0
DA:423,0
DA:430,0
DA:435,0
DA:442,0
DA:449,0
DA:454,0
DA:461,0
DA:467,0
DA:473,0
DA:482,0
DA:488,0
DA:498,0
DA:502,0
DA:508,0
DA:514,0
DA:523,0
LF:137
LH:0
BRDA:54,0,0,0
BRDA:54,0,1,0
BRDA:57,1,0,0
BRDA:57,1,1,0
BRDA:58,2,0,0
BRDA:58,2,1,0
BRDA:58,2,2,0
BRDA:61,3,0,0
BRDA:61,3,1,0
BRDA:63,4,0,0
BRDA:63,4,1,0
BRDA:64,5,0,0
BRDA:64,5,1,0
BRDA:88,6,0,0
BRDA:88,6,1,0
BRDA:95,7,0,0
BRDA:95,7,1,0
BRDA:99,8,0,0
BRDA:99,8,1,0
BRDA:107,9,0,0
BRDA:107,9,1,0
BRDA:115,10,0,0
BRDA:115,10,1,0
BRDA:121,11,0,0
BRDA:121,11,1,0
BRDA:137,12,0,0
BRDA:137,12,1,0
BRDA:142,13,0,0
BRDA:142,13,1,0
BRDA:159,14,0,0
BRDA:159,14,1,0
BRDA:160,15,0,0
BRDA:160,15,1,0
BRDA:168,16,0,0
BRDA:168,16,1,0
BRDA:199,17,0,0
BRDA:199,17,1,0
BRDA:199,17,2,0
BRDA:199,17,3,0
BRDA:201,18,0,0
BRDA:201,18,1,0
BRDA:201,19,0,0
BRDA:201,19,1,0
BRDA:201,20,0,0
BRDA:201,20,1,0
BRDA:201,20,2,0
BRDA:201,21,0,0
BRDA:201,21,1,0
BRDA:201,22,0,0
BRDA:201,22,1,0
BRDA:201,23,0,0
BRDA:201,23,1,0
BRDA:201,24,0,0
BRDA:201,24,1,0
BRDA:202,25,0,0
BRDA:202,25,1,0
BRDA:202,26,0,0
BRDA:202,26,1,0
BRDA:202,26,2,0
BRDA:203,27,0,0
BRDA:203,27,1,0
BRDA:204,28,0,0
BRDA:204,28,1,0
BRDA:204,28,2,0
BRDA:340,29,0,0
BRDA:340,29,1,0
BRDA:356,30,0,0
BRDA:356,30,1,0
BRDA:372,31,0,0
BRDA:372,31,1,0
BRDA:388,32,0,0
BRDA:388,32,1,0
BRDA:404,33,0,0
BRDA:404,33,1,0
BRDA:419,34,0,0
BRDA:419,34,1,0
BRDA:422,35,0,0
BRDA:422,35,1,0
BRDA:422,36,0,0
BRDA:422,36,1,0
BRDA:422,37,0,0
BRDA:422,37,1,0
BRDA:422,38,0,0
BRDA:422,38,1,0
BRDA:422,39,0,0
BRDA:422,39,1,0
BRDA:422,40,0,0
BRDA:422,40,1,0
BRDA:434,41,0,0
BRDA:434,41,1,0
BRDA:435,42,0,0
BRDA:435,42,1,0
BRDA:441,43,0,0
BRDA:441,43,1,0
BRDA:441,44,0,0
BRDA:441,44,1,0
BRDA:453,45,0,0
BRDA:453,45,1,0
BRDA:454,46,0,0
BRDA:454,46,1,0
BRDA:472,47,0,0
BRDA:472,47,1,0
BRDA:472,48,0,0
BRDA:472,48,1,0
BRDA:472,49,0,0
BRDA:472,49,1,0
BRDA:472,50,0,0
BRDA:472,50,1,0
BRDA:472,51,0,0
BRDA:472,51,1,0
BRDA:475,52,0,0
BRDA:475,52,1,0
BRDA:475,53,0,0
BRDA:475,53,1,0
BRDA:487,54,0,0
BRDA:487,54,1,0
BRDA:488,55,0,0
BRDA:488,55,1,0
BRDA:495,56,0,0
BRDA:495,56,1,0
BRDA:501,57,0,0
BRDA:501,57,1,0
BRDA:501,58,0,0
BRDA:501,58,1,0
BRDA:513,59,0,0
BRDA:513,59,1,0
BRDA:514,60,0,0
BRDA:514,60,1,0
BRDA:519,61,0,0
BRDA:519,61,1,0
BRF:130
BRH:0
end_of_record
TN:
SF:client\src\views\CreatureStats.vue
FN:10,(anonymous_0)
FN:18,(anonymous_1)
FN:21,(anonymous_2)
FN:24,(anonymous_3)
FN:27,(anonymous_4)
FN:29,(anonymous_5)
FN:35,(anonymous_6)
FN:39,(anonymous_7)
FN:44,(anonymous_8)
FN:47,(anonymous_9)
FN:59,(anonymous_10)
FN:69,(anonymous_11)
FN:70,(anonymous_12)
FN:78,(anonymous_13)
FN:86,(anonymous_14)
FN:89,(anonymous_15)
FN:217,render
FN:232,(anonymous_17)
FN:248,(anonymous_18)
FN:264,(anonymous_19)
FN:280,(anonymous_20)
FN:296,(anonymous_21)
FN:302,(anonymous_22)
FN:309,(anonymous_23)
FN:314,(anonymous_24)
FN:319,(anonymous_25)
FN:322,(anonymous_26)
FN:328,(anonymous_27)
FN:334,(anonymous_28)
FN:341,(anonymous_29)
FN:348,(anonymous_30)
FN:354,(anonymous_31)
FN:361,(anonymous_32)
FN:368,(anonymous_33)
FN:374,(anonymous_34)
FN:381,(anonymous_35)
FN:388,(anonymous_36)
FN:394,(anonymous_37)
FNF:38
FNH:0
FNDA:0,(anonymous_0)
FNDA:0,(anonymous_1)
FNDA:0,(anonymous_2)
FNDA:0,(anonymous_3)
FNDA:0,(anonymous_4)
FNDA:0,(anonymous_5)
FNDA:0,(anonymous_6)
FNDA:0,(anonymous_7)
FNDA:0,(anonymous_8)
FNDA:0,(anonymous_9)
FNDA:0,(anonymous_10)
FNDA:0,(anonymous_11)
FNDA:0,(anonymous_12)
FNDA:0,(anonymous_13)
FNDA:0,(anonymous_14)
FNDA:0,(anonymous_15)
FNDA:0,render
FNDA:0,(anonymous_17)
FNDA:0,(anonymous_18)
FNDA:0,(anonymous_19)
FNDA:0,(anonymous_20)
FNDA:0,(anonymous_21)
FNDA:0,(anonymous_22)
FNDA:0,(anonymous_23)
FNDA:0,(anonymous_24)
FNDA:0,(anonymous_25)
FNDA:0,(anonymous_26)
FNDA:0,(anonymous_27)
FNDA:0,(anonymous_28)
FNDA:0,(anonymous_29)
FNDA:0,(anonymous_30)
FNDA:0,(anonymous_31)
FNDA:0,(anonymous_32)
FNDA:0,(anonymous_33)
FNDA:0,(anonymous_34)
FNDA:0,(anonymous_35)
FNDA:0,(anonymous_36)
FNDA:0,(anonymous_37)
DA:11,0
DA:19,0
DA:22,0
DA:25,0
DA:28,0
DA:29,0
DA:30,0
DA:32,0
DA:36,0
DA:40,0
DA:45,0
DA:48,0
DA:49,0
DA:50,0
DA:51,0
DA:52,0
DA:54,0
DA:56,0
DA:60,0
DA:61,0
DA:62,0
DA:63,0
DA:64,0
DA:65,0
DA:69,0
DA:70,0
DA:71,0
DA:72,0
DA:73,0
DA:74,0
DA:75,0
DA:77,0
DA:78,0
DA:79,0
DA:84,0
DA:87,0
DA:90,0
DA:91,0
DA:92,0
DA:93,0
DA:97,0
DA:99,0
DA:102,0
DA:103,0
DA:104,0
DA:107,0
DA:110,0
DA:113,0
DA:116,0
DA:119,0
DA:122,0
DA:125,0
DA:128,0
DA:131,0
DA:134,0
DA:137,0
DA:141,0
DA:144,0
DA:147,0
DA:150,0
DA:153,0
DA:156,0
DA:157,0
DA:160,0
DA:163,0
DA:166,0
DA:170,0
DA:173,0
DA:176,0
DA:179,0
DA:180,0
DA:183,0
DA:187,0
DA:190,0
DA:193,0
DA:196,0
DA:197,0
DA:200,0
DA:204,0
DA:207,0
DA:210,0
DA:213,0
DA:214,0
DA:218,0
DA:219,0
DA:220,0
DA:233,0
DA:249,0
DA:265,0
DA:281,0
DA:297,0
DA:303,0
DA:310,0
DA:315,0
DA:320,0
DA:323,0
DA:329,0
DA:335,0
DA:342,0
DA:349,0
DA:355,0
DA:362,0
DA:369,0
DA:375,0
DA:382,0
DA:389,0
DA:395,0
DA:402,0
LF:108
LH:0
BRDA:25,0,0,0
BRDA:25,0,1,0
BRDA:28,1,0,0
BRDA:28,1,1,0
BRDA:28,2,0,0
BRDA:28,2,1,0
BRDA:30,3,0,0
BRDA:30,3,1,0
BRDA:32,4,0,0
BRDA:32,4,1,0
BRDA:36,5,0,0
BRDA:36,5,1,0
BRDA:40,6,0,0
BRDA:40,6,1,0
BRDA:48,7,0,0
BRDA:48,7,1,0
BRDA:54,8,0,0
BRDA:54,8,1,0
BRDA:61,9,0,0
BRDA:61,9,1,0
BRDA:62,10,0,0
BRDA:62,10,1,0
BRDA:71,11,0,0
BRDA:71,11,1,0
BRDA:73,12,0,0
BRDA:73,12,1,0
BRDA:75,13,0,0
BRDA:75,13,1,0
BRDA:233,14,0,0
BRDA:233,14,1,0
BRDA:249,15,0,0
BRDA:249,15,1,0
BRDA:265,16,0,0
BRDA:265,16,1,0
BRDA:281,17,0,0
BRDA:281,17,1,0
BRDA:297,18,0,0
BRDA:297,18,1,0
BRDA:302,19,0,0
BRDA:302,19,1,0
BRDA:305,20,0,0
BRDA:305,20,1,0
BRDA:309,21,0,0
BRDA:309,21,1,0
BRDA:314,22,0,0
BRDA:314,22,1,0
BRDA:319,23,0,0
BRDA:319,23,1,0
BRDA:322,24,0,0
BRDA:322,24,1,0
BRDA:322,25,0,0
BRDA:322,25,1,0
BRDA:322,26,0,0
BRDA:322,26,1,0
BRDA:322,27,0,0
BRDA:322,27,1,0
BRDA:322,28,0,0
BRDA:322,28,1,0
BRDA:322,29,0,0
BRDA:322,29,1,0
BRDA:322,30,0,0
BRDA:322,30,1,0
BRDA:334,31,0,0
BRDA:334,31,1,0
BRDA:335,32,0,0
BRDA:335,32,1,0
BRDA:341,33,0,0
BRDA:341,33,1,0
BRDA:341,34,0,0
BRDA:341,34,1,0
BRDA:341,35,0,0
BRDA:341,35,1,0
BRDA:341,36,0,0
BRDA:341,36,1,0
BRDA:354,37,0,0
BRDA:354,37,1,0
BRDA:355,38,0,0
BRDA:355,38,1,0
BRDA:361,39,0,0
BRDA:361,39,1,0
BRDA:361,40,0,0
BRDA:361,40,1,0
BRDA:361,41,0,0
BRDA:361,41,1,0
BRDA:374,42,0,0
BRDA:374,42,1,0
BRDA:375,43,0,0
BRDA:375,43,1,0
BRDA:381,44,0,0
BRDA:381,44,1,0
BRDA:381,45,0,0
BRDA:381,45,1,0
BRDA:381,46,0,0
BRDA:381,46,1,0
BRDA:394,47,0,0
BRDA:394,47,1,0
BRDA:395,48,0,0
BRDA:395,48,1,0
BRF:98
BRH:0
end_of_record
TN:
SF:client\src\views\EquipmentStats.vue
FN:10,(anonymous_0)
FN:35,(anonymous_1)
FN:38,(anonymous_2)
FN:41,(anonymous_3)
FN:44,(anonymous_4)
FN:46,(anonymous_5)
FN:49,(anonymous_6)
FN:66,(anonymous_7)
FN:67,(anonymous_8)
FN:69,(anonymous_9)
FN:70,(anonymous_10)
FN:72,(anonymous_11)
FN:75,(anonymous_12)
FN:78,(anonymous_13)
FN:81,(anonymous_14)
FN:84,(anonymous_15)
FN:86,(anonymous_16)
FN:89,(anonymous_17)
FN:94,(anonymous_18)
FN:102,(anonymous_19)
FN:105,(anonymous_20)
FN:112,(anonymous_21)
FN:116,(anonymous_22)
FN:121,(anonymous_23)
FN:133,(anonymous_24)
FN:136,(anonymous_25)
FN:145,(anonymous_26)
FN:146,(anonymous_27)
FN:149,(anonymous_28)
FN:157,(anonymous_29)
FN:165,(anonymous_30)
FN:173,(anonymous_31)
FN:176,(anonymous_32)
FN:187,(anonymous_33)
FN:324,render
FN:339,(anonymous_35)
FN:355,(anonymous_36)
FN:371,(anonymous_37)
FN:387,(anonymous_38)
FN:403,(anonymous_39)
FN:407,(anonymous_40)
FN:411,onClick
FN:415,(anonymous_42)
FN:419,onClick
FN:427,(anonymous_44)
FN:431,onClick
FN:435,(anonymous_46)
FN:439,onClick
FN:443,(anonymous_48)
FN:451,(anonymous_49)
FN:455,(anonymous_50)
FN:461,(anonymous_51)
FN:467,(anonymous_52)
FN:473,(anonymous_53)
FN:481,(anonymous_54)
FN:488,(anonymous_55)
FN:495,(anonymous_56)
FN:505,(anonymous_57)
FN:512,(anonymous_58)
FNF:59
FNH:0
FNDA:0,(anonymous_0)
FNDA:0,(anonymous_1)
FNDA:0,(anonymous_2)
FNDA:0,(anonymous_3)
FNDA:0,(anonymous_4)
FNDA:0,(anonymous_5)
FNDA:0,(anonymous_6)
FNDA:0,(anonymous_7)
FNDA:0,(anonymous_8)
FNDA:0,(anonymous_9)
FNDA:0,(anonymous_10)
FNDA:0,(anonymous_11)
FNDA:0,(anonymous_12)
FNDA:0,(anonymous_13)
FNDA:0,(anonymous_14)
FNDA:0,(anonymous_15)
FNDA:0,(anonymous_16)
FNDA:0,(anonymous_17)
FNDA:0,(anonymous_18)
FNDA:0,(anonymous_19)
FNDA:0,(anonymous_20)
FNDA:0,(anonymous_21)
FNDA:0,(anonymous_22)
FNDA:0,(anonymous_23)
FNDA:0,(anonymous_24)
FNDA:0,(anonymous_25)
FNDA:0,(anonymous_26)
FNDA:0,(anonymous_27)
FNDA:0,(anonymous_28)
FNDA:0,(anonymous_29)
FNDA:0,(anonymous_30)
FNDA:0,(anonymous_31)
FNDA:0,(anonymous_32)
FNDA:0,(anonymous_33)
FNDA:0,render
FNDA:0,(anonymous_35)
FNDA:0,(anonymous_36)
FNDA:0,(anonymous_37)
FNDA:0,(anonymous_38)
FNDA:0,(anonymous_39)
FNDA:0,(anonymous_40)
FNDA:0,onClick
FNDA:0,(anonymous_42)
FNDA:0,onClick
FNDA:0,(anonymous_44)
FNDA:0,onClick
FNDA:0,(anonymous_46)
FNDA:0,onClick
FNDA:0,(anonymous_48)
FNDA:0,(anonymous_49)
FNDA:0,(anonymous_50)
FNDA:0,(anonymous_51)
FNDA:0,(anonymous_52)
FNDA:0,(anonymous_53)
FNDA:0,(anonymous_54)
FNDA:0,(anonymous_55)
FNDA:0,(anonymous_56)
FNDA:0,(anonymous_57)
FNDA:0,(anonymous_58)
DA:11,0
DA:36,0
DA:39,0
DA:42,0
DA:45,0
DA:46,0
DA:47,0
DA:50,0
DA:67,0
DA:70,0
DA:73,0
DA:76,0
DA:79,0
DA:82,0
DA:85,0
DA:86,0
DA:87,0
DA:90,0
DA:91,0
DA:93,0
DA:94,0
DA:95,0
DA:96,0
DA:97,0
DA:99,0
DA:103,0
DA:104,0
DA:105,0
DA:106,0
DA:107,0
DA:109,0
DA:113,0
DA:117,0
DA:122,0
DA:123,0
DA:124,0
DA:125,0
DA:126,0
DA:128,0
DA:130,0
DA:134,0
DA:137,0
DA:138,0
DA:139,0
DA:140,0
DA:141,0
DA:145,0
DA:146,0
DA:147,0
DA:148,0
DA:149,0
DA:150,0
DA:158,0
DA:159,0
DA:160,0
DA:161,0
DA:163,0
DA:166,0
DA:167,0
DA:168,0
DA:170,0
DA:174,0
DA:177,0
DA:178,0
DA:179,0
DA:180,0
DA:182,0
DA:185,0
DA:188,0
DA:189,0
DA:190,0
DA:191,0
DA:195,0
DA:197,0
DA:200,0
DA:201,0
DA:202,0
DA:205,0
DA:208,0
DA:211,0
DA:214,0
DA:217,0
DA:218,0
DA:221,0
DA:222,0
DA:225,0
DA:226,0
DA:229,0
DA:232,0
DA:233,0
DA:236,0
DA:237,0
DA:240,0
DA:243,0
DA:247,0
DA:250,0
DA:253,0
DA:256,0
DA:259,0
DA:262,0
DA:263,0
DA:266,0
DA:269,0
DA:272,0
DA:275,0
DA:278,0
DA:281,0
DA:282,0
DA:285,0
DA:288,0
DA:291,0
DA:294,0
DA:297,0
DA:300,0
DA:303,0
DA:304,0
DA:307,0
DA:311,0
DA:314,0
DA:317,0
DA:320,0
DA:321,0
DA:325,0
DA:326,0
DA:327,0
DA:340,0
DA:356,0
DA:372,0
DA:388,0
DA:404,0
DA:408,0
DA:412,0
DA:416,0
DA:420,0
DA:428,0
DA:432,0
DA:436,0
DA:440,0
DA:444,0
DA:452,0
DA:456,0
DA:462,0
DA:468,0
DA:474,0
DA:483,0
DA:489,0
DA:496,0
DA:506,0
DA:513,0
DA:524,0
LF:150
LH:0
BRDA:42,0,0,0
BRDA:42,0,1,0
BRDA:45,1,0,0
BRDA:45,1,1,0
BRDA:47,2,0,0
BRDA:47,2,1,0
BRDA:47,2,2,0
BRDA:85,3,0,0
BRDA:85,3,1,0
BRDA:87,4,0,0
BRDA:87,4,1,0
BRDA:87,5,0,0
BRDA:87,5,1,0
BRDA:90,6,0,0
BRDA:90,6,1,0
BRDA:95,7,0,0
BRDA:95,7,1,0
BRDA:96,8,0,0
BRDA:96,8,1,0
BRDA:103,9,0,0
BRDA:103,9,1,0
BRDA:106,10,0,0
BRDA:106,10,1,0
BRDA:113,11,0,0
BRDA:113,11,1,0
BRDA:117,12,0,0
BRDA:117,12,1,0
BRDA:122,13,0,0
BRDA:122,13,1,0
BRDA:128,14,0,0
BRDA:128,14,1,0
BRDA:138,15,0,0
BRDA:138,15,1,0
BRDA:139,16,0,0
BRDA:139,16,1,0
BRDA:147,17,0,0
BRDA:147,17,1,0
BRDA:160,18,0,0
BRDA:160,18,1,0
BRDA:178,19,0,0
BRDA:178,19,1,0
BRDA:340,20,0,0
BRDA:340,20,1,0
BRDA:356,21,0,0
BRDA:356,21,1,0
BRDA:372,22,0,0
BRDA:372,22,1,0
BRDA:388,23,0,0
BRDA:388,23,1,0
BRDA:404,24,0,0
BRDA:404,24,1,0
BRDA:414,25,0,0
BRDA:414,25,1,0
BRDA:422,26,0,0
BRDA:422,26,1,0
BRDA:434,27,0,0
BRDA:434,27,1,0
BRDA:442,28,0,0
BRDA:442,28,1,0
BRDA:443,29,0,0
BRDA:443,29,1,0
BRDA:443,30,0,0
BRDA:443,30,1,0
BRDA:443,31,0,0
BRDA:443,31,1,0
BRDA:443,32,0,0
BRDA:443,32,1,0
BRDA:443,33,0,0
BRDA:443,33,1,0
BRDA:451,34,0,0
BRDA:451,34,1,0
BRDA:452,35,0,0
BRDA:452,35,1,0
BRDA:461,36,0,0
BRDA:461,36,1,0
BRDA:461,37,0,0
BRDA:461,37,1,0
BRDA:473,38,0,0
BRDA:473,38,1,0
BRDA:474,39,0,0
BRDA:474,39,1,0
BRDA:488,40,0,0
BRDA:488,40,1,0
BRDA:488,41,0,0
BRDA:488,41,1,0
BRDA:488,42,0,0
BRDA:488,42,1,0
BRDA:505,43,0,0
BRDA:505,43,1,0
BRDA:505,44,0,0
BRDA:505,44,1,0
BRDA:505,44,2,0
BRDA:505,45,0,0
BRDA:505,45,1,0
BRDA:505,46,0,0
BRDA:505,46,1,0
BRF:96
BRH:0
end_of_record
TN:
SF:client\src\views\HomePage.vue
FN:4,(anonymous_0)
FN:11,(anonymous_1)
FN:22,(anonymous_2)
FN:31,(anonymous_3)
FN:69,render
FN:73,(anonymous_5)
FN:77,onClick
FN:81,(anonymous_7)
FN:86,(anonymous_8)
FN:97,(anonymous_9)
FNF:10
FNH:0
FNDA:0,(anonymous_0)
FNDA:0,(anonymous_1)
FNDA:0,(anonymous_2)
FNDA:0,(anonymous_3)
FNDA:0,render
FNDA:0,(anonymous_5)
FNDA:0,onClick
FNDA:0,(anonymous_7)
FNDA:0,(anonymous_8)
FNDA:0,(anonymous_9)
DA:5,0
DA:12,0
DA:13,0
DA:14,0
DA:15,0
DA:17,0
DA:19,0
DA:23,0
DA:24,0
DA:25,0
DA:27,0
DA:32,0
DA:33,0
DA:34,0
DA:41,0
DA:43,0
DA:46,0
DA:47,0
DA:48,0
DA:51,0
DA:54,0
DA:55,0
DA:56,0
DA:59,0
DA:62,0
DA:65,0
DA:66,0
DA:70,0
DA:71,0
DA:74,0
DA:78,0
DA:82,0
DA:87,0
DA:98,0
DA:108,0
LF:35
LH:0
BRDA:14,0,0,0
BRDA:14,0,1,0
BRDA:33,1,0,0
BRDA:33,1,1,0
BRDA:71,2,0,0
BRDA:71,2,1,0
BRDA:99,3,0,0
BRDA:99,3,1,0
BRF:8
BRH:0
end_of_record
TN:
SF:client\src\views\ServerPage.vue
FN:4,(anonymous_0)
FN:9,(anonymous_1)
FN:10,(anonymous_2)
FN:12,(anonymous_3)
FN:24,render
FN:25,(anonymous_5)
FNF:6
FNH:0
FNDA:0,(anonymous_0)
FNDA:0,(anonymous_1)
FNDA:0,(anonymous_2)
FNDA:0,(anonymous_3)
FNDA:0,render
FNDA:0,(anonymous_5)
DA:5,0
DA:10,0
DA:11,0
DA:13,0
DA:17,0
DA:19,0
DA:22,0
DA:23,0
DA:25,0
DA:26,0
DA:30,0
LF:11
LH:0
BRDA:25,0,0,0
BRDA:25,0,1,0
BRDA:28,1,0,0
BRDA:28,1,1,0
BRDA:28,2,0,0
BRDA:28,2,1,0
BRDA:28,3,0,0
BRDA:28,3,1,0
BRF:8
BRH:0
end_of_record
TN:
SF:client\src\views\SkillStats.vue
FN:5,(anonymous_0)
FN:13,(anonymous_1)
FN:16,(anonymous_2)
FN:19,(anonymous_3)
FN:22,(anonymous_4)
FN:24,(anonymous_5)
FN:31,(anonymous_6)
FN:33,(anonymous_7)
FN:40,(anonymous_8)
FN:41,(anonymous_9)
FN:48,(anonymous_10)
FN:50,(anonymous_11)
FN:62,(anonymous_12)
FN:68,(anonymous_13)
FN:75,(anonymous_14)
FN:87,(anonymous_15)
FN:90,(anonymous_16)
FN:127,render
FN:141,(anonymous_18)
FN:157,(anonymous_19)
FN:173,(anonymous_20)
FN:189,(anonymous_21)
FN:205,(anonymous_22)
FN:211,(anonymous_23)
FN:214,(anonymous_24)
FN:228,(anonymous_25)
FN:235,(anonymous_26)
FN:242,(anonymous_27)
FNF:28
FNH:0
FNDA:0,(anonymous_0)
FNDA:0,(anonymous_1)
FNDA:0,(anonymous_2)
FNDA:0,(anonymous_3)
FNDA:0,(anonymous_4)
FNDA:0,(anonymous_5)
FNDA:0,(anonymous_6)
FNDA:0,(anonymous_7)
FNDA:0,(anonymous_8)
FNDA:0,(anonymous_9)
FNDA:0,(anonymous_10)
FNDA:0,(anonymous_11)
FNDA:0,(anonymous_12)
FNDA:0,(anonymous_13)
FNDA:0,(anonymous_14)
FNDA:0,(anonymous_15)
FNDA:0,(anonymous_16)
FNDA:0,render
FNDA:0,(anonymous_18)
FNDA:0,(anonymous_19)
FNDA:0,(anonymous_20)
FNDA:0,(anonymous_21)
FNDA:0,(anonymous_22)
FNDA:0,(anonymous_23)
FNDA:0,(anonymous_24)
FNDA:0,(anonymous_25)
FNDA:0,(anonymous_26)
FNDA:0,(anonymous_27)
DA:6,0
DA:14,0
DA:17,0
DA:20,0
DA:23,0
DA:24,0
DA:25,0
DA:26,0
DA:29,0
DA:32,0
DA:33,0
DA:34,0
DA:35,0
DA:37,0
DA:41,0
DA:42,0
DA:43,0
DA:44,0
DA:45,0
DA:49,0
DA:50,0
DA:51,0
DA:52,0
DA:53,0
DA:55,0
DA:63,0
DA:64,0
DA:69,0
DA:70,0
DA:76,0
DA:77,0
DA:78,0
DA:79,0
DA:80,0
DA:82,0
DA:84,0
DA:88,0
DA:91,0
DA:95,0
DA:97,0
DA:100,0
DA:101,0
DA:102,0
DA:105,0
DA:108,0
DA:111,0
DA:114,0
DA:117,0
DA:120,0
DA:123,0
DA:126,0
DA:128,0
DA:129,0
DA:142,0
DA:158,0
DA:174,0
DA:190,0
DA:206,0
DA:212,0
DA:215,0
DA:229,0
DA:236,0
DA:243,0
DA:250,0
LF:64
LH:0
BRDA:20,0,0,0
BRDA:20,0,1,0
BRDA:23,1,0,0
BRDA:23,1,1,0
BRDA:23,2,0,0
BRDA:23,2,1,0
BRDA:25,3,0,0
BRDA:25,3,1,0
BRDA:25,4,0,0
BRDA:25,4,1,0
BRDA:29,5,0,0
BRDA:29,5,1,0
BRDA:32,6,0,0
BRDA:32,6,1,0
BRDA:32,7,0,0
BRDA:32,7,1,0
BRDA:34,8,0,0
BRDA:34,8,1,0
BRDA:43,9,0,0
BRDA:43,9,1,0
BRDA:63,10,0,0
BRDA:63,10,1,0
BRDA:69,11,0,0
BRDA:69,11,1,0
BRDA:76,12,0,0
BRDA:76,12,1,0
BRDA:82,13,0,0
BRDA:82,13,1,0
BRDA:82,14,0,0
BRDA:82,14,1,0
BRDA:82,14,2,0
BRDA:142,15,0,0
BRDA:142,15,1,0
BRDA:158,16,0,0
BRDA:158,16,1,0
BRDA:174,17,0,0
BRDA:174,17,1,0
BRDA:190,18,0,0
BRDA:190,18,1,0
BRDA:206,19,0,0
BRDA:206,19,1,0
BRDA:209,20,0,0
BRDA:209,20,1,0
BRDA:211,21,0,0
BRDA:211,21,1,0
BRDA:211,22,0,0
BRDA:211,22,1,0
BRDA:211,23,0,0
BRDA:211,23,1,0
BRDA:211,24,0,0
BRDA:211,24,1,0
BRDA:211,25,0,0
BRDA:211,25,1,0
BRDA:211,26,0,0
BRDA:211,26,1,0
BRDA:217,27,0,0
BRDA:217,27,1,0
BRDA:226,28,0,0
BRDA:226,28,1,0
BRDA:233,29,0,0
BRDA:233,29,1,0
BRDA:240,30,0,0
BRDA:240,30,1,0
BRF:63
BRH:0
end_of_record
TN:
SF:client\src\views\Summary.vue
FN:9,(anonymous_0)
FN:62,(anonymous_1)
FN:65,(anonymous_2)
FN:68,(anonymous_3)
FN:83,(anonymous_4)
FN:84,(anonymous_5)
FN:88,(anonymous_6)
FN:89,(anonymous_7)
FN:91,(anonymous_8)
FN:99,(anonymous_9)
FN:110,(anonymous_10)
FN:113,(anonymous_11)
FN:124,(anonymous_12)
FN:130,(anonymous_13)
FN:140,(anonymous_14)
FN:148,(anonymous_15)
FN:160,(anonymous_16)
FN:164,(anonymous_17)
FN:166,(anonymous_18)
FN:168,(anonymous_19)
FN:346,render
FN:355,(anonymous_21)
FN:361,(anonymous_22)
FN:369,(anonymous_23)
FN:373,(anonymous_24)
FN:380,(anonymous_25)
FN:386,(anonymous_26)
FN:393,(anonymous_27)
FN:400,(anonymous_28)
FN:406,(anonymous_29)
FN:413,(anonymous_30)
FN:417,(anonymous_31)
FN:420,(anonymous_32)
FN:425,(anonymous_33)
FN:431,(anonymous_34)
FN:440,(anonymous_35)
FN:444,(anonymous_36)
FN:447,(anonymous_37)
FN:452,(anonymous_38)
FN:458,(anonymous_39)
FN:473,(anonymous_40)
FN:479,(anonymous_41)
FN:486,(anonymous_42)
FN:492,(anonymous_43)
FN:499,(anonymous_44)
FN:506,(anonymous_45)
FN:512,(anonymous_46)
FN:519,(anonymous_47)
FN:522,(anonymous_48)
FN:533,(anonymous_49)
FN:539,(anonymous_50)
FN:546,(anonymous_51)
FN:552,(anonymous_52)
FN:562,(anonymous_53)
FN:568,(anonymous_54)
FN:578,(anonymous_55)
FN:584,(anonymous_56)
FN:594,(anonymous_57)
FN:600,(anonymous_58)
FN:613,(anonymous_59)
FN:619,(anonymous_60)
FN:623,(anonymous_61)
FNF:62
FNH:0
FNDA:0,(anonymous_0)
FNDA:0,(anonymous_1)
FNDA:0,(anonymous_2)
FNDA:0,(anonymous_3)
FNDA:0,(anonymous_4)
FNDA:0,(anonymous_5)
FNDA:0,(anonymous_6)
FNDA:0,(anonymous_7)
FNDA:0,(anonymous_8)
FNDA:0,(anonymous_9)
FNDA:0,(anonymous_10)
FNDA:0,(anonymous_11)
FNDA:0,(anonymous_12)
FNDA:0,(anonymous_13)
FNDA:0,(anonymous_14)
FNDA:0,(anonymous_15)
FNDA:0,(anonymous_16)
FNDA:0,(anonymous_17)
FNDA:0,(anonymous_18)
FNDA:0,(anonymous_19)
FNDA:0,render
FNDA:0,(anonymous_21)
FNDA:0,(anonymous_22)
FNDA:0,(anonymous_23)
FNDA:0,(anonymous_24)
FNDA:0,(anonymous_25)
FNDA:0,(anonymous_26)
FNDA:0,(anonymous_27)
FNDA:0,(anonymous_28)
FNDA:0,(anonymous_29)
FNDA:0,(anonymous_30)
FNDA:0,(anonymous_31)
FNDA:0,(anonymous_32)
FNDA:0,(anonymous_33)
FNDA:0,(anonymous_34)
FNDA:0,(anonymous_35)
FNDA:0,(anonymous_36)
FNDA:0,(anonymous_37)
FNDA:0,(anonymous_38)
FNDA:0,(anonymous_39)
FNDA:0,(anonymous_40)
FNDA:0,(anonymous_41)
FNDA:0,(anonymous_42)
FNDA:0,(anonymous_43)
FNDA:0,(anonymous_44)
FNDA:0,(anonymous_45)
FNDA:0,(anonymous_46)
FNDA:0,(anonymous_47)
FNDA:0,(anonymous_48)
FNDA:0,(anonymous_49)
FNDA:0,(anonymous_50)
FNDA:0,(anonymous_51)
FNDA:0,(anonymous_52)
FNDA:0,(anonymous_53)
FNDA:0,(anonymous_54)
FNDA:0,(anonymous_55)
FNDA:0,(anonymous_56)
FNDA:0,(anonymous_57)
FNDA:0,(anonymous_58)
FNDA:0,(anonymous_59)
FNDA:0,(anonymous_60)
FNDA:0,(anonymous_61)
DA:10,0
DA:63,0
DA:66,0
DA:69,0
DA:84,0
DA:89,0
DA:92,0
DA:93,0
DA:94,0
DA:96,0
DA:100,0
DA:101,0
DA:102,0
DA:103,0
DA:105,0
DA:107,0
DA:111,0
DA:114,0
DA:115,0
DA:116,0
DA:117,0
DA:119,0
DA:122,0
DA:125,0
DA:126,0
DA:127,0
DA:128,0
DA:131,0
DA:134,0
DA:135,0
DA:137,0
DA:141,0
DA:142,0
DA:143,0
DA:145,0
DA:149,0
DA:150,0
DA:153,0
DA:154,0
DA:155,0
DA:157,0
DA:161,0
DA:165,0
DA:166,0
DA:167,0
DA:169,0
DA:173,0
DA:175,0
DA:178,0
DA:179,0
DA:180,0
DA:183,0
DA:186,0
DA:190,0
DA:193,0
DA:196,0
DA:199,0
DA:202,0
DA:205,0
DA:206,0
DA:209,0
DA:212,0
DA:215,0
DA:218,0
DA:221,0
DA:222,0
DA:225,0
DA:228,0
DA:231,0
DA:234,0
DA:237,0
DA:238,0
DA:241,0
DA:244,0
DA:247,0
DA:248,0
DA:251,0
DA:254,0
DA:255,0
DA:258,0
DA:262,0
DA:265,0
DA:268,0
DA:271,0
DA:272,0
DA:275,0
DA:279,0
DA:282,0
DA:285,0
DA:288,0
DA:289,0
DA:292,0
DA:296,0
DA:299,0
DA:303,0
DA:306,0
DA:310,0
DA:313,0
DA:316,0
DA:319,0
DA:320,0
DA:323,0
DA:326,0
DA:327,0
DA:328,0
DA:329,0
DA:332,0
DA:336,0
DA:339,0
DA:343,0
DA:347,0
DA:348,0
DA:349,0
DA:356,0
DA:362,0
DA:370,0
DA:374,0
DA:381,0
DA:387,0
DA:394,0
DA:401,0
DA:407,0
DA:414,0
DA:418,0
DA:421,0
DA:426,0
DA:432,0
DA:441,0
DA:445,0
DA:448,0
DA:453,0
DA:459,0
DA:474,0
DA:480,0
DA:487,0
DA:493,0
DA:500,0
DA:507,0
DA:513,0
DA:520,0
DA:523,0
DA:534,0
DA:540,0
DA:547,0
DA:553,0
DA:563,0
DA:569,0
DA:579,0
DA:585,0
DA:595,0
DA:601,0
DA:614,0
DA:620,0
DA:624,0
DA:628,0
LF:155
LH:0
BRDA:84,0,0,0
BRDA:84,0,1,0
BRDA:89,1,0,0
BRDA:89,1,1,0
BRDA:96,2,0,0
BRDA:96,2,1,0
BRDA:105,3,0,0
BRDA:105,3,1,0
BRDA:115,4,0,0
BRDA:115,4,1,0
BRDA:143,5,0,0
BRDA:143,5,1,0
BRDA:145,6,0,0
BRDA:145,6,1,0
BRDA:149,7,0,0
BRDA:149,7,1,0
BRDA:157,8,0,0
BRDA:157,8,1,0
BRDA:349,9,0,0
BRDA:349,9,1,0
BRDA:349,10,0,0
BRDA:349,10,1,0
BRDA:349,11,0,0
BRDA:349,11,1,0
BRDA:349,12,0,0
BRDA:349,12,1,0
BRDA:349,13,0,0
BRDA:349,13,1,0
BRDA:349,13,2,0
BRDA:349,13,3,0
BRDA:356,14,0,0
BRDA:356,14,1,0
BRDA:361,15,0,0
BRDA:361,15,1,0
BRDA:361,16,0,0
BRDA:361,16,1,0
BRDA:369,17,0,0
BRDA:369,17,1,0
BRDA:370,18,0,0
BRDA:370,18,1,0
BRDA:373,19,0,0
BRDA:373,19,1,0
BRDA:373,20,0,0
BRDA:373,20,1,0
BRDA:386,21,0,0
BRDA:386,21,1,0
BRDA:387,22,0,0
BRDA:387,22,1,0
BRDA:393,23,0,0
BRDA:393,23,1,0
BRDA:393,24,0,0
BRDA:393,24,1,0
BRDA:406,25,0,0
BRDA:406,25,1,0
BRDA:407,26,0,0
BRDA:407,26,1,0
BRDA:417,27,0,0
BRDA:417,27,1,0
BRDA:431,28,0,0
BRDA:431,28,1,0
BRDA:432,29,0,0
BRDA:432,29,1,0
BRDA:444,30,0,0
BRDA:444,30,1,0
BRDA:458,31,0,0
BRDA:458,31,1,0
BRDA:459,32,0,0
BRDA:459,32,1,0
BRDA:474,33,0,0
BRDA:474,33,1,0
BRDA:479,34,0,0
BRDA:479,34,1,0
BRDA:479,35,0,0
BRDA:479,35,1,0
BRDA:479,36,0,0
BRDA:479,36,1,0
BRDA:479,37,0,0
BRDA:479,37,1,0
BRDA:492,38,0,0
BRDA:492,38,1,0
BRDA:493,39,0,0
BRDA:493,39,1,0
BRDA:499,40,0,0
BRDA:499,40,1,0
BRDA:499,41,0,0
BRDA:499,41,1,0
BRDA:499,42,0,0
BRDA:499,42,1,0
BRDA:499,43,0,0
BRDA:499,43,1,0
BRDA:512,44,0,0
BRDA:512,44,1,0
BRDA:513,45,0,0
BRDA:513,45,1,0
BRDA:519,46,0,0
BRDA:519,46,1,0
BRDA:519,47,0,0
BRDA:519,47,1,0
BRDA:519,48,0,0
BRDA:519,48,1,0
BRDA:519,49,0,0
BRDA:519,49,1,0
BRDA:522,50,0,0
BRDA:522,50,1,0
BRDA:525,51,0,0
BRDA:525,51,1,0
BRDA:525,52,0,0
BRDA:525,52,1,0
BRDA:525,53,0,0
BRDA:525,53,1,0
BRDA:534,54,0,0
BRDA:534,54,1,0
BRDA:539,55,0,0
BRDA:539,55,1,0
BRDA:539,56,0,0
BRDA:539,56,1,0
BRDA:539,57,0,0
BRDA:539,57,1,0
BRDA:539,58,0,0
BRDA:539,58,1,0
BRDA:552,59,0,0
BRDA:552,59,1,0
BRDA:553,60,0,0
BRDA:553,60,1,0
BRDA:568,61,0,0
BRDA:568,61,1,0
BRDA:569,62,0,0
BRDA:569,62,1,0
BRDA:584,63,0,0
BRDA:584,63,1,0
BRDA:585,64,0,0
BRDA:585,64,1,0
BRDA:600,65,0,0
BRDA:600,65,1,0
BRDA:601,66,0,0
BRDA:601,66,1,0
BRDA:614,67,0,0
BRDA:614,67,1,0
BRDA:619,68,0,0
BRDA:619,68,1,0
BRDA:619,69,0,0
BRDA:619,69,1,0
BRDA:619,70,0,0
BRDA:619,70,1,0
BRDA:623,71,0,0
BRDA:623,71,1,0
BRDA:623,72,0,0
BRDA:623,72,1,0
BRDA:623,73,0,0
BRDA:623,73,1,0
BRF:150
BRH:0
end_of_record
TN:
SF:client\src\views\TalismanStats.vue
FN:5,(anonymous_0)
FN:14,(anonymous_1)
FN:17,(anonymous_2)
FN:20,(anonymous_3)
FN:23,(anonymous_4)
FN:25,(anonymous_5)
FN:33,(anonymous_6)
FN:39,(anonymous_7)
FN:46,(anonymous_8)
FN:58,(anonymous_9)
FN:61,(anonymous_10)
FN:109,render
FN:123,(anonymous_12)
FN:139,(anonymous_13)
FN:155,(anonymous_14)
FN:171,(anonymous_15)
FN:187,(anonymous_16)
FN:193,(anonymous_17)
FN:197,(anonymous_18)
FNF:19
FNH:0
FNDA:0,(anonymous_0)
FNDA:0,(anonymous_1)
FNDA:0,(anonymous_2)
FNDA:0,(anonymous_3)
FNDA:0,(anonymous_4)
FNDA:0,(anonymous_5)
FNDA:0,(anonymous_6)
FNDA:0,(anonymous_7)
FNDA:0,(anonymous_8)
FNDA:0,(anonymous_9)
FNDA:0,(anonymous_10)
FNDA:0,render
FNDA:0,(anonymous_12)
FNDA:0,(anonymous_13)
FNDA:0,(anonymous_14)
FNDA:0,(anonymous_15)
FNDA:0,(anonymous_16)
FNDA:0,(anonymous_17)
FNDA:0,(anonymous_18)
DA:6,0
DA:15,0
DA:18,0
DA:21,0
DA:24,0
DA:25,0
DA:26,0
DA:27,0
DA:30,0
DA:34,0
DA:35,0
DA:40,0
DA:41,0
DA:47,0
DA:48,0
DA:49,0
DA:50,0
DA:51,0
DA:53,0
DA:55,0
DA:59,0
DA:62,0
DA:66,0
DA:68,0
DA:71,0
DA:72,0
DA:73,0
DA:76,0
DA:79,0
DA:82,0
DA:85,0
DA:88,0
DA:91,0
DA:94,0
DA:97,0
DA:100,0
DA:103,0
DA:106,0
DA:110,0
DA:111,0
DA:124,0
DA:140,0
DA:156,0
DA:172,0
DA:188,0
DA:194,0
DA:198,0
DA:202,0
LF:48
LH:0
BRDA:21,0,0,0
BRDA:21,0,1,0
BRDA:24,1,0,0
BRDA:24,1,1,0
BRDA:24,2,0,0
BRDA:24,2,1,0
BRDA:26,3,0,0
BRDA:26,3,1,0
BRDA:26,4,0,0
BRDA:26,4,1,0
BRDA:30,5,0,0
BRDA:30,5,1,0
BRDA:34,6,0,0
BRDA:34,6,1,0
BRDA:40,7,0,0
BRDA:40,7,1,0
BRDA:47,8,0,0
BRDA:47,8,1,0
BRDA:53,9,0,0
BRDA:53,9,1,0
BRDA:53,10,0,0
BRDA:53,10,1,0
BRDA:53,10,2,0
BRDA:124,11,0,0
BRDA:124,11,1,0
BRDA:140,12,0,0
BRDA:140,12,1,0
BRDA:156,13,0,0
BRDA:156,13,1,0
BRDA:172,14,0,0
BRDA:172,14,1,0
BRDA:188,15,0,0
BRDA:188,15,1,0
BRDA:191,16,0,0
BRDA:191,16,1,0
BRDA:193,17,0,0
BRDA:193,17,1,0
BRDA:193,18,0,0
BRDA:193,18,1,0
BRDA:193,19,0,0
BRDA:193,19,1,0
BRDA:193,20,0,0
BRDA:193,20,1,0
BRDA:193,21,0,0
BRDA:193,21,1,0
BRDA:193,22,0,0
BRDA:193,22,1,0
BRDA:197,23,0,0
BRDA:197,23,1,0
BRDA:197,24,0,0
BRDA:197,24,1,0
BRF:51
BRH:0
end_of_record
TN:
SF:src\controllers\avatarController.js
FN:5,(anonymous_0)
FN:119,(anonymous_1)
FN:210,(anonymous_2)
FN:223,(anonymous_3)
FN:230,(anonymous_4)
FN:240,(anonymous_5)
FNF:6
FNH:6
FNDA:3,(anonymous_0)
FNDA:2,(anonymous_1)
FNDA:2,(anonymous_2)
FNDA:11,(anonymous_3)
FNDA:1,(anonymous_4)
FNDA:1,(anonymous_5)
DA:1,1
DA:2,1
DA:3,1
DA:5,1
DA:6,3
DA:7,3
DA:9,3
DA:14,3
DA:16,3
DA:17,1
DA:20,2
DA:21,2
DA:22,2
DA:24,2
DA:25,2
DA:27,0
DA:28,0
DA:31,2
DA:32,2
DA:33,1
DA:34,1
DA:37,1
DA:38,1
DA:39,1
DA:40,1
DA:41,1
DA:42,1
DA:43,1
DA:46,1
DA:61,1
DA:62,1
DA:66,0
DA:67,0
DA:70,1
DA:73,1
DA:77,1
DA:78,1
DA:80,0
DA:84,1
DA:85,1
DA:86,1
DA:87,1
DA:88,1
DA:89,1
DA:90,1
DA:92,1
DA:98,1
DA:99,1
DA:103,0
DA:110,2
DA:114,0
DA:115,0
DA:119,1
DA:120,2
DA:121,2
DA:126,2
DA:128,2
DA:151,2
DA:154,1
DA:169,1
DA:172,1
DA:204,1
DA:207,1
DA:208,1
DA:210,1
DA:211,2
DA:212,2
DA:213,2
DA:223,1
DA:224,11
DA:225,11
DA:229,1
DA:230,1
DA:231,1
DA:232,1
DA:233,1
DA:240,1
DA:241,1
DA:244,1
DA:246,1
DA:247,1
LF:81
LH:73
BRDA:16,0,0,1
BRDA:16,0,1,2
BRDA:32,1,0,1
BRDA:32,1,1,1
BRDA:32,2,0,2
BRDA:32,2,1,2
BRDA:84,3,0,1
BRDA:84,3,1,0
BRDA:84,4,0,1
BRDA:84,4,1,1
BRDA:212,5,0,2
BRDA:212,5,1,0
BRDA:224,6,0,9
BRDA:224,6,1,2
BRDA:232,7,0,1
BRDA:232,7,1,0
BRF:16
BRH:13
end_of_record
TN:
SF:src\controllers\characterController.js
FN:6,(anonymous_0)
FN:37,(anonymous_1)
FNF:2
FNH:2
FNDA:4,(anonymous_0)
FNDA:3,(anonymous_1)
DA:2,1
DA:3,1
DA:4,1
DA:6,1
DA:7,4
DA:10,4
DA:13,4
DA:14,4
DA:15,3
DA:17,1
DA:18,1
DA:22,3
DA:23,3
DA:24,3
DA:27,3
DA:28,3
DA:29,3
DA:33,3
DA:34,3
DA:35,2
DA:37,2
DA:38,3
DA:39,3
DA:40,3
DA:44,2
DA:46,2
DA:47,0
DA:50,1
DA:51,1
DA:55,2
DA:56,2
DA:59,2
DA:60,2
DA:63,2
DA:67,2
DA:70,2
DA:75,2
DA:76,3
DA:79,1
DA:81,1
DA:82,1
DA:83,1
DA:86,1
LF:43
LH:42
BRDA:27,0,0,5
BRDA:27,0,1,5
BRDA:38,1,0,3
BRDA:38,1,1,0
BRDA:46,2,0,0
BRDA:46,2,1,2
BRF:6
BRH:4
end_of_record
TN:
SF:src\controllers\creatureController.js
FN:6,(anonymous_0)
FN:110,(anonymous_1)
FN:190,(anonymous_2)
FN:196,(anonymous_3)
FN:201,(anonymous_4)
FN:206,(anonymous_5)
FN:224,(anonymous_6)
FN:261,(anonymous_7)
FNF:8
FNH:8
FNDA:3,(anonymous_0)
FNDA:2,(anonymous_1)
FNDA:1,(anonymous_2)
FNDA:1,(anonymous_3)
FNDA:1,(anonymous_4)
FNDA:1,(anonymous_5)
FNDA:2,(anonymous_6)
FNDA:1,(anonymous_7)
DA:2,1
DA:3,1
DA:4,1
DA:6,1
DA:7,3
DA:8,3
DA:10,3
DA:15,3
DA:17,3
DA:18,1
DA:22,2
DA:23,2
DA:24,2
DA:26,2
DA:27,2
DA:29,0
DA:30,0
DA:33,2
DA:34,2
DA:35,1
DA:36,1
DA:40,1
DA:41,1
DA:44,1
DA:45,1
DA:46,1
DA:47,1
DA:48,1
DA:49,1
DA:51,1
DA:52,1
DA:53,3
DA:54,1
DA:55,1
DA:56,2
DA:57,1
DA:58,1
DA:59,1
DA:60,1
DA:61,1
DA:67,1
DA:87,1
DA:88,1
DA:96,0
DA:100,2
DA:104,0
DA:105,0
DA:110,1
DA:111,2
DA:112,2
DA:114,2
DA:124,2
DA:127,1
DA:145,1
DA:148,1
DA:166,1
DA:169,1
DA:187,1
DA:190,1
DA:196,1
DA:201,1
DA:206,1
DA:212,1
DA:219,1
DA:220,1
DA:224,1
DA:225,2
DA:226,2
DA:227,2
DA:259,2
DA:261,1
DA:269,1
DA:271,1
DA:272,1
LF:74
LH:69
BRDA:17,0,0,1
BRDA:17,0,1,2
BRDA:34,1,0,1
BRDA:34,1,1,1
BRDA:34,2,0,2
BRDA:34,2,1,2
BRDA:51,3,0,1
BRDA:51,3,1,0
BRDA:51,4,0,1
BRDA:51,4,1,1
BRDA:53,5,0,1
BRDA:53,5,1,2
BRDA:56,6,0,1
BRDA:56,6,1,1
BRDA:59,7,0,1
BRDA:59,7,1,0
BRF:16
BRH:14
end_of_record
TN:
SF:src\controllers\equipmentController.js
FN:6,(anonymous_0)
FN:92,(anonymous_1)
FN:185,(anonymous_2)
FN:199,(anonymous_3)
FN:218,(anonymous_4)
FN:225,(anonymous_5)
FN:232,(anonymous_6)
FN:239,(anonymous_7)
FN:248,(anonymous_8)
FN:253,(anonymous_9)
FN:254,(anonymous_10)
FN:257,(anonymous_11)
FN:262,(anonymous_12)
FN:265,(anonymous_13)
FN:275,(anonymous_14)
FN:284,(anonymous_15)
FN:303,(anonymous_16)
FN:312,(anonymous_17)
FN:313,(anonymous_18)
FN:319,(anonymous_19)
FN:329,(anonymous_20)
FNF:21
FNH:21
FNDA:3,(anonymous_0)
FNDA:2,(anonymous_1)
FNDA:1,(anonymous_2)
FNDA:1,(anonymous_3)
FNDA:1,(anonymous_4)
FNDA:1,(anonymous_5)
FNDA:1,(anonymous_6)
FNDA:1,(anonymous_7)
FNDA:13,(anonymous_8)
FNDA:1,(anonymous_9)
FNDA:1,(anonymous_10)
FNDA:1,(anonymous_11)
FNDA:13,(anonymous_12)
FNDA:2,(anonymous_13)
FNDA:1,(anonymous_14)
FNDA:1,(anonymous_15)
FNDA:2,(anonymous_16)
FNDA:7,(anonymous_17)
FNDA:27,(anonymous_18)
FNDA:27,(anonymous_19)
FNDA:27,(anonymous_20)
DA:2,1
DA:3,1
DA:4,1
DA:6,1
DA:7,3
DA:8,3
DA:10,3
DA:15,3
DA:17,3
DA:18,1
DA:22,2
DA:23,2
DA:24,2
DA:26,2
DA:27,2
DA:29,0
DA:30,0
DA:33,2
DA:34,2
DA:35,1
DA:36,1
DA:40,1
DA:41,2
DA:42,2
DA:43,2
DA:44,2
DA:45,2
DA:46,2
DA:49,2
DA:50,1
DA:51,1
DA:54,2
DA:66,2
DA:67,2
DA:78,0
DA:83,2
DA:87,0
DA:88,0
DA:92,1
DA:93,2
DA:94,2
DA:99,2
DA:101,2
DA:122,2
DA:125,1
DA:139,1
DA:142,1
DA:150,1
DA:153,1
DA:173,1
DA:176,1
DA:183,1
DA:184,1
DA:185,1
DA:186,1
DA:190,1
DA:197,1
DA:198,1
DA:199,1
DA:200,1
DA:204,1
DA:212,1
DA:213,1
DA:218,1
DA:225,1
DA:232,1
DA:239,1
DA:246,1
DA:247,1
DA:248,1
DA:249,13
DA:250,13
DA:253,1
DA:254,1
DA:255,1
DA:257,1
DA:258,1
DA:262,1
DA:263,13
DA:264,13
DA:265,2
DA:273,13
DA:274,13
DA:275,1
DA:284,1
DA:292,1
DA:298,1
DA:299,1
DA:303,1
DA:304,2
DA:305,2
DA:312,2
DA:313,27
DA:319,7
DA:320,27
DA:321,27
DA:322,27
DA:323,27
DA:329,7
DA:330,27
DA:331,27
DA:332,27
DA:335,7
DA:349,2
DA:350,2
DA:351,2
DA:353,4
DA:354,4
DA:355,3
DA:358,3
DA:359,3
DA:360,3
DA:363,1
DA:365,1
DA:366,1
LF:115
LH:110
BRDA:17,0,0,1
BRDA:17,0,1,2
BRDA:34,1,0,1
BRDA:34,1,1,1
BRDA:34,2,0,2
BRDA:34,2,1,2
BRDA:49,3,0,1
BRDA:49,3,1,1
BRDA:49,4,0,2
BRDA:49,4,1,1
BRDA:49,4,2,1
BRDA:213,5,0,1
BRDA:213,5,1,0
BRDA:255,6,0,1
BRDA:255,6,1,0
BRDA:258,7,0,1
BRDA:258,7,1,0
BRDA:263,8,0,13
BRDA:263,8,1,12
BRDA:267,9,0,1
BRDA:267,9,1,1
BRDA:273,10,0,13
BRDA:273,10,1,12
BRDA:277,11,0,1
BRDA:277,11,1,0
BRDA:286,12,0,1
BRDA:286,12,1,0
BRDA:312,13,0,0
BRDA:320,14,0,11
BRDA:320,14,1,16
BRDA:321,15,0,11
BRDA:321,15,1,16
BRDA:330,16,0,11
BRDA:330,16,1,16
BRDA:331,17,0,11
BRDA:331,17,1,16
BRF:36
BRH:30
end_of_record
TN:
SF:src\controllers\itemController.js
FN:5,(anonymous_0)
FNF:1
FNH:1
FNDA:3,(anonymous_0)
DA:2,1
DA:3,1
DA:5,1
DA:6,3
DA:7,3
DA:10,3
DA:11,3
DA:12,3
DA:13,1
DA:15,2
DA:16,2
LF:11
LH:11
BRDA:7,0,0,3
BRDA:7,0,1,0
BRDA:15,1,0,1
BRDA:15,1,1,1
BRF:4
BRH:3
end_of_record
TN:
SF:src\controllers\serverController.js
FN:5,(anonymous_0)
FN:10,(anonymous_1)
FNF:2
FNH:2
FNDA:2,(anonymous_0)
FNDA:2,(anonymous_1)
DA:2,1
DA:3,1
DA:5,1
DA:6,2
DA:8,2
DA:9,2
DA:10,1
DA:11,2
DA:13,1
DA:15,1
DA:16,1
LF:11
LH:11
BRF:0
BRH:0
end_of_record
TN:
SF:src\controllers\skillController.js
FN:6,(anonymous_0)
FN:74,(anonymous_1)
FN:91,(anonymous_2)
FNF:3
FNH:3
FNDA:3,(anonymous_0)
FNDA:2,(anonymous_1)
FNDA:1,(anonymous_2)
DA:2,1
DA:3,1
DA:4,1
DA:6,1
DA:7,3
DA:8,3
DA:10,3
DA:15,3
DA:17,3
DA:18,1
DA:22,2
DA:23,2
DA:24,2
DA:26,2
DA:27,2
DA:29,0
DA:30,0
DA:33,2
DA:34,2
DA:35,1
DA:36,1
DA:40,1
DA:41,1
DA:42,1
DA:45,1
DA:46,2
DA:47,2
DA:56,2
DA:57,2
DA:59,0
DA:64,2
DA:68,0
DA:69,0
DA:74,1
DA:75,2
DA:77,2
DA:80,2
DA:88,2
DA:91,1
DA:99,1
DA:101,1
DA:102,1
LF:42
LH:37
BRDA:17,0,0,1
BRDA:17,0,1,2
BRDA:34,1,0,1
BRDA:34,1,1,1
BRDA:34,2,0,2
BRDA:34,2,1,2
BRDA:34,2,2,1
BRDA:40,3,0,1
BRDA:40,3,1,0
BRDA:41,4,0,1
BRDA:41,4,1,0
BRF:11
BRH:9
end_of_record
TN:
SF:src\controllers\talismanController.js
FN:6,(anonymous_0)
FN:92,(anonymous_1)
FN:128,(anonymous_2)
FN:134,(anonymous_3)
FNF:4
FNH:4
FNDA:3,(anonymous_0)
FNDA:2,(anonymous_1)
FNDA:1,(anonymous_2)
FNDA:1,(anonymous_3)
DA:2,1
DA:3,1
DA:4,1
DA:6,1
DA:7,3
DA:8,3
DA:10,3
DA:15,3
DA:17,3
DA:18,1
DA:21,2
DA:22,2
DA:23,2
DA:25,2
DA:26,2
DA:28,0
DA:29,0
DA:32,2
DA:33,2
DA:34,1
DA:35,1
DA:39,1
DA:40,1
DA:41,1
DA:43,1
DA:44,1
DA:45,1
DA:46,1
DA:49,1
DA:50,2
DA:51,2
DA:52,2
DA:54,2
DA:66,2
DA:67,2
DA:77,0
DA:83,2
DA:87,0
DA:88,0
DA:92,1
DA:93,2
DA:95,2
DA:97,2
DA:112,2
DA:115,1
DA:126,1
DA:128,1
DA:134,1
DA:141,1
DA:142,1
DA:144,1
DA:149,1
DA:150,1
LF:53
LH:48
BRDA:17,0,0,1
BRDA:17,0,1,2
BRDA:33,1,0,1
BRDA:33,1,1,1
BRDA:33,2,0,2
BRDA:33,2,1,2
BRDA:41,3,0,0
BRDA:41,3,1,1
BRDA:46,4,0,1
BRDA:46,4,1,0
BRF:10
BRH:8
end_of_record
TN:
SF:src\models\db.js
FN:13,(anonymous_0)
FN:17,(anonymous_1)
FN:20,(anonymous_2)
FN:25,(anonymous_3)
FNF:4
FNH:4
FNDA:1,(anonymous_0)
FNDA:1,(anonymous_1)
FNDA:1,(anonymous_2)
FNDA:1,(anonymous_3)
DA:2,2
DA:4,2
DA:12,2
DA:14,1
DA:15,1
DA:18,1
DA:21,1
DA:25,2
DA:26,1
DA:27,1
DA:28,1
DA:31,2
LF:12
LH:12
BRF:0
BRH:0
end_of_record
TN:
SF:src\routes\avatarRoutes.js
FNF:0
FNH:0
DA:2,1
DA:3,1
DA:4,1
DA:7,1
DA:10,1
DA:12,1
LF:6
LH:6
BRF:0
BRH:0
end_of_record
TN:
SF:src\routes\characterRoutes.js
FNF:0
FNH:0
DA:2,1
DA:3,1
DA:4,1
DA:7,1
DA:9,1
LF:5
LH:5
BRF:0
BRH:0
end_of_record
TN:
SF:src\routes\creatureRoutes.js
FNF:0
FNH:0
DA:2,1
DA:3,1
DA:4,1
DA:7,1
DA:10,1
DA:13,1
DA:15,1
LF:7
LH:7
BRF:0
BRH:0
end_of_record
TN:
SF:src\routes\equipmentRoutes.js
FNF:0
FNH:0
DA:2,1
DA:3,1
DA:4,1
DA:7,1
DA:10,1
DA:13,1
DA:15,1
LF:7
LH:7
BRF:0
BRH:0
end_of_record
TN:
SF:src\routes\itemRoutes.js
FNF:0
FNH:0
DA:2,1
DA:3,1
DA:4,1
DA:7,1
DA:9,1
LF:5
LH:5
BRF:0
BRH:0
end_of_record
TN:
SF:src\routes\serverRoutes.js
FNF:0
FNH:0
DA:2,1
DA:3,1
DA:4,1
DA:7,1
DA:9,1
LF:5
LH:5
BRF:0
BRH:0
end_of_record
TN:
SF:src\routes\skillRoutes.js
FNF:0
FNH:0
DA:2,1
DA:3,1
DA:4,1
DA:7,1
DA:10,1
DA:12,1
LF:6
LH:6
BRF:0
BRH:0
end_of_record
TN:
SF:src\routes\talismanRoutes.js
FNF:0
FNH:0
DA:2,1
DA:3,1
DA:4,1
DA:7,1
DA:10,1
DA:12,1
LF:6
LH:6
BRF:0
BRH:0
end_of_record
