TN:
SF:src\controllers\avatarController.ts
FN:61,(anonymous_1)
FN:136,(anonymous_2)
FN:169,(anonymous_3)
FNF:3
FNH:2
FNDA:3,(anonymous_1)
FNDA:0,(anonymous_2)
FNDA:2,(anonymous_3)
DA:2,1
DA:4,1
DA:6,1
DA:7,1
DA:8,0
DA:61,1
DA:66,3
DA:68,3
DA:70,3
DA:75,3
DA:80,3
DA:81,0
DA:82,0
DA:86,0
DA:87,0
DA:89,0
DA:90,0
DA:92,0
DA:93,0
DA:95,0
DA:96,0
DA:97,0
DA:98,0
DA:101,0
DA:105,0
DA:108,0
DA:122,0
DA:123,0
DA:127,0
DA:128,0
DA:130,0
DA:133,0
DA:137,0
DA:141,0
DA:142,0
DA:143,0
DA:144,0
DA:145,0
DA:152,0
DA:159,0
DA:163,3
DA:164,3
DA:169,1
DA:173,2
DA:174,2
DA:179,2
DA:181,2
DA:193,2
DA:196,2
DA:205,2
DA:208,2
DA:227,2
DA:230,2
DA:231,0
DA:233,0
DA:234,0
DA:235,0
DA:236,0
DA:246,0
DA:247,0
DA:251,0
DA:252,0
DA:253,0
DA:254,0
DA:255,0
DA:261,0
DA:264,0
DA:266,2
DA:267,2
LF:69
LH:25
BRDA:7,0,0,0
BRDA:80,1,0,0
BRDA:96,2,0,0
BRDA:104,3,0,0
BRDA:141,4,0,0
BRDA:235,5,0,0
BRDA:235,5,1,0
BRDA:247,6,0,0
BRDA:247,6,1,0
BRDA:254,7,0,0
BRDA:254,7,1,0
BRF:11
BRH:0
end_of_record
TN:
SF:src\controllers\characterController.ts
FN:18,(anonymous_1)
FNF:1
FNH:0
FNDA:0,(anonymous_1)
DA:2,0
DA:4,0
DA:6,0
DA:7,0
DA:8,0
DA:18,0
DA:22,0
DA:25,0
DA:29,0
DA:30,0
DA:31,0
DA:33,0
DA:34,0
DA:35,0
DA:39,0
DA:40,0
DA:41,0
DA:43,0
DA:44,0
DA:45,0
DA:49,0
DA:50,0
DA:51,0
DA:53,0
DA:54,0
DA:57,0
DA:58,0
DA:59,0
DA:60,0
DA:61,0
DA:65,0
DA:66,0
DA:67,0
DA:70,0
DA:74,0
DA:77,0
DA:78,0
DA:79,0
DA:85,0
DA:90,0
DA:91,0
DA:99,0
DA:101,0
DA:102,0
DA:103,0
DA:104,0
DA:107,0
LF:47
LH:0
BRDA:7,0,0,0
BRDA:43,1,0,0
BRDA:43,1,1,0
BRDA:53,2,0,0
BRDA:58,3,0,0
BRDA:61,4,0,0
BRF:6
BRH:0
end_of_record
TN:
SF:src\controllers\creatureController.ts
FN:52,(anonymous_1)
FN:163,(anonymous_2)
FN:186,(anonymous_3)
FN:210,(anonymous_4)
FN:216,(anonymous_5)
FN:221,(anonymous_6)
FN:226,(anonymous_7)
FN:247,(anonymous_8)
FN:286,(anonymous_9)
FNF:9
FNH:0
FNDA:0,(anonymous_1)
FNDA:0,(anonymous_2)
FNDA:0,(anonymous_3)
FNDA:0,(anonymous_4)
FNDA:0,(anonymous_5)
FNDA:0,(anonymous_6)
FNDA:0,(anonymous_7)
FNDA:0,(anonymous_8)
FNDA:0,(anonymous_9)
DA:2,0
DA:4,0
DA:6,0
DA:7,0
DA:8,0
DA:52,0
DA:57,0
DA:59,0
DA:61,0
DA:66,0
DA:67,0
DA:68,0
DA:69,0
DA:73,0
DA:74,0
DA:76,0
DA:77,0
DA:79,0
DA:80,0
DA:83,0
DA:84,0
DA:85,0
DA:86,0
DA:90,0
DA:92,0
DA:93,0
DA:94,0
DA:95,0
DA:96,0
DA:97,0
DA:99,0
DA:100,0
DA:101,0
DA:103,0
DA:104,0
DA:105,0
DA:107,0
DA:108,0
DA:109,0
DA:111,0
DA:112,0
DA:113,0
DA:119,0
DA:138,0
DA:139,0
DA:147,0
DA:151,0
DA:155,0
DA:156,0
DA:163,0
DA:167,0
DA:169,0
DA:171,0
DA:183,0
DA:186,0
DA:203,0
DA:210,0
DA:216,0
DA:221,0
DA:226,0
DA:232,0
DA:239,0
DA:240,0
DA:247,0
DA:251,0
DA:253,0
DA:254,0
DA:284,0
DA:286,0
DA:294,0
DA:296,0
DA:297,0
LF:72
LH:0
BRDA:7,0,0,0
BRDA:67,1,0,0
BRDA:84,2,0,0
BRDA:99,3,0,0
BRDA:101,4,0,0
BRDA:101,4,1,0
BRDA:101,4,2,0
BRF:7
BRH:0
end_of_record
TN:
SF:src\controllers\equipmentController.ts
FN:63,(anonymous_1)
FN:157,(anonymous_2)
FN:240,(anonymous_3)
FN:254,(anonymous_4)
FN:259,(anonymous_5)
FN:266,(anonymous_6)
FN:273,(anonymous_7)
FN:280,(anonymous_8)
FN:289,(anonymous_9)
FN:294,(anonymous_10)
FN:295,(anonymous_11)
FN:298,(anonymous_12)
FN:302,(anonymous_13)
FN:305,(anonymous_14)
FN:315,(anonymous_15)
FN:341,(anonymous_16)
FN:362,(anonymous_17)
FN:374,(anonymous_18)
FN:375,(anonymous_19)
FN:381,(anonymous_20)
FN:388,(anonymous_21)
FNF:21
FNH:0
FNDA:0,(anonymous_1)
FNDA:0,(anonymous_2)
FNDA:0,(anonymous_3)
FNDA:0,(anonymous_4)
FNDA:0,(anonymous_5)
FNDA:0,(anonymous_6)
FNDA:0,(anonymous_7)
FNDA:0,(anonymous_8)
FNDA:0,(anonymous_9)
FNDA:0,(anonymous_10)
FNDA:0,(anonymous_11)
FNDA:0,(anonymous_12)
FNDA:0,(anonymous_13)
FNDA:0,(anonymous_14)
FNDA:0,(anonymous_15)
FNDA:0,(anonymous_16)
FNDA:0,(anonymous_17)
FNDA:0,(anonymous_18)
FNDA:0,(anonymous_19)
FNDA:0,(anonymous_20)
FNDA:0,(anonymous_21)
DA:2,0
DA:4,0
DA:6,0
DA:7,0
DA:8,0
DA:63,0
DA:68,0
DA:70,0
DA:72,0
DA:77,0
DA:78,0
DA:79,0
DA:80,0
DA:84,0
DA:85,0
DA:87,0
DA:88,0
DA:90,0
DA:91,0
DA:94,0
DA:95,0
DA:96,0
DA:97,0
DA:100,0
DA:108,0
DA:110,0
DA:111,0
DA:113,0
DA:128,0
DA:129,0
DA:140,0
DA:145,0
DA:149,0
DA:150,0
DA:157,0
DA:161,0
DA:162,0
DA:167,0
DA:169,0
DA:181,0
DA:184,0
DA:195,0
DA:198,0
DA:206,0
DA:209,0
DA:228,0
DA:231,0
DA:238,0
DA:239,0
DA:240,0
DA:241,0
DA:245,0
DA:252,0
DA:253,0
DA:254,0
DA:255,0
DA:259,0
DA:266,0
DA:273,0
DA:280,0
DA:287,0
DA:288,0
DA:289,0
DA:290,0
DA:291,0
DA:294,0
DA:295,0
DA:296,0
DA:298,0
DA:299,0
DA:302,0
DA:303,0
DA:304,0
DA:305,0
DA:313,0
DA:314,0
DA:315,0
DA:325,0
DA:333,0
DA:337,0
DA:341,0
DA:348,0
DA:354,0
DA:355,0
DA:362,0
DA:366,0
DA:367,0
DA:374,0
DA:375,0
DA:381,0
DA:382,0
DA:383,0
DA:384,0
DA:385,0
DA:388,0
DA:389,0
DA:390,0
DA:391,0
DA:394,0
DA:405,0
DA:406,0
DA:408,0
DA:409,0
DA:410,0
DA:411,0
DA:413,0
DA:414,0
DA:415,0
DA:418,0
DA:420,0
DA:421,0
LF:111
LH:0
BRDA:7,0,0,0
BRDA:78,1,0,0
BRDA:95,2,0,0
BRDA:110,3,0,0
BRDA:110,3,1,0
BRDA:110,3,2,0
BRDA:111,4,0,0
BRDA:111,4,1,0
BRDA:111,4,2,0
BRDA:296,5,0,0
BRDA:299,6,0,0
BRDA:303,7,0,0
BRDA:303,7,1,0
BRDA:307,8,0,0
BRDA:307,8,1,0
BRDA:313,9,0,0
BRDA:313,9,1,0
BRDA:317,10,0,0
BRDA:317,10,1,0
BRDA:337,11,0,0
BRDA:337,11,1,0
BRDA:343,12,0,0
BRDA:343,12,1,0
BRDA:374,13,0,0
BRDA:382,14,0,0
BRDA:382,14,1,0
BRDA:383,15,0,0
BRDA:383,15,1,0
BRDA:389,16,0,0
BRDA:389,16,1,0
BRDA:390,17,0,0
BRDA:390,17,1,0
BRF:32
BRH:0
end_of_record
TN:
SF:src\controllers\itemController.ts
FN:11,(anonymous_1)
FNF:1
FNH:0
FNDA:0,(anonymous_1)
DA:2,0
DA:5,0
DA:6,0
DA:7,0
DA:11,0
DA:16,0
DA:17,0
DA:19,0
DA:20,0
DA:21,0
DA:22,0
DA:24,0
DA:28,0
LF:13
LH:0
BRDA:6,0,0,0
BRDA:17,1,0,0
BRDA:17,1,1,0
BRDA:26,2,0,0
BRDA:26,2,1,0
BRF:5
BRH:0
end_of_record
TN:
SF:src\controllers\serverController.ts
FN:23,(anonymous_1)
FN:29,(anonymous_2)
FNF:2
FNH:0
FNDA:0,(anonymous_1)
FNDA:0,(anonymous_2)
DA:2,0
DA:5,0
DA:6,0
DA:7,0
DA:23,0
DA:24,0
DA:25,0
DA:26,0
DA:29,0
DA:30,0
DA:34,0
DA:36,0
DA:37,0
LF:13
LH:0
BRDA:6,0,0,0
BRF:1
BRH:0
end_of_record
TN:
SF:src\controllers\skillController.ts
FN:47,(anonymous_1)
FN:136,(anonymous_2)
FN:161,(anonymous_3)
FNF:3
FNH:0
FNDA:0,(anonymous_1)
FNDA:0,(anonymous_2)
FNDA:0,(anonymous_3)
DA:2,0
DA:4,0
DA:6,0
DA:7,0
DA:8,0
DA:43,0
DA:47,0
DA:48,0
DA:50,0
DA:52,0
DA:57,0
DA:63,0
DA:64,0
DA:67,0
DA:71,0
DA:72,0
DA:74,0
DA:75,0
DA:77,0
DA:78,0
DA:81,0
DA:82,0
DA:83,0
DA:84,0
DA:87,0
DA:92,0
DA:93,0
DA:94,0
DA:104,0
DA:105,0
DA:113,0
DA:121,0
DA:125,0
DA:126,0
DA:133,0
DA:136,0
DA:137,0
DA:139,0
DA:140,0
DA:156,0
DA:161,0
DA:169,0
DA:171,0
DA:172,0
LF:44
LH:0
BRDA:7,0,0,0
BRDA:63,1,0,0
BRDA:82,2,0,0
BRDA:88,3,0,0
BRDA:88,3,1,0
BRDA:89,4,0,0
BRDA:89,4,1,0
BRF:7
BRH:0
end_of_record
TN:
SF:src\controllers\talismanController.ts
FN:52,(anonymous_1)
FN:142,(anonymous_2)
FN:182,(anonymous_3)
FN:190,(anonymous_4)
FNF:4
FNH:0
FNDA:0,(anonymous_1)
FNDA:0,(anonymous_2)
FNDA:0,(anonymous_3)
FNDA:0,(anonymous_4)
DA:2,0
DA:4,0
DA:6,0
DA:7,0
DA:8,0
DA:48,0
DA:52,0
DA:53,0
DA:55,0
DA:57,0
DA:62,0
DA:63,0
DA:64,0
DA:65,0
DA:69,0
DA:70,0
DA:72,0
DA:73,0
DA:75,0
DA:76,0
DA:79,0
DA:80,0
DA:81,0
DA:82,0
DA:85,0
DA:86,0
DA:87,0
DA:89,0
DA:90,0
DA:92,0
DA:93,0
DA:94,0
DA:107,0
DA:108,0
DA:118,0
DA:127,0
DA:131,0
DA:132,0
DA:139,0
DA:142,0
DA:143,0
DA:145,0
DA:147,0
DA:164,0
DA:167,0
DA:178,0
DA:181,0
DA:182,0
DA:189,0
DA:190,0
DA:197,0
DA:199,0
DA:200,0
LF:53
LH:0
BRDA:7,0,0,0
BRDA:63,1,0,0
BRDA:80,2,0,0
BRDA:87,3,0,0
BRDA:90,4,0,0
BRDA:90,4,1,0
BRF:6
BRH:0
end_of_record
TN:
SF:src\models\db.ts
FN:17,(anonymous_0)
FN:21,(anonymous_1)
FN:24,(anonymous_2)
FN:29,(anonymous_3)
FNF:4
FNH:0
FNDA:0,(anonymous_0)
FNDA:0,(anonymous_1)
FNDA:0,(anonymous_2)
FNDA:0,(anonymous_3)
DA:2,0
DA:3,0
DA:6,0
DA:15,0
DA:18,0
DA:19,0
DA:22,0
DA:25,0
DA:29,0
DA:30,0
DA:31,0
DA:32,0
DA:35,0
LF:13
LH:0
BRDA:11,0,0,0
BRDA:11,0,1,0
BRF:2
BRH:0
end_of_record
TN:
SF:src\routes\avatarRoutes.ts
FNF:0
FNH:0
DA:2,0
DA:3,0
DA:5,0
DA:8,0
DA:14,0
DA:19,0
LF:6
LH:0
BRF:0
BRH:0
end_of_record
TN:
SF:src\routes\characterRoutes.ts
FNF:0
FNH:0
DA:2,0
DA:3,0
DA:5,0
DA:8,0
DA:10,0
LF:5
LH:0
BRF:0
BRH:0
end_of_record
TN:
SF:src\routes\creatureRoutes.ts
FNF:0
FNH:0
DA:2,0
DA:3,0
DA:9,0
DA:12,0
DA:18,0
DA:24,0
DA:29,0
LF:7
LH:0
BRF:0
BRH:0
end_of_record
TN:
SF:src\routes\equipmentRoutes.ts
FNF:0
FNH:0
DA:2,0
DA:3,0
DA:9,0
DA:12,0
DA:18,0
DA:24,0
DA:29,0
LF:7
LH:0
BRF:0
BRH:0
end_of_record
TN:
SF:src\routes\itemRoutes.ts
FNF:0
FNH:0
DA:2,0
DA:3,0
DA:5,0
DA:8,0
DA:13,0
LF:5
LH:0
BRF:0
BRH:0
end_of_record
TN:
SF:src\routes\serverRoutes.ts
FNF:0
FNH:0
DA:2,0
DA:3,0
DA:5,0
DA:8,0
DA:10,0
LF:5
LH:0
BRF:0
BRH:0
end_of_record
TN:
SF:src\routes\skillRoutes.ts
FNF:0
FNH:0
DA:2,0
DA:3,0
DA:8,0
DA:11,0
DA:17,0
DA:22,0
LF:6
LH:0
BRF:0
BRH:0
end_of_record
TN:
SF:src\routes\talismanRoutes.ts
FNF:0
FNH:0
DA:2,0
DA:3,0
DA:8,0
DA:11,0
DA:17,0
DA:22,0
LF:6
LH:0
BRF:0
BRH:0
end_of_record
